INFO:     Will watch for changes in these directories: ['/home/cyberdude/Documents/Projects/CA-final/backend']
INFO:     Uvicorn running on http://0.0.0.0:8000 (Press CTRL+C to quit)
INFO:     Started reloader process [840654] using WatchFiles
INFO:     Started server process [840658]
INFO:     Waiting for application startup.
INFO:     Application startup complete.
2026-01-11 03:13:20,417 - audit - INFO - REQUEST: GET /health user=None ip=127.0.0.1
2026-01-11 03:13:20,440 - audit - INFO - RESPONSE: GET /health status=200 user=None duration=0.023s

======================================================================
ðŸ”’ TAX-EASE API V2 - STARTUP VALIDATION
======================================================================

Running startup checks...
----------------------------------------------------------------------
âœ… Required environment variables validated
âœ… JWT_SECRET validated (length: 58 chars)
âœ… Encryption key validated (length: 61 bytes)
âœ… Redis connection validated (localhost:6379)
âœ… Database connection validated
âœ… Storage path validated (/home/cyberdude/Documents/Projects/CA-final/backend/storage/uploads)
âœ… State machines validated
----------------------------------------------------------------------

âœ… All startup checks passed
ðŸš€ Application is ready to start

======================================================================

INFO:     127.0.0.1:51740 - "GET /health HTTP/1.1" 200 OK
2026-01-11 03:13:54,864 - audit - INFO - REQUEST: GET / user=None ip=2409:40d0:24:b19c:20eb:fcaa:7286:37ef
2026-01-11 03:13:54,866 - audit - INFO - RESPONSE: GET / status=200 user=None duration=0.001s
INFO:     2409:40d0:24:b19c:20eb:fcaa:7286:37ef:0 - "GET / HTTP/1.1" 200 OK
2026-01-11 03:14:02,777 - audit - INFO - REQUEST: GET /docs user=None ip=2409:40d0:24:b19c:c408:c613:8f98:8190
2026-01-11 03:14:02,779 - audit - INFO - RESPONSE: GET /docs status=200 user=None duration=0.002s
INFO:     2409:40d0:24:b19c:c408:c613:8f98:8190:0 - "GET /docs HTTP/1.1" 200 OK
2026-01-11 03:14:03,240 - audit - INFO - REQUEST: GET /openapi.json user=None ip=2409:40d0:24:b19c:c408:c613:8f98:8190
2026-01-11 03:14:03,272 - audit - INFO - RESPONSE: GET /openapi.json status=200 user=None duration=0.032s
INFO:     2409:40d0:24:b19c:c408:c613:8f98:8190:0 - "GET /openapi.json HTTP/1.1" 200 OK
2026-01-11WARNING:  WatchFiles detected changes in 'venv/lib64/python3.10/site-packages/passlib/context.py', 'venv/lib64/python3.10/site-packages/passlib/crypto/digest.py', 'venv/lib64/python3.10/site-packages/passlib/handlers/windows.py', 'venv/lib64/python3.10/site-packages/passlib/crypto/scrypt/_salsa.py', 'venv/lib64/python3.10/site-packages/passlib/tests/test_apps.py', 'venv/lib64/python3.10/site-packages/uvloop/_testbase.py', 'venv/lib64/python3.10/site-packages/websockets/sync/utils.py', 'venv/lib64/python3.10/site-packages/websockets/sync/connection.py', 'venv/lib64/python3.10/site-packages/websockets/legacy/exceptions.py', 'venv/lib64/python3.10/site-packages/passlib/tests/test_context.py', 'venv/lib64/python3.10/site-packages/passlib/win32.py', 'venv/lib64/python3.10/site-packages/passlib/handlers/des_crypt.py', 'venv/lib64/python3.10/site-packages/passlib/tests/utils.py', 'venv/lib64/python3.10/site-packages/passlib/utils/compat/__init__.py', 'venv/lib64/python3.10/site-packages/passlib/tests/test_utils_md4.py', 'venv/lib64/python3.10/site-packages/passlib/hosts.py', 'venv/lib64/python3.10/site-packages/passlib/tests/test_crypto_des.py', 'venv/lib64/python3.10/site-packages/passlib/tests/test_pwd.py', 'venv/lib64/python3.10/site-packages/websockets/asyncio/connection.py', 'venv/lib64/python3.10/site-packages/websockets/exceptions.py', 'venv/lib64/python3.10/site-packages/passlib/exc.py', 'venv/lib64/python3.10/site-packages/websockets/asyncio/server.py', 'venv/lib64/python3.10/site-packages/passlib/tests/__main__.py', 'venv/lib64/python3.10/site-packages/passlib/crypto/_md4.py', 'venv/lib64/python3.10/site-packages/passlib/tests/__init__.py', 'venv/lib64/python3.10/site-packages/websockets/sync/router.py', 'venv/lib64/python3.10/site-packages/passlib/handlers/phpass.py', 'venv/lib64/python3.10/site-packages/passlib/tests/test_totp.py', 'venv/lib64/python3.10/site-packages/websockets/uri.py', 'venv/lib64/python3.10/site-packages/websockets/legacy/framing.py', 'venv/lib64/python3.10/site-packages/passlib/ext/django/utils.py', 'venv/lib64/python3.10/site-packages/websockets/datastructures.py', 'venv/lib64/python3.10/site-packages/passlib/crypto/_blowfish/_gen_files.py', 'venv/lib64/python3.10/site-packages/passlib/ifc.py', 'venv/lib64/python3.10/site-packages/websockets/http11.py', 'venv/lib64/python3.10/site-packages/passlib/handlers/ldap_digests.py', 'venv/lib64/python3.10/site-packages/websockets/asyncio/router.py', 'venv/lib64/python3.10/site-packages/passlib/handlers/postgres.py', 'venv/lib64/python3.10/site-packages/passlib/tests/test_utils_pbkdf2.py', 'venv/lib64/python3.10/site-packages/pytz/tzfile.py', 'venv/lib64/python3.10/site-packages/websockets/legacy/client.py', 'venv/lib64/python3.10/site-packages/passlib/crypto/_blowfish/__init__.py', 'venv/lib64/python3.10/site-packages/passlib/handlers/misc.py', 'venv/lib64/python3.10/site-packages/websockets/sync/messages.py', 'venv/lib64/python3.10/site-packages/passlib/registry.py', 'venv/lib64/python3.10/site-packages/websockets/legacy/http.py', 'venv/lib64/python3.10/site-packages/passlib/totp.py', 'venv/lib64/python3.10/site-packages/passlib/ext/django/__init__.py', 'venv/lib64/python3.10/site-packages/passlib/tests/test_crypto_scrypt.py', 'venv/lib64/python3.10/site-packages/passlib/utils/decor.py', 'venv/lib64/python3.10/site-packages/passlib/crypto/__init__.py', 'venv/lib64/python3.10/site-packages/websockets/cli.py', 'venv/lib64/python3.10/site-packages/passlib/handlers/oracle.py', 'venv/lib64/python3.10/site-packages/passlib/handlers/pbkdf2.py', 'venv/lib64/python3.10/site-packages/passlib/apps.py', 'venv/lib64/python3.10/site-packages/passlib/tests/test_ext_django_source.py', 'venv/lib64/python3.10/site-packages/pytz/__init__.py', 'venv/lib64/python3.10/site-packages/websockets/typing.py', 'venv/lib64/python3.10/site-packages/websockets/asyncio/compatibility.py', 'venv/lib64/python3.10/site-packages/websockets/client.py', 'venv/lib64/python3.10/site-packages/passlib/crypto/des.py', 'venv/lib64/python3.10/site-packages/websockets/frames.py', 'venv/lib64/python3.10/site-packages/websockets/asyncio/messages.py', 'venv/lib64/python3.10/site-packages/websockets/http.py', 'venv/lib64/python3.10/site-packages/websockets/proxy.py', 'venv/lib64/python3.10/site-packages/passlib/tests/test_crypto_builtin_md4.py', 'venv/lib64/python3.10/site-packages/passlib/tests/tox_support.py', 'venv/lib64/python3.10/site-packages/passlib/handlers/mssql.py', 'venv/lib64/python3.10/site-packages/passlib/pwd.py', 'venv/lib64/python3.10/site-packages/passlib/utils/handlers.py', 'venv/lib64/python3.10/site-packages/passlib/tests/test_registry.py', 'venv/lib64/python3.10/site-packages/passlib/tests/test_handlers_argon2.py', 'venv/lib64/python3.10/site-packages/passlib/tests/test_crypto_digest.py', 'venv/lib64/python3.10/site-packages/passlib/handlers/django.py', 'venv/lib64/python3.10/site-packages/passlib/utils/pbkdf2.py', 'venv/lib64/python3.10/site-packages/websockets/imports.py', 'venv/lib64/python3.10/site-packages/pytz/tzinfo.py', 'venv/lib64/python3.10/site-packages/passlib/handlers/md5_crypt.py', 'venv/lib64/python3.10/site-packages/passlib/tests/test_hosts.py', 'venv/lib64/python3.10/site-packages/passlib/utils/md4.py', 'venv/lib64/python3.10/site-packages/passlib/handlers/argon2.py', 'venv/lib64/python3.10/site-packages/passlib/handlers/cisco.py', 'venv/lib64/python3.10/site-packages/passlib/utils/binary.py', 'venv/lib64/python3.10/site-packages/pytz/exceptions.py', 'venv/lib64/python3.10/site-packages/websockets/sync/client.py', 'venv/lib64/python3.10/site-packages/websockets/auth.py', 'venv/lib64/python3.10/site-packages/uvloop/_noop.py', 'venv/lib64/python3.10/site-packages/passlib/tests/test_utils.py', 'venv/lib64/python3.10/site-packages/passlib/handlers/scrypt.py', 'venv/lib64/python3.10/site-packages/passlib/tests/test_win32.py', 'venv/lib64/python3.10/site-packages/uvloop/__init__.py', 'venv/lib64/python3.10/site-packages/passlib/crypto/scrypt/_builtin.py', 'venv/lib64/python3.10/site-packages/passlib/handlers/fshp.py', 'venv/lib64/python3.10/site-packages/passlib/tests/_test_bad_register.py', 'venv/lib64/python3.10/site-packages/websockets/extensions/permessage_deflate.py', 'venv/lib64/python3.10/site-packages/websockets/asyncio/async_timeout.py', 'venv/lib64/python3.10/site-packages/websockets/asyncio/client.py', 'venv/lib64/python3.10/site-packages/passlib/tests/test_context_deprecated.py', 'venv/lib64/python3.10/site-packages/passlib/__init__.py', 'venv/lib64/python3.10/site-packages/passlib/ext/django/models.py', 'venv/lib64/python3.10/site-packages/passlib/ext/__init__.py', 'venv/lib64/python3.10/site-packages/websockets/version.py', 'venv/lib64/python3.10/site-packages/passlib/handlers/roundup.py', 'venv/lib64/python3.10/site-packages/uvloop/_version.py', 'venv/lib64/python3.10/site-packages/passlib/handlers/__init__.py', 'venv/lib64/python3.10/site-packages/websockets/sync/server.py', 'venv/lib64/python3.10/site-packages/websockets/extensions/base.py', 'venv/lib64/python3.10/site-packages/passlib/hash.py', 'venv/lib64/python3.10/site-packages/passlib/crypto/scrypt/_gen_files.py', 'venv/lib64/python3.10/site-packages/passlib/tests/backports.py', 'venv/lib64/python3.10/site-packages/passlib/tests/test_handlers_scrypt.py', 'venv/lib64/python3.10/site-packages/passlib/tests/test_handlers.py', 'venv/lib64/python3.10/site-packages/websockets/legacy/server.py', 'venv/lib64/python3.10/site-packages/passlib/tests/test_apache.py', 'venv/lib64/python3.10/site-packages/passlib/handlers/mysql.py', 'venv/lib64/python3.10/site-packages/websockets/streams.py', 'venv/lib64/python3.10/site-packages/passlib/crypto/scrypt/__init__.py', 'venv/lib64/python3.10/site-packages/websockets/legacy/auth.py', 'venv/lib64/python3.10/site-packages/websockets/utils.py', 'venv/lib64/python3.10/site-packages/websockets/legacy/__init__.py', 'venv/lib64/python3.10/site-packages/websockets/connection.py', 'venv/lib64/python3.10/site-packages/passlib/handlers/sha2_crypt.py', 'venv/lib64/python3.10/site-packages/websockets/legacy/protocol.py', 'venv/lib64/python3.10/site-packages/websockets/legacy/handshake.py', 'venv/lib64/python3.10/site-packages/passlib/crypto/_blowfish/unrolled.py', 'venv/lib64/python3.10/site-packages/passlib/handlers/scram.py', 'venv/lib64/python3.10/site-packages/pytz/lazy.py', 'venv/lib64/python3.10/site-packages/websockets/server.py', 'venv/lib64/python3.10/site-packages/passlib/handlers/bcrypt.py', 'venv/lib64/python3.10/site-packages/pytz/reference.py', 'venv/lib64/python3.10/site-packages/passlib/handlers/sha1_crypt.py', 'venv/lib64/python3.10/site-packages/passlib/handlers/digests.py', 'venv/lib64/python3.10/site-packages/websockets/__main__.py', 'venv/lib64/python3.10/site-packages/passlib/utils/__init__.py', 'venv/lib64/python3.10/site-packages/passlib/crypto/_blowfish/base.py', 'venv/lib64/python3.10/site-packages/passlib/handlers/sun_md5_crypt.py', 'venv/lib64/python3.10/site-packages/passlib/tests/test_handlers_cisco.py', 'venv/lib64/python3.10/site-packages/websockets/__init__.py', 'venv/lib64/python3.10/site-packages/passlib/apache.py', 'venv/lib64/python3.10/site-packages/websockets/protocol.py', 'venv/lib64/python3.10/site-packages/passlib/tests/test_utils_handlers.py', 'venv/lib64/python3.10/site-packages/passlib/tests/test_handlers_django.py', 'venv/lib64/python3.10/site-packages/websockets/headers.py', 'venv/lib64/python3.10/site-packages/passlib/tests/test_handlers_bcrypt.py', 'venv/lib64/python3.10/site-packages/passlib/tests/test_handlers_pbkdf2.py', 'venv/lib64/python3.10/site-packages/passlib/utils/des.py', 'venv/lib64/python3.10/site-packages/passlib/tests/test_ext_django.py', 'venv/lib64/python3.10/site-packages/passlib/utils/compat/_ordered_dict.py'. Reloading...
Process SpawnProcess-2:
Traceback (most recent call last):
  File "/usr/lib/python3.10/multiprocessing/process.py", line 314, in _bootstrap
    self.run()
  File "/usr/lib/python3.10/multiprocessing/process.py", line 108, in run
    self._target(*self._args, **self._kwargs)
  File "/home/cyberdude/.local/lib/python3.10/site-packages/uvicorn/_subprocess.py", line 76, in subprocess_started
    target(sockets=sockets)
  File "/home/cyberdude/.local/lib/python3.10/site-packages/uvicorn/server.py", line 61, in run
    return asyncio.run(self.serve(sockets=sockets))
  File "/usr/lib/python3.10/asyncio/runners.py", line 44, in run
    return loop.run_until_complete(main)
  File "uvloop/loop.pyx", line 1518, in uvloop.loop.Loop.run_until_complete
  File "/home/cyberdude/.local/lib/python3.10/site-packages/uvicorn/server.py", line 68, in serve
    config.load()
  File "/home/cyberdude/.local/lib/python3.10/site-packages/uvicorn/config.py", line 467, in load
    self.loaded_app = import_from_string(self.app)
  File "/home/cyberdude/.local/lib/python3.10/site-packages/uvicorn/importer.py", line 24, in import_from_string
    raise exc from None
  File "/home/cyberdude/.local/lib/python3.10/site-packages/uvicorn/importer.py", line 21, in import_from_string
    module = importlib.import_module(module_str)
  File "/usr/lib/python3.10/importlib/__init__.py", line 126, in import_module
    return _bootstrap._gcd_import(name[level:], package, level)
  File "<frozen importlib._bootstrap>", line 1050, in _gcd_import
  File "<frozen importlib._bootstrap>", line 1027, in _find_and_load
  File "<frozen importlib._bootstrap>", line 1006, in _find_and_load_unlocked
  File "<frozen importlib._bootstrap>", line 688, in _load_unlocked
  File "<frozen importlib._bootstrap_external>", line 883, in exec_module
  File "<frozen importlib._bootstrap>", line 241, in _call_with_frames_removed
  File "/home/cyberdude/Documents/Projects/CA-final/backend/app/main.py", line 6, in <module>
    from backend.app.core.startup import run_all_startup_checks
ModuleNotFoundError: No module named 'backend'
WARNING:  WatchFiles detected changes in 'venv/lib64/python3.10/site-packages/yaml/tokens.py', 'venv/lib64/python3.10/site-packages/idna/__init__.py', 'venv/lib64/python3.10/site-packages/structlog/testing.py', 'venv/lib64/python3.10/site-packages/dotenv/cli.py', 'venv/lib64/python3.10/site-packages/pyasn1/codec/cer/encoder.py', 'venv/lib64/python3.10/site-packages/sniffio/__init__.py', 'venv/lib64/python3.10/site-packages/yaml/nodes.py', 'venv/lib64/python3.10/site-packages/packaging/tags.py', 'venv/lib64/python3.10/site-packages/packaging/licenses/_spdx.py', 'venv/lib64/python3.10/site-packages/structlog/threadlocal.py', 'venv/lib64/python3.10/site-packages/multipart/exceptions.py', 'venv/lib64/python3.10/site-packages/pluggy/_version.py', 'venv/lib64/python3.10/site-packages/sniffio/_tests/test_sniffio.py', 'venv/lib64/python3.10/site-packages/urllib3/exceptions.py', 'venv/lib64/python3.10/site-packages/pycparser/ply/cpp.py', 'venv/lib64/python3.10/site-packages/pyasn1/type/tag.py', 'venv/lib64/python3.10/site-packages/pyasn1/codec/cer/decoder.py', 'venv/lib64/python3.10/site-packages/pyasn1/type/constraint.py', 'venv/lib64/python3.10/site-packages/idna/core.py', 'venv/lib64/python3.10/site-packages/jmespath/exceptions.py', 'venv/lib64/python3.10/site-packages/pyasn1/codec/streaming.py', 'venv/lib64/python3.10/site-packages/structlog/exceptions.py', 'venv/lib64/python3.10/site-packages/yaml/parser.py', 'venv/lib64/python3.10/site-packages/urllib3/contrib/_securetransport/low_level.py', 'venv/lib64/python3.10/site-packages/yaml/scanner.py', 'venv/lib64/python3.10/site-packages/pycparser/ply/ygen.py', 'venv/lib64/python3.10/site-packages/pluggy/_result.py', 'venv/lib64/python3.10/site-packages/pycparser/plyparser.py', 'venv/lib64/python3.10/site-packages/packaging/_manylinux.py', 'venv/lib64/python3.10/site-packages/pycparser/c_generator.py', 'venv/lib64/python3.10/site-packages/pyasn1/type/char.py', 'venv/lib64/python3.10/site-packages/yaml/events.py', 'venv/lib64/python3.10/site-packages/jmespath/functions.py', 'venv/lib64/python3.10/site-packages/pycparser/ply/ctokens.py', 'venv/lib64/python3.10/site-packages/pycparser/__init__.py', 'venv/lib64/python3.10/site-packages/multipart/multipart.py', 'venv/lib64/python3.10/site-packages/urllib3/_collections.py', 'venv/lib64/python3.10/site-packages/urllib3/util/ssl_match_hostname.py', 'venv/lib64/python3.10/site-packages/tomli/_parser.py', 'venv/lib64/python3.10/site-packages/urllib3/util/response.py', 'venv/lib64/python3.10/site-packages/psycopg2/pool.py', 'venv/lib64/python3.10/site-packages/structlog/_output.py', 'venv/lib64/python3.10/site-packages/pyasn1/__init__.py', 'venv/lib64/python3.10/site-packages/idna/uts46data.py', 'venv/lib64/python3.10/site-packages/yaml/reader.py', 'venv/lib64/python3.10/site-packages/structlog/dev.py', 'venv/lib64/python3.10/site-packages/tomli/__init__.py', 'venv/lib64/python3.10/site-packages/pyasn1/type/__init__.py', 'venv/lib64/python3.10/site-packages/pyasn1/type/namedtype.py', 'venv/lib64/python3.10/site-packages/pyasn1/codec/ber/eoo.py', 'venv/lib64/python3.10/site-packages/psycopg2/_range.py', 'venv/lib64/python3.10/site-packages/dotenv/parser.py', 'venv/lib64/python3.10/site-packages/structlog/twisted.py', 'venv/lib64/python3.10/site-packages/pycparser/ply/__init__.py', 'venv/lib64/python3.10/site-packages/urllib3/poolmanager.py', 'venv/lib64/python3.10/site-packages/packaging/_structures.py', 'venv/lib64/python3.10/site-packages/urllib3/util/proxy.py', 'venv/lib64/python3.10/site-packages/dotenv/variables.py', 'venv/lib64/python3.10/site-packages/urllib3/util/url.py', 'venv/lib64/python3.10/site-packages/structlog/typing.py', 'venv/lib64/python3.10/site-packages/urllib3/util/timeout.py', 'venv/lib64/python3.10/site-packages/packaging/_tokenizer.py', 'venv/lib64/python3.10/site-packages/structlog/_config.py', 'venv/lib64/python3.10/site-packages/jmespath/compat.py', 'venv/lib64/python3.10/site-packages/dotenv/version.py', 'venv/lib64/python3.10/site-packages/tomli/_types.py', 'venv/lib64/python3.10/site-packages/pyasn1/codec/ber/decoder.py', 'venv/lib64/python3.10/site-packages/pyasn1/codec/der/decoder.py', 'venv/lib64/python3.10/site-packages/yaml/cyaml.py', 'venv/lib64/python3.10/site-packages/urllib3/contrib/socks.py', 'venv/lib64/python3.10/site-packages/pyasn1/codec/native/__init__.py', 'venv/lib64/python3.10/site-packages/pycparser/c_lexer.py', 'venv/lib64/python3.10/site-packages/pyasn1/error.py', 'venv/lib64/python3.10/site-packages/sniffio/_version.py', 'venv/lib64/python3.10/site-packages/pyasn1/type/error.py', 'venv/lib64/python3.10/site-packages/yaml/__init__.py', 'venv/lib64/python3.10/site-packages/pluggy/_hooks.py', 'venv/lib64/python3.10/site-packages/structlog/_greenlets.py', 'venv/lib64/python3.10/site-packages/iniconfig/__init__.py', 'venv/lib64/python3.10/site-packages/pycparser/yacctab.py', 'venv/lib64/python3.10/site-packages/pluggy/_manager.py', 'venv/lib64/python3.10/site-packages/markupsafe/_native.py', 'venv/lib64/python3.10/site-packages/urllib3/connectionpool.py', 'venv/lib64/python3.10/site-packages/structlog/tracebacks.py', 'venv/lib64/python3.10/site-packages/psycopg2/_ipaddress.py', 'venv/lib64/python3.10/site-packages/pyasn1/type/opentype.py', 'venv/lib64/python3.10/site-packages/structlog/processors.py', 'venv/lib64/python3.10/site-packages/urllib3/contrib/pyopenssl.py', 'venv/lib64/python3.10/site-packages/yaml/composer.py', 'venv/lib64/python3.10/site-packages/yaml/dumper.py', 'venv/lib64/python3.10/site-packages/six.py', 'venv/lib64/python3.10/site-packages/packaging/version.py', 'venv/lib64/python3.10/site-packages/urllib3/contrib/_securetransport/bindings.py', 'venv/lib64/python3.10/site-packages/idna/compat.py', 'venv/lib64/python3.10/site-packages/urllib3/util/request.py', 'venv/lib64/python3.10/site-packages/structlog/_generic.py', 'venv/lib64/python3.10/site-packages/pycparser/lextab.py', 'venv/lib64/python3.10/site-packages/packaging/licenses/__init__.py', 'venv/lib64/python3.10/site-packages/psycopg2/errorcodes.py', 'venv/lib64/python3.10/site-packages/dotenv/main.py', 'venv/lib64/python3.10/site-packages/urllib3/util/ssl_.py', 'venv/lib64/python3.10/site-packages/iniconfig/_version.py', 'venv/lib64/python3.10/site-packages/yaml/constructor.py', 'venv/lib64/python3.10/site-packages/jmespath/ast.py', 'venv/lib64/python3.10/site-packages/packaging/metadata.py', 'venv/lib64/python3.10/site-packages/yaml/serializer.py', 'venv/lib64/python3.10/site-packages/yaml/representer.py', 'venv/lib64/python3.10/site-packages/idna/package_data.py', 'venv/lib64/python3.10/site-packages/packaging/requirements.py', 'venv/lib64/python3.10/site-packages/pycparser/ply/lex.py', 'venv/lib64/python3.10/site-packages/jmespath/parser.py', 'venv/lib64/python3.10/site-packages/dotenv/__main__.py', 'venv/lib64/python3.10/site-packages/pyasn1/debug.py', 'venv/lib64/python3.10/site-packages/structlog/types.py', 'venv/lib64/python3.10/site-packages/packaging/specifiers.py', 'venv/lib64/python3.10/site-packages/pluggy/_warnings.py', 'venv/lib64/python3.10/site-packages/dotenv/__init__.py', 'venv/lib64/python3.10/site-packages/iniconfig/_parse.py', 'venv/lib64/python3.10/site-packages/packaging/utils.py', 'venv/lib64/python3.10/site-packages/typing_extensions.py', 'venv/lib64/python3.10/site-packages/yaml/emitter.py', 'venv/lib64/python3.10/site-packages/yaml/error.py', 'venv/lib64/python3.10/site-packages/structlog/_frames.py', 'venv/bin/jp.py', 'venv/lib64/python3.10/site-packages/yaml/resolver.py', 'venv/lib64/python3.10/site-packages/idna/intranges.py', 'venv/lib64/python3.10/site-packages/markupsafe/__init__.py', 'venv/lib64/python3.10/site-packages/pyasn1/codec/ber/encoder.py', 'venv/lib64/python3.10/site-packages/pyasn1/codec/der/encoder.py', 'venv/lib64/python3.10/site-packages/packaging/_parser.py', 'venv/lib64/python3.10/site-packages/pyasn1/codec/cer/__init__.py', 'venv/lib64/python3.10/site-packages/iniconfig/exceptions.py', 'venv/lib64/python3.10/site-packages/jmespath/visitor.py', 'venv/lib64/python3.10/site-packages/urllib3/util/util.py', 'venv/lib64/python3.10/site-packages/pycparser/_build_tables.py', 'venv/lib64/python3.10/site-packages/psycopg2/extensions.py', 'venv/lib64/python3.10/site-packages/idna/codec.py', 'venv/lib64/python3.10/site-packages/structlog/_log_levels.py', 'venv/lib64/python3.10/site-packages/psycopg2/sql.py', 'venv/lib64/python3.10/site-packages/packaging/__init__.py', 'venv/lib64/python3.10/site-packages/urllib3/util/retry.py', 'venv/lib64/python3.10/site-packages/tomli/_re.py', 'venv/lib64/python3.10/site-packages/urllib3/util/ssltransport.py', 'venv/lib64/python3.10/site-packages/packaging/_musllinux.py', 'venv/lib64/python3.10/site-packages/pycparser/c_parser.py', 'venv/lib64/python3.10/site-packages/pycparser/ast_transforms.py', 'venv/lib64/python3.10/site-packages/structlog/_base.py', 'venv/lib64/python3.10/site-packages/pyasn1/type/useful.py', 'venv/lib64/python3.10/site-packages/structlog/_native.py', 'venv/lib64/python3.10/site-packages/pyasn1/type/tagmap.py', 'venv/lib64/python3.10/site-packages/urllib3/fields.py', 'venv/lib64/python3.10/site-packages/urllib3/_base_connection.py', 'venv/lib64/python3.10/site-packages/multipart/decoders.py', 'venv/lib64/python3.10/site-packages/pyasn1/codec/native/encoder.py', 'venv/lib64/python3.10/site-packages/urllib3/connection.py', 'venv/lib64/python3.10/site-packages/urllib3/util/connection.py', 'venv/lib64/python3.10/site-packages/psycopg2/__init__.py', 'venv/lib64/python3.10/site-packages/psycopg2/_json.py', 'venv/lib64/python3.10/site-packages/pyasn1/type/namedval.py', 'venv/lib64/python3.10/site-packages/structlog/_utils.py', 'venv/lib64/python3.10/site-packages/pyasn1/type/univ.py', 'venv/lib64/python3.10/site-packages/jmespath/lexer.py', 'venv/lib64/python3.10/site-packages/psycopg2/errors.py', 'venv/lib64/python3.10/site-packages/structlog/stdlib.py', 'venv/lib64/python3.10/site-packages/pluggy/_callers.py', 'venv/lib64/python3.10/site-packages/urllib3/contrib/securetransport.py', 'venv/lib64/python3.10/site-packages/pycparser/_ast_gen.py', 'venv/lib64/python3.10/site-packages/packaging/markers.py', 'venv/lib64/python3.10/site-packages/pyasn1/codec/__init__.py', 'venv/lib64/python3.10/site-packages/packaging/_elffile.py', 'venv/lib64/python3.10/site-packages/pyasn1/compat/__init__.py', 'venv/lib64/python3.10/site-packages/pyasn1/codec/native/decoder.py', 'venv/lib64/python3.10/site-packages/multipart/__init__.py', 'venv/lib64/python3.10/site-packages/urllib3/__init__.py', 'venv/lib64/python3.10/site-packages/pyasn1/type/base.py', 'venv/lib64/python3.10/site-packages/urllib3/util/__init__.py', 'venv/lib64/python3.10/site-packages/structlog/contextvars.py', 'venv/lib64/python3.10/site-packages/urllib3/util/wait.py', 'venv/lib64/python3.10/site-packages/idna/idnadata.py', 'venv/lib64/python3.10/site-packages/pycparser/ply/yacc.py', 'venv/lib64/python3.10/site-packages/pyasn1/compat/integer.py', 'venv/lib64/python3.10/site-packages/psycopg2/extras.py', 'venv/lib64/python3.10/site-packages/pluggy/_tracing.py', 'venv/lib64/python3.10/site-packages/jmespath/__init__.py', 'venv/lib64/python3.10/site-packages/structlog/__init__.py', 'venv/lib64/python3.10/site-packages/urllib3/response.py', 'venv/lib64/python3.10/site-packages/urllib3/filepost.py', 'venv/lib64/python3.10/site-packages/yaml/loader.py', 'venv/lib64/python3.10/site-packages/dotenv/ipython.py', 'venv/lib64/python3.10/site-packages/psycopg2/tz.py', 'venv/lib64/python3.10/site-packages/sniffio/_impl.py', 'venv/lib64/python3.10/site-packages/urllib3/_request_methods.py', 'venv/lib64/python3.10/site-packages/pycparser/c_ast.py', 'venv/lib64/python3.10/site-packages/urllib3/_version.py', 'venv/lib64/python3.10/site-packages/pluggy/__init__.py', 'venv/lib64/python3.10/site-packages/pyasn1/codec/ber/__init__.py', 'venv/lib64/python3.10/site-packages/pyasn1/codec/der/__init__.py', 'venv/lib64/python3.10/site-packages/_yaml/__init__.py'. Reloading...
Process SpawnProcess-3:
Traceback (most recent call last):
  File "/usr/lib/python3.10/multiprocessing/process.py", line 314, in _bootstrap
    self.run()
  File "/usr/lib/python3.10/multiprocessing/process.py", line 108, in run
    self._target(*self._args, **self._kwargs)
  File "/home/cyberdude/.local/lib/python3.10/site-packages/uvicorn/_subprocess.py", line 76, in subprocess_started
    target(sockets=sockets)
  File "/home/cyberdude/.local/lib/python3.10/site-packages/uvicorn/server.py", line 61, in run
    return asyncio.run(self.serve(sockets=sockets))
  File "/usr/lib/python3.10/asyncio/runners.py", line 44, in run
    return loop.run_until_complete(main)
  File "uvloop/loop.pyx", line 1518, in uvloop.loop.Loop.run_until_complete
  File "/home/cyberdude/.local/lib/python3.10/site-packages/uvicorn/server.py", line 68, in serve
    config.load()
  File "/home/cyberdude/.local/lib/python3.10/site-packages/uvicorn/config.py", line 467, in load
    self.loaded_app = import_from_string(self.app)
  File "/home/cyberdude/.local/lib/python3.10/site-packages/uvicorn/importer.py", line 24, in import_from_string
    raise exc from None
  File "/home/cyberdude/.local/lib/python3.10/site-packages/uvicorn/importer.py", line 21, in import_from_string
    module = importlib.import_module(module_str)
  File "/usr/lib/python3.10/importlib/__init__.py", line 126, in import_module
    return _bootstrap._gcd_import(name[level:], package, level)
  File "<frozen importlib._bootstrap>", line 1050, in _gcd_import
  File "<frozen importlib._bootstrap>", line 1027, in _find_and_load
  File "<frozen importlib._bootstrap>", line 1006, in _find_and_load_unlocked
  File "<frozen importlib._bootstrap>", line 688, in _load_unlocked
  File "<frozen importlib._bootstrap_external>", line 883, in exec_module
  File "<frozen importlib._bootstrap>", line 241, in _call_with_frames_removed
  File "/home/cyberdude/Documents/Projects/CA-final/backend/app/main.py", line 6, in <module>
    from backend.app.core.startup import run_all_startup_checks
ModuleNotFoundError: No module named 'backend'
WARNING:  WatchFiles detected changes in 'venv/lib64/python3.10/site-packages/dns/dnssec.py', 'venv/lib64/python3.10/site-packages/hiredis/__init__.py', 'venv/lib64/python3.10/site-packages/uvicorn/workers.py', 'venv/lib64/python3.10/site-packages/sqlalchemy/dialects/mssql/__init__.py', 'venv/lib64/python3.10/site-packages/h11/_readers.py', 'venv/lib64/python3.10/site-packages/dns/quic/_asyncio.py', 'venv/lib64/python3.10/site-packages/sqlalchemy/engine/strategies.py', 'venv/lib64/python3.10/site-packages/sqlalchemy/dialects/postgresql/psycopg2.py', 'venv/lib64/python3.10/site-packages/uvicorn/protocols/http/auto.py', 'venv/lib64/python3.10/site-packages/dns/rdtypes/IN/NSAP.py', 'venv/lib64/python3.10/site-packages/sqlalchemy/dialects/postgresql/operators.py', 'venv/lib64/python3.10/site-packages/sqlalchemy/orm/descriptor_props.py', 'venv/lib64/python3.10/site-packages/sqlalchemy/dialects/oracle/cx_oracle.py', 'venv/lib64/python3.10/site-packages/dns/rdata.py', 'venv/lib64/python3.10/site-packages/dns/entropy.py', 'venv/lib64/python3.10/site-packages/dns/rdtypes/ANY/TSIG.py', 'venv/lib64/python3.10/site-packages/click/_winconsole.py', 'venv/lib64/python3.10/site-packages/sqlalchemy/sql/naming.py', 'venv/lib64/python3.10/site-packages/click/shell_completion.py', 'venv/lib64/python3.10/site-packages/greenlet/__init__.py', 'venv/lib64/python3.10/site-packages/uvicorn/middleware/wsgi.py', 'venv/lib64/python3.10/site-packages/dns/win32util.py', 'venv/lib64/python3.10/site-packages/sqlalchemy/sql/visitors.py', 'venv/lib64/python3.10/site-packages/sqlalchemy/testing/suite/test_sequence.py', 'venv/lib64/python3.10/site-packages/uvicorn/loops/auto.py', 'venv/lib64/python3.10/site-packages/dns/rdtypes/ANY/NSEC3PARAM.py', 'venv/lib64/python3.10/site-packages/sqlalchemy/testing/plugin/bootstrap.py', 'venv/lib64/python3.10/site-packages/dns/message.py', 'venv/lib64/python3.10/site-packages/sqlalchemy/ext/__init__.py', 'venv/lib64/python3.10/site-packages/sqlalchemy/orm/collections.py', 'venv/lib64/python3.10/site-packages/sqlalchemy/orm/bulk_persistence.py', 'venv/lib64/python3.10/site-packages/dns/rdtypes/ANY/CDNSKEY.py', 'venv/lib64/python3.10/site-packages/dns/rdtypes/ANY/SPF.py', 'venv/lib64/python3.10/site-packages/sqlalchemy/pool/base.py', 'venv/lib64/python3.10/site-packages/dns/rdtypes/ANY/SOA.py', 'venv/lib64/python3.10/site-packages/dns/edns.py', 'venv/lib64/python3.10/site-packages/dns/exception.py', 'venv/lib64/python3.10/site-packages/dns/grange.py', 'venv/lib64/python3.10/site-packages/sqlalchemy/dialects/postgresql/dml.py', 'venv/lib64/python3.10/site-packages/greenlet/tests/test_contextvars.py', 'venv/lib64/python3.10/site-packages/greenlet/tests/fail_switch_three_greenlets.py', 'venv/lib64/python3.10/site-packages/dns/quic/_sync.py', 'venv/lib64/python3.10/site-packages/sqlalchemy/engine/util.py', 'venv/lib64/python3.10/site-packages/dns/rdtypes/ANY/LOC.py', 'venv/lib64/python3.10/site-packages/sqlalchemy/orm/persistence.py', 'venv/lib64/python3.10/site-packages/sqlalchemy/pool/events.py', 'venv/lib64/python3.10/site-packages/sqlalchemy/testing/suite/test_update_delete.py', 'venv/lib64/python3.10/site-packages/sqlalchemy/events.py', 'venv/lib64/python3.10/site-packages/dns/tsigkeyring.py', 'venv/lib64/python3.10/site-packages/greenlet/tests/__init__.py', 'venv/lib64/python3.10/site-packages/sqlalchemy/ext/associationproxy.py', 'venv/lib64/python3.10/site-packages/sqlalchemy/util/queue.py', 'venv/lib64/python3.10/site-packages/sqlalchemy/util/typing.py', 'venv/lib64/python3.10/site-packages/h11/_writers.py', 'venv/lib64/python3.10/site-packages/sqlalchemy/dialects/oracle/types.py', 'venv/lib64/python3.10/site-packages/sqlalchemy/dialects/mysql/provision.py', 'venv/lib64/python3.10/site-packages/dns/asyncresolver.py', 'venv/lib64/python3.10/site-packages/click/testing.py', 'venv/lib64/python3.10/site-packages/sqlalchemy/dialects/mysql/base.py', 'venv/lib64/python3.10/site-packages/dns/zone.py', 'venv/lib64/python3.10/site-packages/greenlet/tests/test_weakref.py', 'venv/lib64/python3.10/site-packages/dns/rdtypes/IN/HTTPS.py', 'venv/lib64/python3.10/site-packages/sqlalchemy/ext/asyncio/session.py', 'venv/lib64/python3.10/site-packages/sqlalchemy/ext/orderinglist.py', 'venv/lib64/python3.10/site-packages/certifi/__main__.py', 'venv/lib64/python3.10/site-packages/sqlalchemy/sql/annotation.py', 'venv/lib64/python3.10/site-packages/dns/rdtypes/ANY/DS.py', 'venv/lib64/python3.10/site-packages/sqlalchemy/dialects/postgresql/provision.py', 'venv/lib64/python3.10/site-packages/certifi/__init__.py', 'venv/lib64/python3.10/site-packages/sqlalchemy/testing/schema.py', 'venv/lib64/python3.10/site-packages/sqlalchemy/orm/properties.py', 'venv/lib64/python3.10/site-packages/click/_termui_impl.py', 'venv/lib64/python3.10/site-packages/sqlalchemy/ext/hybrid.py', 'venv/lib64/python3.10/site-packages/sqlalchemy/sql/coercions.py', 'venv/lib64/python3.10/site-packages/sqlalchemy/dialects/mssql/pymssql.py', 'venv/lib64/python3.10/site-packages/dns/quic/_trio.py', 'venv/lib64/python3.10/site-packages/sqlalchemy/engine/interfaces.py', 'venv/lib64/python3.10/site-packages/sqlalchemy/pool/__init__.py', 'venv/lib64/python3.10/site-packages/dns/rdtypes/ANY/TKEY.py', 'venv/lib64/python3.10/site-packages/sqlalchemy/__init__.py', 'venv/lib64/python3.10/site-packages/sqlalchemy/dialects/postgresql/hstore.py', 'venv/lib64/python3.10/site-packages/dns/resolver.py', 'venv/lib64/python3.10/site-packages/sqlalchemy/sql/cache_key.py', 'venv/lib64/python3.10/site-packages/dns/rdtypes/ANY/X25.py', 'venv/lib64/python3.10/site-packages/sqlalchemy/testing/fixtures/base.py', 'venv/lib64/python3.10/site-packages/dns/rdtypes/__init__.py', 'venv/lib64/python3.10/site-packages/dns/rdtypes/IN/SRV.py', 'venv/lib64/python3.10/site-packages/sqlalchemy/ext/mypy/apply.py', 'venv/lib64/python3.10/site-packages/uvicorn/protocols/http/flow_control.py', 'venv/lib64/python3.10/site-packages/sqlalchemy/testing/plugin/__init__.py', 'venv/lib64/python3.10/site-packages/sqlalchemy/testing/assertsql.py', 'venv/lib64/python3.10/site-packages/sqlalchemy/ext/mypy/util.py', 'venv/lib64/python3.10/site-packages/sqlalchemy/dialects/postgresql/_psycopg_common.py', 'venv/lib64/python3.10/site-packages/dns/zonefile.py', 'venv/lib64/python3.10/site-packages/dns/_tls_util.py', 'venv/lib64/python3.10/site-packages/sqlalchemy/dialects/mysql/pymysql.py', 'venv/lib64/python3.10/site-packages/sqlalchemy/util/compat.py', 'venv/lib64/python3.10/site-packages/sqlalchemy/orm/_typing.py', 'venv/lib64/python3.10/site-packages/sqlalchemy/sql/dml.py', 'venv/lib64/python3.10/site-packages/uvicorn/protocols/__init__.py', 'venv/lib64/python3.10/site-packages/sqlalchemy/dialects/mysql/json.py', 'venv/lib64/python3.10/site-packages/dns/rdtypes/ANY/MX.py', 'venv/lib64/python3.10/site-packages/dns/rdtypes/ANY/OPENPGPKEY.py', 'venv/lib64/python3.10/site-packages/dns/rdtypes/IN/PX.py', 'venv/lib64/python3.10/site-packages/greenlet/tests/test_throw.py', 'venv/lib64/python3.10/site-packages/sqlalchemy/orm/base.py', 'venv/lib64/python3.10/site-packages/dns/tsig.py', 'venv/lib64/python3.10/site-packages/dns/rdtypes/ANY/WALLET.py', 'venv/lib64/python3.10/site-packages/sqlalchemy/dialects/postgresql/json.py', 'venv/lib64/python3.10/site-packages/sqlalchemy/dialects/mssql/provision.py', 'venv/lib64/python3.10/site-packages/sqlalchemy/dialects/mssql/base.py', 'venv/lib64/python3.10/site-packages/sqlalchemy/sql/expression.py', 'venv/lib64/python3.10/site-packages/sqlalchemy/dialects/mysql/__init__.py', 'venv/lib64/python3.10/site-packages/greenlet/tests/leakcheck.py', 'venv/lib64/python3.10/site-packages/sqlalchemy/testing/requirements.py', 'venv/lib64/python3.10/site-packages/sqlalchemy/testing/suite/test_unicode_ddl.py', 'venv/lib64/python3.10/site-packages/sqlalchemy/orm/instrumentation.py', 'venv/lib64/python3.10/site-packages/annotated_types/test_cases.py', 'venv/lib64/python3.10/site-packages/uvicorn/__main__.py', 'venv/lib64/python3.10/site-packages/sqlalchemy/util/deprecations.py', 'venv/lib64/python3.10/site-packages/uvicorn/supervisors/watchgodreload.py', 'venv/lib64/python3.10/site-packages/dns/dnssecalgs/eddsa.py', 'venv/lib64/python3.10/site-packages/uvicorn/__init__.py', 'venv/lib64/python3.10/site-packages/sqlalchemy/engine/events.py', 'venv/lib64/python3.10/site-packages/dns/rdtypes/ANY/LP.py', 'venv/lib64/python3.10/site-packages/dns/flags.py', 'venv/lib64/python3.10/site-packages/dns/btreezone.py', 'venv/lib64/python3.10/site-packages/dns/dnssecalgs/rsa.py', 'venv/lib64/python3.10/site-packages/greenlet/tests/test_stack_saved.py', 'venv/lib64/python3.10/site-packages/sqlalchemy/ext/automap.py', 'venv/lib64/python3.10/site-packages/sqlalchemy/sql/ddl.py', 'venv/lib64/python3.10/site-packages/h11/_util.py', 'venv/lib64/python3.10/site-packages/sqlalchemy/ext/declarative/__init__.py', 'venv/lib64/python3.10/site-packages/sqlalchemy/orm/dependency.py', 'venv/lib64/python3.10/site-packages/uvicorn/middleware/proxy_headers.py', 'venv/lib64/python3.10/site-packages/aiofiles/os.py', 'venv/lib64/python3.10/site-packages/sqlalchemy/dialects/__init__.py', 'venv/lib64/python3.10/site-packages/dns/ipv6.py', 'venv/lib64/python3.10/site-packages/sqlalchemy/dialects/mysql/enumerated.py', 'venv/lib64/python3.10/site-packages/dns/zonetypes.py', 'venv/lib64/python3.10/site-packages/dns/immutable.py', 'venv/lib64/python3.10/site-packages/sqlalchemy/sql/functions.py', 'venv/lib64/python3.10/site-packages/dns/rdtypes/IN/A.py', 'venv/lib64/python3.10/site-packages/sqlalchemy/dialects/oracle/oracledb.py', 'venv/lib64/python3.10/site-packages/sqlalchemy/dialects/postgresql/psycopg2cffi.py', 'venv/lib64/python3.10/site-packages/sqlalchemy/ext/instrumentation.py', 'venv/lib64/python3.10/site-packages/annotated_types/__init__.py', 'venv/lib64/python3.10/site-packages/sqlalchemy/ext/horizontal_shard.py', 'venv/lib64/python3.10/site-packages/uvicorn/protocols/http/httptools_impl.py', 'venv/lib64/python3.10/site-packages/sqlalchemy/dialects/mssql/json.py', 'venv/lib64/python3.10/site-packages/sqlalchemy/dialects/oracle/dictionary.py', 'venv/lib64/python3.10/site-packages/dns/rdataset.py', 'venv/lib64/python3.10/site-packages/dns/rdtypes/ANY/RP.py', 'venv/lib64/python3.10/site-packages/click/decorators.py', 'venv/lib64/python3.10/site-packages/dns/name.py', 'venv/lib64/python3.10/site-packages/sqlalchemy/engine/__init__.py', 'venv/lib64/python3.10/site-packages/dns/rdtypes/ANY/L64.py', 'venv/lib64/python3.10/site-packages/dns/rdtypes/ANY/DNAME.py', 'venv/lib64/python3.10/site-packages/greenlet/tests/fail_slp_switch.py', 'venv/lib64/python3.10/site-packages/click/_utils.py', 'venv/lib64/python3.10/site-packages/h11/_version.py', 'venv/lib64/python3.10/site-packages/sqlalchemy/dialects/postgresql/psycopg.py', 'venv/lib64/python3.10/site-packages/h11/_state.py', 'venv/lib64/python3.10/site-packages/uvicorn/lifespan/on.py', 'venv/lib64/python3.10/site-packages/sqlalchemy/testing/suite/test_reflection.py', 'venv/lib64/python3.10/site-packages/uvicorn/middleware/message_logger.py', 'venv/lib64/python3.10/site-packages/sqlalchemy/testing/asyncio.py', 'venv/lib64/python3.10/site-packages/greenlet/tests/fail_switch_two_greenlets.py', 'venv/lib64/python3.10/site-packages/dns/node.py', 'venv/lib64/python3.10/site-packages/sqlalchemy/testing/exclusions.py', 'venv/lib64/python3.10/site-packages/sqlalchemy/dialects/postgresql/types.py', 'venv/lib64/python3.10/site-packages/uvicorn/_subprocess.py', 'venv/lib64/python3.10/site-packages/h11/_headers.py', 'venv/lib64/python3.10/site-packages/dns/rdtypes/ANY/EUI64.py', 'venv/lib64/python3.10/site-packages/sqlalchemy/sql/compiler.py', 'venv/lib64/python3.10/site-packages/sqlalchemy/ext/indexable.py', 'venv/lib64/python3.10/site-packages/uvicorn/importer.py', 'venv/lib64/python3.10/site-packages/sqlalchemy/orm/exc.py', 'venv/lib64/python3.10/site-packages/dns/rdtypes/ANY/AVC.py', 'venv/lib64/python3.10/site-packages/dns/_asyncbackend.py', 'venv/lib64/python3.10/site-packages/uvicorn/_types.py', 'venv/lib64/python3.10/site-packages/sqlalchemy/util/_concurrency_py3k.py', 'venv/lib64/python3.10/site-packages/dns/rdtypes/ANY/CSYNC.py', 'venv/lib64/python3.10/site-packages/sqlalchemy/engine/characteristics.py', 'venv/lib64/python3.10/site-packages/sqlalchemy/orm/sync.py', 'venv/lib64/python3.10/site-packages/sqlalchemy/dialects/mysql/reflection.py', 'venv/lib64/python3.10/site-packages/dns/rdtypes/ANY/PTR.py', 'venv/lib64/python3.10/site-packages/sqlalchemy/engine/mock.py', 'venv/lib64/python3.10/site-packages/sqlalchemy/schema.py', 'venv/lib64/python3.10/site-packages/sqlalchemy/event/attr.py', 'venv/lib64/python3.10/site-packages/sqlalchemy/testing/fixtures/mypy.py', 'venv/lib64/python3.10/site-packages/sqlalchemy/testing/suite/test_results.py', 'venv/lib64/python3.10/site-packages/dns/enum.py', 'venv/lib64/python3.10/site-packages/dns/rdtypes/ANY/URI.py', 'venv/lib64/python3.10/site-packages/sqlalchemy/dialects/mysql/dml.py', 'venv/lib64/python3.10/site-packages/dns/rdtypes/ANY/NSEC3.py', 'venv/lib64/python3.10/site-packages/dns/rdtypes/IN/APL.py', 'venv/lib64/python3.10/site-packages/greenlet/tests/fail_clearing_run_switches.py', 'venv/lib64/python3.10/site-packages/sqlalchemy/testing/util.py', 'venv/lib64/python3.10/site-packages/dns/rdtypes/IN/SVCB.py', 'venv/lib64/python3.10/site-packages/uvicorn/protocols/http/__init__.py', 'venv/lib64/python3.10/site-packages/greenlet/tests/test_tracing.py', 'venv/lib64/python3.10/site-packages/uvicorn/supervisors/basereload.py', 'venv/lib64/python3.10/site-packages/sqlalchemy/testing/config.py', 'venv/lib64/python3.10/site-packages/sqlalchemy/ext/mypy/__init__.py', 'venv/lib64/python3.10/site-packages/greenlet/tests/test_generator_nested.py', 'venv/lib64/python3.10/site-packages/sqlalchemy/util/concurrency.py', 'venv/lib64/python3.10/site-packages/sqlalchemy/ext/mypy/decl_class.py', 'venv/lib64/python3.10/site-packages/sqlalchemy/ext/asyncio/base.py', 'venv/lib64/python3.10/site-packages/uvicorn/protocols/websockets/auto.py', 'venv/lib64/python3.10/site-packages/dns/rdtypes/ANY/CNAME.py', 'venv/lib64/python3.10/site-packages/h11/_events.py', 'venv/lib64/python3.10/site-packages/sqlalchemy/engine/_py_util.py', 'venv/lib64/python3.10/site-packages/sqlalchemy/testing/fixtures/sql.py', 'venv/lib64/python3.10/site-packages/dns/_ddr.py', 'venv/lib64/python3.10/site-packages/click/__init__.py', 'venv/lib64/python3.10/site-packages/uvicorn/loops/__init__.py', 'venv/lib64/python3.10/site-packages/uvicorn/protocols/utils.py', 'venv/lib64/python3.10/site-packages/async_timeout/__init__.py', 'venv/lib64/python3.10/site-packages/dns/rdtypes/ANY/NID.py', 'venv/lib64/python3.10/site-packages/sqlalchemy/dialects/mysql/asyncmy.py', 'venv/lib64/python3.10/site-packages/sqlalchemy/connectors/__init__.py', 'venv/lib64/python3.10/site-packages/sqlalchemy/dialects/postgresql/asyncpg.py', 'venv/lib64/python3.10/site-packages/sqlalchemy/testing/engines.py', 'venv/lib64/python3.10/site-packages/aiofiles/tempfile/__init__.py', 'venv/lib64/python3.10/site-packages/sqlalchemy/sql/_elements_constructors.py', 'venv/lib64/python3.10/site-packages/sqlalchemy/cyextension/__init__.py', 'venv/lib64/python3.10/site-packages/dns/asyncquery.py', 'venv/lib64/python3.10/site-packages/dns/rrset.py', 'venv/lib64/python3.10/site-packages/sqlalchemy/engine/processors.py', 'venv/lib64/python3.10/site-packages/dns/rdtypes/ANY/EUI48.py', 'venv/lib64/python3.10/site-packages/sqlalchemy/orm/_orm_constructors.py', 'venv/lib64/python3.10/site-packages/sqlalchemy/pool/impl.py', 'venv/lib64/python3.10/site-packages/dns/rdtypes/ANY/__init__.py', 'venv/lib64/python3.10/site-packages/sqlalchemy/util/_py_collections.py', 'venv/lib64/python3.10/site-packages/dns/rdtypes/IN/DHCID.py', 'venv/lib64/python3.10/site-packages/aiofiles/threadpool/__init__.py', 'venv/lib64/python3.10/site-packages/dns/rdtypes/ANY/ZONEMD.py', 'venv/lib64/python3.10/site-packages/uvicorn/server.py', 'venv/lib64/python3.10/site-packages/sqlalchemy/dialects/sqlite/__init__.py', 'venv/lib64/python3.10/site-packages/h11/_connection.py', 'venv/lib64/python3.10/site-packages/sqlalchemy/sql/selectable.py', 'venv/lib64/python3.10/site-packages/sqlalchemy/dialects/_typing.py', 'venv/lib64/python3.10/site-packages/sqlalchemy/ext/declarative/extensions.py', 'venv/lib64/python3.10/site-packages/dns/rdtypes/ANY/CAA.py', 'venv/lib64/python3.10/site-packages/sqlalchemy/engine/_py_row.py', 'venv/lib64/python3.10/site-packages/dns/quic/_common.py', 'venv/lib64/python3.10/site-packages/dns/rdtypes/IN/AAAA.py', 'venv/lib64/python3.10/site-packages/sqlalchemy/sql/util.py', 'venv/lib64/python3.10/site-packages/httptools/parser/protocol.py', 'venv/lib64/python3.10/site-packages/sqlalchemy/sql/crud.py', 'venv/lib64/python3.10/site-packages/sqlalchemy/dialects/postgresql/pg_catalog.py', 'venv/lib64/python3.10/site-packages/click/_textwrap.py', 'venv/lib64/python3.10/site-packages/sqlalchemy/orm/writeonly.py', 'venv/lib64/python3.10/site-packages/uvicorn/middleware/__init__.py', 'venv/lib64/python3.10/site-packages/sqlalchemy/ext/asyncio/__init__.py', 'venv/lib64/python3.10/site-packages/sqlalchemy/event/registry.py', 'venv/lib64/python3.10/site-packages/sqlalchemy/orm/state_changes.py', 'venv/lib64/python3.10/site-packages/sqlalchemy/engine/url.py', 'venv/lib64/python3.10/site-packages/dns/wire.py', 'venv/lib64/python3.10/site-packages/dns/rdtypes/ANY/RT.py', 'venv/lib64/python3.10/site-packages/bcrypt/__init__.py', 'venv/lib64/python3.10/site-packages/sqlalchemy/orm/decl_api.py', 'venv/lib64/python3.10/site-packages/aiofiles/__init__.py', 'venv/lib64/python3.10/site-packages/sqlalchemy/future/__init__.py', 'venv/lib64/python3.10/site-packages/dns/update.py', 'venv/lib64/python3.10/site-packages/sqlalchemy/exc.py', 'venv/lib64/python3.10/site-packages/dns/rdtypes/CH/__init__.py', 'venv/lib64/python3.10/site-packages/sqlalchemy/util/_has_cy.py', 'venv/lib64/python3.10/site-packages/sqlalchemy/testing/suite/test_cte.py', 'venv/lib64/python3.10/site-packages/dns/reversename.py', 'venv/lib64/python3.10/site-packages/dns/dnssecalgs/base.py', 'venv/lib64/python3.10/site-packages/sqlalchemy/sql/_orm_types.py', 'venv/lib64/python3.10/site-packages/sqlalchemy/dialects/mysql/mariadb.py', 'venv/lib64/python3.10/site-packages/sqlalchemy/engine/base.py', 'venv/lib64/python3.10/site-packages/dns/query.py', 'venv/lib64/python3.10/site-packages/sqlalchemy/ext/asyncio/exc.py', 'venv/lib64/python3.10/site-packages/h11/__init__.py', 'venv/lib64/python3.10/site-packages/sqlalchemy/sql/elements.py', 'venv/lib64/python3.10/site-packages/sqlalchemy/orm/mapped_collection.py', 'venv/lib64/python3.10/site-packages/sqlalchemy/dialects/postgresql/array.py', 'venv/lib64/python3.10/site-packages/sqlalchemy/orm/scoping.py', 'venv/lib64/python3.10/site-packages/uvicorn/supervisors/watchfilesreload.py', 'venv/lib64/python3.10/site-packages/sqlalchemy/util/topological.py', 'venv/lib64/python3.10/site-packages/sqlalchemy/dialects/sqlite/pysqlite.py', 'venv/lib64/python3.10/site-packages/sqlalchemy/testing/plugin/pytestplugin.py', 'venv/lib64/python3.10/site-packages/sqlalchemy/testing/suite/test_ddl.py', 'venv/lib64/python3.10/site-packages/greenlet/tests/test_generator.py', 'venv/lib64/python3.10/site-packages/sqlalchemy/ext/mutable.py', 'venv/lib64/python3.10/site-packages/sqlalchemy/dialects/mysql/mysqlconnector.py', 'venv/lib64/python3.10/site-packages/sqlalchemy/util/__init__.py', 'venv/lib64/python3.10/site-packages/sqlalchemy/types.py', 'venv/lib64/python3.10/site-packages/dns/rdtypes/ANY/DSYNC.py', 'venv/lib64/python3.10/site-packages/aiofiles/tempfile/temptypes.py', 'venv/lib64/python3.10/site-packages/greenlet/tests/test_version.py', 'venv/lib64/python3.10/site-packages/dns/rdtypes/ANY/TXT.py', 'venv/lib64/python3.10/site-packages/sqlalchemy/orm/clsregistry.py', 'venv/lib64/python3.10/site-packages/sqlalchemy/ext/mypy/plugin.py', 'venv/lib64/python3.10/site-packages/dns/dnssecalgs/ecdsa.py', 'venv/lib64/python3.10/site-packages/sqlalchemy/dialects/oracle/provision.py', 'venv/lib64/python3.10/site-packages/sqlalchemy/dialects/oracle/base.py', 'venv/lib64/python3.10/site-packages/dns/dnssecalgs/dsa.py', 'venv/lib64/python3.10/site-packages/sqlalchemy/event/__init__.py', 'venv/lib64/python3.10/site-packages/aiofiles/threadpool/text.py', 'venv/lib64/python3.10/site-packages/sqlalchemy/ext/asyncio/result.py', 'venv/lib64/python3.10/site-packages/dns/__init__.py', 'venv/lib64/python3.10/site-packages/sqlalchemy/testing/suite/test_dialect.py', 'venv/lib64/python3.10/site-packages/sqlalchemy/ext/mypy/names.py', 'venv/lib64/python3.10/site-packages/uvicorn/protocols/websockets/wsproto_impl.py', 'venv/lib64/python3.10/site-packages/greenlet/tests/test_extension_interface.py', 'venv/lib64/python3.10/site-packages/uvicorn/supervisors/statreload.py', 'venv/lib64/python3.10/site-packages/sqlalchemy/orm/unitofwork.py', 'venv/lib64/python3.10/site-packages/dns/rdtypes/util.py', 'venv/lib64/python3.10/site-packages/sqlalchemy/engine/_py_processors.py', 'venv/lib64/python3.10/site-packages/dns/rdtypes/tlsabase.py', 'venv/lib64/python3.10/site-packages/dns/rdtypes/ANY/AMTRELAY.py', 'venv/lib64/python3.10/site-packages/sqlalchemy/dialects/mysql/aiomysql.py', 'venv/lib64/python3.10/site-packages/dns/renderer.py', 'venv/lib64/python3.10/site-packages/sqlalchemy/util/tool_support.py', 'venv/lib64/python3.10/site-packages/uvicorn/supervisors/multiprocess.py', 'venv/lib64/python3.10/site-packages/h11/_abnf.py', 'venv/lib64/python3.10/site-packages/sqlalchemy/testing/plugin/plugin_base.py', 'venv/lib64/python3.10/site-packages/dns/rdtypes/mxbase.py', 'venv/lib64/python3.10/site-packages/dns/dnssecalgs/__init__.py', 'venv/lib64/python3.10/site-packages/dns/version.py', 'venv/lib64/python3.10/site-packages/sqlalchemy/orm/identity.py', 'venv/lib64/python3.10/site-packages/sqlalchemy/dialects/postgresql/pg8000.py', 'venv/lib64/python3.10/site-packages/sqlalchemy/dialects/mysql/pyodbc.py', 'venv/lib64/python3.10/site-packages/dns/tokenizer.py', 'venv/lib64/python3.10/site-packages/dns/rdtypes/ANY/NINFO.py', 'venv/lib64/python3.10/site-packages/sqlalchemy/sql/_dml_constructors.py', 'venv/lib64/python3.10/site-packages/sqlalchemy/dialects/mysql/types.py', 'venv/lib64/python3.10/site-packages/click/utils.py', 'venv/lib64/python3.10/site-packages/click/exceptions.py', 'venv/lib64/python3.10/site-packages/dns/rdtypes/dnskeybase.py', 'venv/lib64/python3.10/site-packages/sqlalchemy/sql/events.py', 'venv/lib64/python3.10/site-packages/dns/rdtypes/ANY/TLSA.py', 'venv/lib64/python3.10/site-packages/dns/rdtypes/ANY/AFSDB.py', 'venv/lib64/python3.10/site-packages/dns/rdtypes/txtbase.py', 'venv/lib64/python3.10/site-packages/greenlet/tests/test_cpp.py', 'venv/lib64/python3.10/site-packages/sqlalchemy/engine/default.py', 'venv/lib64/python3.10/site-packages/aiofiles/ospath.py', 'venv/lib64/python3.10/site-packages/dns/_no_ssl.py', 'venv/lib64/python3.10/site-packages/sqlalchemy/sql/roles.py', 'venv/lib64/python3.10/site-packages/sqlalchemy/orm/state.py', 'venv/lib64/python3.10/site-packages/uvicorn/protocols/websockets/websockets_impl.py', 'venv/lib64/python3.10/site-packages/sqlalchemy/orm/strategy_options.py', 'venv/lib64/python3.10/site-packages/sqlalchemy/ext/compiler.py', 'venv/lib64/python3.10/site-packages/uvicorn/middleware/asgi2.py', 'venv/lib64/python3.10/site-packages/dns/ttl.py', 'venv/lib64/python3.10/site-packages/sqlalchemy/orm/strategies.py', 'venv/lib64/python3.10/site-packages/dns/dnssectypes.py', 'venv/lib64/python3.10/site-packages/dns/rdataclass.py', 'venv/lib64/python3.10/site-packages/dns/set.py', 'venv/lib64/python3.10/site-packages/hiredis/version.py', 'venv/lib64/python3.10/site-packages/sqlalchemy/util/langhelpers.py', 'venv/lib64/python3.10/site-packages/uvicorn/supervisors/__init__.py', 'venv/lib64/python3.10/site-packages/greenlet/tests/fail_cpp_exception.py', 'venv/lib64/python3.10/site-packages/dns/rdtypes/ANY/ISDN.py', 'venv/lib64/python3.10/site-packages/sqlalchemy/dialects/oracle/__init__.py', 'venv/lib64/python3.10/site-packages/aiofiles/threadpool/utils.py', 'venv/lib64/python3.10/site-packages/sqlalchemy/sql/lambdas.py', 'venv/lib64/python3.10/site-packages/dns/_immutable_ctx.py', 'venv/lib64/python3.10/site-packages/uvicorn/config.py', 'venv/lib64/python3.10/site-packages/sqlalchemy/testing/pickleable.py', 'venv/lib64/python3.10/site-packages/sqlalchemy/dialects/mysql/mysqldb.py', 'venv/lib64/python3.10/site-packages/sqlalchemy/event/api.py', 'venv/lib64/python3.10/site-packages/sqlalchemy/sql/__init__.py', 'venv/lib64/python3.10/site-packages/sqlalchemy/dialects/sqlite/provision.py', 'venv/lib64/python3.10/site-packages/sqlalchemy/dialects/sqlite/base.py', 'venv/lib64/python3.10/site-packages/sqlalchemy/sql/_selectable_constructors.py', 'venv/lib64/python3.10/site-packages/dns/rdtypes/ANY/NSEC.py', 'venv/lib64/python3.10/site-packages/dns/rdtypes/ANY/HINFO.py', 'venv/lib64/python3.10/site-packages/dns/e164.py', 'venv/lib64/python3.10/site-packages/dns/rdtypes/IN/NSAP_PTR.py', 'venv/lib64/python3.10/site-packages/sqlalchemy/testing/suite/__init__.py', 'venv/lib64/python3.10/site-packages/sqlalchemy/dialects/mssql/aioodbc.py', 'venv/lib64/python3.10/site-packages/dns/rdtypes/svcbbase.py', 'venv/lib64/python3.10/site-packages/uvicorn/protocols/http/h11_impl.py', 'venv/lib64/python3.10/site-packages/h11/_receivebuffer.py', 'venv/lib64/python3.10/site-packages/sqlalchemy/engine/result.py', 'venv/lib64/python3.10/site-packages/sqlalchemy/orm/decl_base.py', 'venv/lib64/python3.10/site-packages/sqlalchemy/dialects/mssql/pyodbc.py', 'venv/lib64/python3.10/site-packages/sqlalchemy/dialects/mysql/expression.py', 'venv/lib64/python3.10/site-packages/dns/btree.py', 'venv/lib64/python3.10/site-packages/aiofiles/base.py', 'venv/lib64/python3.10/site-packages/dns/opcode.py', 'venv/lib64/python3.10/site-packages/sqlalchemy/ext/asyncio/scoping.py', 'venv/lib64/python3.10/site-packages/dns/_asyncio_backend.py', 'venv/lib64/python3.10/site-packages/sqlalchemy/testing/suite/test_rowcount.py', 'venv/lib64/python3.10/site-packages/dns/asyncbackend.py', 'venv/lib64/python3.10/site-packages/sqlalchemy/testing/assertions.py', 'venv/lib64/python3.10/site-packages/sqlalchemy/orm/util.py', 'venv/lib64/python3.10/site-packages/greenlet/tests/test_greenlet_trash.py', 'venv/lib64/python3.10/site-packages/sqlalchemy/engine/cursor.py', 'venv/lib64/python3.10/site-packages/dns/rdtypes/ANY/DLV.py', 'venv/lib64/python3.10/site-packages/sqlalchemy/dialects/mysql/cymysql.py', 'venv/lib64/python3.10/site-packages/sqlalchemy/sql/sqltypes.py', 'venv/lib64/python3.10/site-packages/sqlalchemy/dialects/mysql/reserved_words.py', 'venv/lib64/python3.10/site-packages/click/_compat.py', 'venv/lib64/python3.10/site-packages/sqlalchemy/engine/reflection.py', 'venv/lib64/python3.10/site-packages/sqlalchemy/orm/loading.py', 'venv/lib64/python3.10/site-packages/sqlalchemy/dialects/sqlite/json.py', 'venv/lib64/python3.10/site-packages/greenlet/tests/test_gc.py', 'venv/lib64/python3.10/site-packages/sqlalchemy/dialects/postgresql/named_types.py', 'venv/lib64/python3.10/site-packages/dns/rdtypes/ANY/DNSKEY.py', 'venv/lib64/python3.10/site-packages/dns/rdtypes/ANY/HIP.py', 'venv/lib64/python3.10/site-packages/sqlalchemy/sql/operators.py', 'venv/lib64/python3.10/site-packages/dns/rdatatype.py', 'venv/lib64/python3.10/site-packages/uvicorn/main.py', 'venv/lib64/python3.10/site-packages/sqlalchemy/orm/context.py', 'venv/lib64/python3.10/site-packages/dns/rdtypes/IN/IPSECKEY.py', 'venv/lib64/python3.10/site-packages/click/formatting.py', 'venv/lib64/python3.10/site-packages/sqlalchemy/sql/default_comparator.py', 'venv/lib64/python3.10/site-packages/sqlalchemy/dialects/postgresql/base.py', 'venv/lib64/python3.10/site-packages/sqlalchemy/sql/_py_util.py', 'venv/lib64/python3.10/site-packages/dns/rdtypes/ANY/L32.py', 'venv/lib64/python3.10/site-packages/dns/rdtypes/ANY/NS.py', 'venv/lib64/python3.10/site-packages/sqlalchemy/event/legacy.py', 'venv/lib64/python3.10/site-packages/click/termui.py', 'venv/lib64/python3.10/site-packages/uvicorn/loops/asyncio.py', 'venv/lib64/python3.10/site-packages/sqlalchemy/testing/provision.py', 'venv/lib64/python3.10/site-packages/sqlalchemy/orm/interfaces.py', 'venv/lib64/python3.10/site-packages/sqlalchemy/event/base.py', 'venv/lib64/python3.10/site-packages/dns/rdtypes/IN/NAPTR.py', 'venv/lib64/python3.10/site-packages/dns/versioned.py', 'venv/lib64/python3.10/site-packages/sqlalchemy/orm/relationships.py', 'venv/lib64/python3.10/site-packages/dns/_trio_backend.py', 'venv/lib64/python3.10/site-packages/uvicorn/logging.py', 'venv/lib64/python3.10/site-packages/sqlalchemy/connectors/asyncio.py', 'venv/lib64/python3.10/site-packages/sqlalchemy/orm/dynamic.py', 'venv/lib64/python3.10/site-packages/dns/xfr.py', 'venv/lib64/python3.10/site-packages/sqlalchemy/connectors/aioodbc.py', 'venv/lib64/python3.10/site-packages/click/parser.py', 'venv/lib64/python3.10/site-packages/click/types.py', 'venv/lib64/python3.10/site-packages/click/globals.py', 'venv/lib64/python3.10/site-packages/dns/transaction.py', 'venv/lib64/python3.10/site-packages/sqlalchemy/engine/row.py', 'venv/lib64/python3.10/site-packages/sqlalchemy/connectors/pyodbc.py', 'venv/lib64/python3.10/site-packages/dns/rdtypes/euibase.py', 'venv/lib64/python3.10/site-packages/click/core.py', 'venv/lib64/python3.10/site-packages/sqlalchemy/orm/evaluator.py', 'venv/lib64/python3.10/site-packages/sqlalchemy/sql/traversals.py', 'venv/lib64/python3.10/site-packages/greenlet/tests/fail_initialstub_already_started.py', 'venv/lib64/python3.10/site-packages/dns/quic/__init__.py', 'venv/lib64/python3.10/site-packages/sqlalchemy/testing/suite/test_select.py', 'venv/lib64/python3.10/site-packages/sqlalchemy/inspection.py', 'venv/lib64/python3.10/site-packages/dns/rdtypes/CH/A.py', 'venv/lib64/python3.10/site-packages/sqlalchemy/dialects/postgresql/ext.py', 'venv/lib64/python3.10/site-packages/dns/rdtypes/ANY/RESINFO.py', 'venv/lib64/python3.10/site-packages/sqlalchemy/testing/suite/test_insert.py', 'venv/lib64/python3.10/site-packages/dns/rdtypes/nsbase.py', 'venv/lib64/python3.10/site-packages/dns/serial.py', 'venv/lib64/python3.10/site-packages/sqlalchemy/orm/mapper.py', 'venv/lib64/python3.10/site-packages/sqlalchemy/dialects/sqlite/pysqlcipher.py', 'venv/lib64/python3.10/site-packages/sqlalchemy/orm/attributes.py', 'venv/lib64/python3.10/site-packages/sqlalchemy/testing/fixtures/orm.py', 'venv/lib64/python3.10/site-packages/dns/rdtypes/IN/KX.py', 'venv/lib64/python3.10/site-packages/aiofiles/threadpool/binary.py', 'venv/lib64/python3.10/site-packages/dns/namedict.py', 'venv/lib64/python3.10/site-packages/sqlalchemy/dialects/mssql/information_schema.py', 'venv/lib64/python3.10/site-packages/sqlalchemy/ext/serializer.py', 'venv/lib64/python3.10/site-packages/dns/rdtypes/IN/WKS.py', 'venv/lib64/python3.10/site-packages/sqlalchemy/dialects/postgresql/ranges.py', 'venv/lib64/python3.10/site-packages/dns/rcode.py', 'venv/lib64/python3.10/site-packages/dns/nameserver.py', 'venv/lib64/python3.10/site-packages/sqlalchemy/dialects/sqlite/aiosqlite.py', 'venv/lib64/python3.10/site-packages/sqlalchemy/testing/profiling.py', 'venv/lib64/python3.10/site-packages/dns/inet.py', 'venv/lib64/python3.10/site-packages/sqlalchemy/orm/query.py', 'venv/lib64/python3.10/site-packages/sqlalchemy/util/_collections.py', 'venv/lib64/python3.10/site-packages/certifi/core.py', 'venv/lib64/python3.10/site-packages/sqlalchemy/dialects/postgresql/__init__.py', 'venv/lib64/python3.10/site-packages/sqlalchemy/orm/events.py', 'venv/lib64/python3.10/site-packages/dns/rdtypes/ANY/OPT.py', 'venv/lib64/python3.10/site-packages/sqlalchemy/dialects/mysql/mariadbconnector.py', 'venv/lib64/python3.10/site-packages/dns/rdtypes/ANY/SSHFP.py', 'venv/lib64/python3.10/site-packages/sqlalchemy/sql/schema.py', 'venv/lib64/python3.10/site-packages/sqlalchemy/sql/_typing.py', 'venv/lib64/python3.10/site-packages/sqlalchemy/testing/__init__.py', 'venv/lib64/python3.10/site-packages/sqlalchemy/sql/type_api.py', 'venv/lib64/python3.10/site-packages/sqlalchemy/orm/path_registry.py', 'venv/lib64/python3.10/site-packages/sqlalchemy/orm/session.py', 'venv/lib64/python3.10/site-packages/dns/rdtypes/ANY/GPOS.py', 'venv/lib64/python3.10/site-packages/dns/rdtypes/dsbase.py', 'venv/lib64/python3.10/site-packages/sqlalchemy/testing/fixtures/__init__.py', 'venv/lib64/python3.10/site-packages/sqlalchemy/testing/suite/test_types.py', 'venv/lib64/python3.10/site-packages/dns/rdtypes/IN/__init__.py', 'venv/lib64/python3.10/site-packages/dns/rdtypes/ANY/CDS.py', 'venv/lib64/python3.10/site-packages/sqlalchemy/sql/base.py', 'venv/lib64/python3.10/site-packages/greenlet/tests/fail_switch_three_greenlets2.py', 'venv/lib64/python3.10/site-packages/dns/_features.py', 'venv/lib64/python3.10/site-packages/dns/ipv4.py', 'venv/lib64/python3.10/site-packages/dns/dnssecalgs/cryptography.py', 'venv/lib64/python3.10/site-packages/sqlalchemy/ext/mypy/infer.py', 'venv/lib64/python3.10/site-packages/sqlalchemy/testing/entities.py', 'venv/lib64/python3.10/site-packages/sqlalchemy/ext/asyncio/engine.py', 'venv/lib64/python3.10/site-packages/sqlalchemy/ext/baked.py', 'venv/lib64/python3.10/site-packages/greenlet/tests/test_leaks.py', 'venv/lib64/python3.10/site-packages/sqlalchemy/future/engine.py', 'venv/lib64/python3.10/site-packages/sqlalchemy/dialects/sqlite/dml.py', 'venv/lib64/python3.10/site-packages/greenlet/tests/test_greenlet.py', 'venv/lib64/python3.10/site-packages/sqlalchemy/log.py', 'venv/lib64/python3.10/site-packages/sqlalchemy/testing/warnings.py', 'venv/lib64/python3.10/site-packages/sqlalchemy/orm/__init__.py', 'venv/lib64/python3.10/site-packages/sqlalchemy/engine/create.py', 'venv/lib64/python3.10/site-packages/uvicorn/lifespan/off.py', 'venv/lib64/python3.10/site-packages/sqlalchemy/util/preloaded.py', 'venv/lib64/python3.10/site-packages/dns/rdtypes/ANY/SMIMEA.py', 'venv/lib64/python3.10/site-packages/dns/rdtypes/ANY/CERT.py', 'venv/lib64/python3.10/site-packages/uvicorn/loops/uvloop.py', 'venv/lib64/python3.10/site-packages/dns/rdtypes/ANY/RRSIG.py'. Reloading...
Process SpawnProcess-4:
Traceback (most recent call last):
  File "/usr/lib/python3.10/multiprocessing/process.py", line 314, in _bootstrap
    self.run()
  File "/usr/lib/python3.10/multiprocessing/process.py", line 108, in run
    self._target(*self._args, **self._kwargs)
  File "/home/cyberdude/.local/lib/python3.10/site-packages/uvicorn/_subprocess.py", line 76, in subprocess_started
    target(sockets=sockets)
  File "/home/cyberdude/.local/lib/python3.10/site-packages/uvicorn/server.py", line 61, in run
    return asyncio.run(self.serve(sockets=sockets))
  File "/usr/lib/python3.10/asyncio/runners.py", line 44, in run
    return loop.run_until_complete(main)
  File "uvloop/loop.pyx", line 1518, in uvloop.loop.Loop.run_until_complete
  File "/home/cyberdude/.local/lib/python3.10/site-packages/uvicorn/server.py", line 68, in serve
    config.load()
  File "/home/cyberdude/.local/lib/python3.10/site-packages/uvicorn/config.py", line 467, in load
    self.loaded_app = import_from_string(self.app)
  File "/home/cyberdude/.local/lib/python3.10/site-packages/uvicorn/importer.py", line 24, in import_from_string
    raise exc from None
  File "/home/cyberdude/.local/lib/python3.10/site-packages/uvicorn/importer.py", line 21, in import_from_string
    module = importlib.import_module(module_str)
  File "/usr/lib/python3.10/importlib/__init__.py", line 126, in import_module
    return _bootstrap._gcd_import(name[level:], package, level)
  File "<frozen importlib._bootstrap>", line 1050, in _gcd_import
  File "<frozen importlib._bootstrap>", line 1027, in _find_and_load
  File "<frozen importlib._bootstrap>", line 1006, in _find_and_load_unlocked
  File "<frozen importlib._bootstrap>", line 688, in _load_unlocked
  File "<frozen importlib._bootstrap_external>", line 883, in exec_module
  File "<frozen importlib._bootstrap>", line 241, in _call_with_frames_removed
  File "/home/cyberdude/Documents/Projects/CA-final/backend/app/main.py", line 6, in <module>
    from backend.app.core.startup import run_all_startup_checks
ModuleNotFoundError: No module named 'backend'
WARNING:  WatchFiles detected changes in 'venv/lib64/python3.10/site-packages/cffi/cparser.py', 'venv/lib64/python3.10/site-packages/pydantic/v1/dataclasses.py', 'venv/lib64/python3.10/site-packages/ecdsa/_version.py', 'venv/lib64/python3.10/site-packages/pydantic/schema.py', 'venv/lib64/python3.10/site-packages/_pytest/doctest.py', 'venv/lib64/python3.10/site-packages/email_validator/deliverability.py', 'venv/lib64/python3.10/site-packages/pydantic/parse.py', 'venv/lib64/python3.10/site-packages/pydantic/utils.py', 'venv/lib64/python3.10/site-packages/pydantic_core/core_schema.py', 'venv/lib64/python3.10/site-packages/gunicorn/app/wsgiapp.py', 'venv/lib64/python3.10/site-packages/jose/jws.py', 'venv/lib64/python3.10/site-packages/cffi/_shimmed_dist_utils.py', 'venv/lib64/python3.10/site-packages/pydantic/main.py', 'venv/lib64/python3.10/site-packages/redis/asyncio/sentinel.py', 'venv/lib64/python3.10/site-packages/_pytest/capture.py', 'venv/lib64/python3.10/site-packages/ecdsa/test_keys.py', 'venv/lib64/python3.10/site-packages/gunicorn/app/pasterapp.py', 'venv/lib64/python3.10/site-packages/rsa/cli.py', 'venv/lib64/python3.10/site-packages/pydantic/_internal/_utils.py', 'venv/lib64/python3.10/site-packages/redis/_parsers/commands.py', 'venv/lib64/python3.10/site-packages/exceptiongroup/_exceptions.py', 'venv/lib64/python3.10/site-packages/rsa/randnum.py', 'venv/lib64/python3.10/site-packages/httpcore/_ssl.py', 'venv/lib64/python3.10/site-packages/pydantic/v1/schema.py', 'venv/lib64/python3.10/site-packages/pydantic/deprecated/class_validators.py', 'venv/lib64/python3.10/site-packages/pydantic/deprecated/tools.py', 'venv/lib64/python3.10/site-packages/pydantic/v1/parse.py', 'venv/lib64/python3.10/site-packages/httpcore/_sync/interfaces.py', 'venv/lib64/python3.10/site-packages/pydantic/_internal/_signature.py', 'venv/lib64/python3.10/site-packages/redis/commands/json/_util.py', 'venv/lib64/python3.10/site-packages/cffi/__init__.py', 'venv/lib64/python3.10/site-packages/pydantic/v1/utils.py', 'venv/lib64/python3.10/site-packages/gunicorn/__main__.py', 'venv/lib64/python3.10/site-packages/pydantic/v1/main.py', 'venv/lib64/python3.10/site-packages/httpcore/_async/http_proxy.py', 'venv/lib64/python3.10/site-packages/gunicorn/__init__.py', 'venv/lib64/python3.10/site-packages/dateutil/tz/tz.py', 'venv/lib64/python3.10/site-packages/pydantic/_internal/_validate_call.py', 'venv/lib64/python3.10/site-packages/redis/commands/json/decoders.py', 'venv/lib64/python3.10/site-packages/cryptography/utils.py', 'venv/lib64/python3.10/site-packages/redis/commands/search/query.py', 'venv/lib64/python3.10/site-packages/_pytest/warning_types.py', 'venv/lib64/python3.10/site-packages/pydantic/_internal/_core_utils.py', 'venv/lib64/python3.10/site-packages/redis/asyncio/lock.py', 'venv/lib64/python3.10/site-packages/_pytest/fixtures.py', 'venv/lib64/python3.10/site-packages/jose/constants.py', 'venv/lib64/python3.10/site-packages/cryptography/__about__.py', 'venv/lib64/python3.10/site-packages/cffi/setuptools_ext.py', 'venv/lib64/python3.10/site-packages/gunicorn/sock.py', 'venv/lib64/python3.10/site-packages/email_validator/syntax.py', 'venv/lib64/python3.10/site-packages/exceptiongroup/_version.py', 'venv/lib64/python3.10/site-packages/dateutil/tz/_factories.py', 'venv/lib64/python3.10/site-packages/asyncpg/serverversion.py', 'venv/lib64/python3.10/site-packages/httpcore/_backends/auto.py', 'venv/lib64/python3.10/site-packages/_pytest/pathlib.py', 'venv/lib64/python3.10/site-packages/gunicorn/workers/ggevent.py', 'venv/lib64/python3.10/site-packages/pydantic/networks.py', 'venv/lib64/python3.10/site-packages/redis/commands/__init__.py', 'venv/lib64/python3.10/site-packages/email_validator/validate_email.py', 'venv/lib64/python3.10/site-packages/mako/lexer.py', 'venv/lib64/python3.10/site-packages/_pytest/assertion/truncate.py', 'venv/lib64/python3.10/site-packages/ecdsa/curves.py', 'venv/lib64/python3.10/site-packages/pydantic/_internal/_serializers.py', 'venv/lib64/python3.10/site-packages/rsa/pkcs1.py', 'venv/lib64/python3.10/site-packages/gunicorn/reloader.py', 'venv/lib64/python3.10/site-packages/rsa/key.py', 'venv/lib64/python3.10/site-packages/_pytest/python_api.py', 'venv/lib64/python3.10/site-packages/pydantic/_internal/_typing_extra.py', 'venv/lib64/python3.10/site-packages/gunicorn/debug.py', 'venv/lib64/python3.10/site-packages/pydantic/_internal/_decorators_v1.py', 'venv/lib64/python3.10/site-packages/asyncpg/connect_utils.py', 'venv/lib64/python3.10/site-packages/_pytest/__init__.py', 'venv/lib64/python3.10/site-packages/_pytest/timing.py', 'venv/lib64/python3.10/site-packages/_pytest/cacheprovider.py', 'venv/lib64/python3.10/site-packages/gunicorn/http/body.py', 'venv/lib64/python3.10/site-packages/httpcore/_async/connection_pool.py', 'venv/lib64/python3.10/site-packages/cffi/api.py', 'venv/lib64/python3.10/site-packages/asyncpg/compat.py', 'venv/lib64/python3.10/site-packages/_pytest/_code/__init__.py', 'venv/lib64/python3.10/site-packages/py.py', 'venv/lib64/python3.10/site-packages/pydantic/v1/networks.py', 'venv/lib64/python3.10/site-packages/pydantic/json_schema.py', 'venv/lib64/python3.10/site-packages/asyncpg/protocol/__init__.py', 'venv/lib64/python3.10/site-packages/cffi/vengine_gen.py', 'venv/lib64/python3.10/site-packages/_pytest/runner.py', 'venv/lib64/python3.10/site-packages/pydantic/aliases.py', 'venv/lib64/python3.10/site-packages/pydantic_core/__init__.py', 'venv/lib64/python3.10/site-packages/rsa/__init__.py', 'venv/lib64/python3.10/site-packages/ecdsa/ecdsa.py', 'venv/lib64/python3.10/site-packages/redis/commands/search/suggestion.py', 'venv/lib64/python3.10/site-packages/dateutil/parser/isoparser.py', 'venv/lib64/python3.10/site-packages/pydantic/functional_validators.py', 'venv/lib64/python3.10/site-packages/asyncpg/_testbase/fuzzer.py', 'venv/lib64/python3.10/site-packages/redis/commands/search/_util.py', 'venv/lib64/python3.10/site-packages/redis/commands/search/indexDefinition.py', 'venv/lib64/python3.10/site-packages/mako/lookup.py', 'venv/lib64/python3.10/site-packages/mako/ext/babelplugin.py', 'venv/lib64/python3.10/site-packages/pydantic/_internal/_docs_extraction.py', 'venv/lib64/python3.10/site-packages/pydantic/root_model.py', 'venv/lib64/python3.10/site-packages/httpcore/_sync/__init__.py', 'venv/lib64/python3.10/site-packages/gunicorn/workers/workertmp.py', 'venv/lib64/python3.10/site-packages/_pytest/terminal.py', 'venv/lib64/python3.10/site-packages/pydantic/error_wrappers.py', 'venv/lib64/python3.10/site-packages/_pytest/warnings.py', 'venv/lib64/python3.10/site-packages/pydantic/types.py', 'venv/lib64/python3.10/site-packages/redis/commands/graph/exceptions.py', 'venv/lib64/python3.10/site-packages/redis/typing.py', 'venv/lib64/python3.10/site-packages/_pytest/nose.py', 'venv/lib64/python3.10/site-packages/pydantic/errors.py', 'venv/lib64/python3.10/site-packages/pydantic/validate_call_decorator.py', 'venv/lib64/python3.10/site-packages/redis/asyncio/retry.py', 'venv/lib64/python3.10/site-packages/cffi/pkgconfig.py', 'venv/lib64/python3.10/site-packages/_pytest/deprecated.py', 'venv/lib64/python3.10/site-packages/jose/__init__.py', 'venv/lib64/python3.10/site-packages/cffi/model.py', 'venv/lib64/python3.10/site-packages/ecdsa/__init__.py', 'venv/lib64/python3.10/site-packages/_pytest/stepwise.py', 'venv/lib64/python3.10/site-packages/gunicorn/http/__init__.py', 'venv/lib64/python3.10/site-packages/pydantic/mypy.py', 'venv/lib64/python3.10/site-packages/ecdsa/_rwlock.py', 'venv/lib64/python3.10/site-packages/mako/testing/helpers.py', 'venv/lib64/python3.10/site-packages/pydantic/_internal/_schema_generation_shared.py', 'venv/lib64/python3.10/site-packages/redis/ocsp.py', 'venv/lib64/python3.10/site-packages/exceptiongroup/_suppress.py', 'venv/lib64/python3.10/site-packages/pydantic/v1/error_wrappers.py', 'venv/lib64/python3.10/site-packages/pydantic/config.py', 'venv/lib64/python3.10/site-packages/pydantic/v1/types.py', 'venv/lib64/python3.10/site-packages/_pytest/skipping.py', 'venv/lib64/python3.10/site-packages/pydantic/v1/errors.py', 'venv/lib64/python3.10/site-packages/pydantic/plugin/_loader.py', 'venv/lib64/python3.10/site-packages/cryptography/hazmat/__init__.py', 'venv/lib64/python3.10/site-packages/redis/_parsers/resp2.py', 'venv/lib64/python3.10/site-packages/redis/commands/redismodules.py', 'venv/lib64/python3.10/site-packages/pydantic/_internal/_validators.py', 'venv/lib64/python3.10/site-packages/mako/ext/autohandler.py', 'venv/lib64/python3.10/site-packages/mako/ext/pygmentplugin.py', 'venv/lib64/python3.10/site-packages/redis/_parsers/helpers.py', 'venv/lib64/python3.10/site-packages/pydantic/v1/mypy.py', 'venv/lib64/python3.10/site-packages/mako/testing/_config.py', 'venv/lib64/python3.10/site-packages/redis/_parsers/hiredis.py', 'venv/lib64/python3.10/site-packages/_pytest/mark/expression.py', 'venv/lib64/python3.10/site-packages/redis/commands/search/reducers.py', 'venv/lib64/python3.10/site-packages/_pytest/legacypath.py', 'venv/lib64/python3.10/site-packages/pydantic/_internal/_generate_schema.py', 'venv/lib64/python3.10/site-packages/mako/cmd.py', 'venv/lib64/python3.10/site-packages/pydantic/v1/config.py', 'venv/lib64/python3.10/site-packages/ecdsa/test_ellipticcurve.py', 'venv/lib64/python3.10/site-packages/mako/ext/extract.py', 'venv/lib64/python3.10/site-packages/asyncpg/pgproto/types.py', 'venv/lib64/python3.10/site-packages/pydantic/color.py', 'venv/lib64/python3.10/site-packages/redis/retry.py', 'venv/lib64/python3.10/site-packages/dateutil/_version.py', 'venv/lib64/python3.10/site-packages/asyncpg/_version.py', 'venv/lib64/python3.10/site-packages/ecdsa/test_der.py', 'venv/lib64/python3.10/site-packages/redis/crc.py', 'venv/lib64/python3.10/site-packages/httpcore/_async/http11.py', 'venv/lib64/python3.10/site-packages/redis/commands/cluster.py', 'venv/lib64/python3.10/site-packages/pydantic/class_validators.py', 'venv/lib64/python3.10/site-packages/pydantic/tools.py', 'venv/lib64/python3.10/site-packages/gunicorn/http/message.py', 'venv/lib64/python3.10/site-packages/gunicorn/workers/gtornado.py', 'venv/lib64/python3.10/site-packages/_pytest/pytester_assertions.py', 'venv/lib64/python3.10/site-packages/exceptiongroup/__init__.py', 'venv/lib64/python3.10/site-packages/pydantic/functional_serializers.py', 'venv/lib64/python3.10/site-packages/redis/commands/json/__init__.py', 'venv/lib64/python3.10/site-packages/ecdsa/test_malformed_sigs.py', 'venv/lib64/python3.10/site-packages/mako/testing/fixtures.py', 'venv/lib64/python3.10/site-packages/redis/__init__.py', 'venv/lib64/python3.10/site-packages/pydantic/v1/color.py', 'venv/lib64/python3.10/site-packages/httpcore/_backends/anyio.py', 'venv/lib64/python3.10/site-packages/cffi/recompiler.py', 'venv/lib64/python3.10/site-packages/pydantic/_internal/_config.py', 'venv/lib64/python3.10/site-packages/pydantic/_internal/_decorators.py', 'venv/lib64/python3.10/site-packages/_pytest/python_path.py', 'venv/lib64/python3.10/site-packages/pydantic/v1/typing.py', 'venv/lib64/python3.10/site-packages/redis/commands/search/field.py', 'venv/lib64/python3.10/site-packages/pydantic/v1/class_validators.py', 'venv/lib64/python3.10/site-packages/pydantic/v1/tools.py', 'venv/lib64/python3.10/site-packages/httpcore/_sync/connection_pool.py', 'venv/lib64/python3.10/site-packages/asyncpg/_asyncio_compat.py', 'venv/lib64/python3.10/site-packages/gunicorn/workers/gthread.py', 'venv/lib64/python3.10/site-packages/gunicorn/workers/base.py', 'venv/lib64/python3.10/site-packages/redis/commands/graph/node.py', 'venv/lib64/python3.10/site-packages/_pytest/outcomes.py', 'venv/lib64/python3.10/site-packages/httpcore/_async/http2.py', 'venv/lib64/python3.10/site-packages/cffi/verifier.py', 'venv/lib64/python3.10/site-packages/_pytest/main.py', 'venv/lib64/python3.10/site-packages/_pytest/faulthandler.py', 'venv/lib64/python3.10/site-packages/dateutil/tzwin.py', 'venv/lib64/python3.10/site-packages/redis/commands/graph/edge.py', 'venv/lib64/python3.10/site-packages/jose/jwe.py', 'venv/lib64/python3.10/site-packages/jose/jwk.py', 'venv/lib64/python3.10/site-packages/httpcore/_backends/base.py', 'venv/lib64/python3.10/site-packages/_pytest/logging.py', 'venv/lib64/python3.10/site-packages/pydantic/deprecated/copy_internals.py', 'venv/lib64/python3.10/site-packages/redis/commands/search/document.py', 'venv/lib64/python3.10/site-packages/_pytest/assertion/util.py', 'venv/lib64/python3.10/site-packages/mako/ext/beaker_cache.py', 'venv/lib64/python3.10/site-packages/httpcore/_sync/connection.py', 'venv/lib64/python3.10/site-packages/pydantic/datetime_parse.py', 'venv/lib64/python3.10/site-packages/ecdsa/test_curves.py', 'venv/lib64/python3.10/site-packages/redis/commands/search/aggregation.py', 'venv/lib64/python3.10/site-packages/redis/_parsers/__init__.py', 'venv/lib64/python3.10/site-packages/redis/_parsers/encoders.py', 'venv/lib64/python3.10/site-packages/redis/commands/timeseries/__init__.py', 'venv/lib64/python3.10/site-packages/pydantic/_internal/_mock_val_ser.py', 'venv/lib64/python3.10/site-packages/ecdsa/ecdh.py', 'venv/lib64/python3.10/site-packages/_pytest/config/findpaths.py', 'venv/lib64/python3.10/site-packages/_pytest/config/exceptions.py', 'venv/lib64/python3.10/site-packages/httpcore/_synchronization.py', 'venv/lib64/python3.10/site-packages/mako/ext/linguaplugin.py', 'venv/lib64/python3.10/site-packages/pydantic/_internal/_internal_dataclass.py', 'venv/lib64/python3.10/site-packages/jose/utils.py', 'venv/lib64/python3.10/site-packages/pydantic/decorator.py', 'venv/lib64/python3.10/site-packages/pydantic/_internal/_known_annotated_metadata.py', 'venv/lib64/python3.10/site-packages/email_validator/__main__.py', 'venv/lib64/python3.10/site-packages/httpcore/_api.py', 'venv/lib64/python3.10/site-packages/_pytest/_io/wcwidth.py', 'venv/lib64/python3.10/site-packages/_pytest/pastebin.py', 'venv/lib64/python3.10/site-packages/mako/exceptions.py', 'venv/lib64/python3.10/site-packages/pydantic/validators.py', 'venv/lib64/python3.10/site-packages/email_validator/rfc_constants.py', 'venv/lib64/python3.10/site-packages/pydantic/v1/datetime_parse.py', 'venv/lib64/python3.10/site-packages/redis/_parsers/socket.py', 'venv/lib64/python3.10/site-packages/redis/commands/search/__init__.py', 'venv/lib64/python3.10/site-packages/gunicorn/workers/__init__.py', 'venv/lib64/python3.10/site-packages/_pytest/_code/code.py', 'venv/lib64/python3.10/site-packages/ecdsa/der.py', 'venv/lib64/python3.10/site-packages/pydantic/version.py', 'venv/lib64/python3.10/site-packages/mako/pyparser.py', 'venv/lib64/python3.10/site-packages/email_validator/version.py', 'venv/lib64/python3.10/site-packages/dateutil/_common.py', 'venv/lib64/python3.10/site-packages/pydantic/v1/decorator.py', 'venv/lib64/python3.10/site-packages/_pytest/monkeypatch.py', 'venv/lib64/python3.10/site-packages/redis/commands/bf/commands.py', 'venv/lib64/python3.10/site-packages/ecdsa/ssh.py', 'venv/lib64/python3.10/site-packages/pydantic/deprecated/decorator.py', 'venv/lib64/python3.10/site-packages/_pytest/config/argparsing.py', 'venv/lib64/python3.10/site-packages/httpcore/_async/interfaces.py', 'venv/lib64/python3.10/site-packages/pydantic/fields.py', 'venv/lib64/python3.10/site-packages/pydantic/v1/validators.py', 'venv/lib64/python3.10/site-packages/_pytest/config/compat.py', 'venv/lib64/python3.10/site-packages/redis/commands/json/path.py', 'venv/lib64/python3.10/site-packages/ecdsa/rfc6979.py', 'venv/lib64/python3.10/site-packages/rsa/parallel.py', 'venv/lib64/python3.10/site-packages/rsa/asn1.py', 'venv/lib64/python3.10/site-packages/cffi/ffiplatform.py', 'venv/lib64/python3.10/site-packages/dateutil/easter.py', 'venv/lib64/python3.10/site-packages/_pytest/python.py', 'venv/lib64/python3.10/site-packages/pydantic/alias_generators.py', 'venv/lib64/python3.10/site-packages/gunicorn/util.py', 'venv/lib64/python3.10/site-packages/pydantic/v1/version.py', 'venv/lib64/python3.10/site-packages/email_validator/exceptions_types.py', 'venv/lib64/python3.10/site-packages/gunicorn/config.py', 'venv/lib64/python3.10/site-packages/gunicorn/arbiter.py', 'venv/lib64/python3.10/site-packages/httpcore/_async/socks_proxy.py', 'venv/lib64/python3.10/site-packages/asyncpg/exceptions/_base.py', 'venv/lib64/python3.10/site-packages/gunicorn/workers/sync.py', 'venv/lib64/python3.10/site-packages/dateutil/__init__.py', 'venv/lib64/python3.10/site-packages/ecdsa/ellipticcurve.py', 'venv/lib64/python3.10/site-packages/exceptiongroup/_catch.py', 'venv/lib64/python3.10/site-packages/asyncpg/__init__.py', 'venv/lib64/python3.10/site-packages/redis/cluster.py', 'venv/lib64/python3.10/site-packages/redis/commands/search/querystring.py', 'venv/lib64/python3.10/site-packages/httpcore/__init__.py', 'venv/lib64/python3.10/site-packages/gunicorn/app/__init__.py', 'venv/lib64/python3.10/site-packages/ecdsa/test_rw_lock.py', 'venv/lib64/python3.10/site-packages/pydantic/v1/fields.py', 'venv/lib64/python3.10/site-packages/jose/backends/rsa_backend.py', 'venv/lib64/python3.10/site-packages/jose/backends/native.py', 'venv/lib64/python3.10/site-packages/pydantic/_internal/_generics.py', 'venv/lib64/python3.10/site-packages/mako/_ast_util.py', 'venv/lib64/python3.10/site-packages/cffi/lock.py', 'venv/lib64/python3.10/site-packages/redis/commands/sentinel.py', 'venv/lib64/python3.10/site-packages/cryptography/hazmat/_oid.py', 'venv/lib64/python3.10/site-packages/httpcore/_backends/sync.py', 'venv/lib64/python3.10/site-packages/_pytest/_io/terminalwriter.py', 'venv/lib64/python3.10/site-packages/mako/codegen.py', 'venv/lib64/python3.10/site-packages/redis/commands/core.py', 'venv/lib64/python3.10/site-packages/mako/testing/assertions.py', 'venv/lib64/python3.10/site-packages/mako/ast.py', 'venv/lib64/python3.10/site-packages/redis/utils.py', 'venv/lib64/python3.10/site-packages/redis/commands/search/result.py', 'venv/lib64/python3.10/site-packages/pydantic/plugin/_schema_validator.py', 'venv/lib64/python3.10/site-packages/pydantic/env_settings.py', 'venv/lib64/python3.10/site-packages/httpcore/_backends/mock.py', 'venv/lib64/python3.10/site-packages/redis/connection.py', 'venv/lib64/python3.10/site-packages/pydantic/type_adapter.py', 'venv/lib64/python3.10/site-packages/httpcore/_exceptions.py', 'venv/lib64/python3.10/site-packages/dateutil/rrule.py', 'venv/lib64/python3.10/site-packages/mako/filters.py', 'venv/lib64/python3.10/site-packages/redis/asyncio/__init__.py', 'venv/lib64/python3.10/site-packages/rsa/common.py', 'venv/lib64/python3.10/site-packages/rsa/transform.py', 'venv/lib64/python3.10/site-packages/jose/backends/_asn1.py', 'venv/lib64/python3.10/site-packages/jose/backends/base.py', 'venv/lib64/python3.10/site-packages/dateutil/relativedelta.py', 'venv/lib64/python3.10/site-packages/ecdsa/test_jacobi.py', 'venv/lib64/python3.10/site-packages/httpcore/_sync/http_proxy.py', 'venv/lib64/python3.10/site-packages/rsa/pem.py', 'venv/lib64/python3.10/site-packages/gunicorn/glogging.py', 'venv/lib64/python3.10/site-packages/_pytest/_code/source.py', 'venv/lib64/python3.10/site-packages/gunicorn/instrument/statsd.py', 'venv/lib64/python3.10/site-packages/cffi/backend_ctypes.py', 'venv/lib64/python3.10/site-packages/redis/commands/json/commands.py', 'venv/lib64/python3.10/site-packages/pydantic/v1/env_settings.py', 'venv/lib64/python3.10/site-packages/pydantic/generics.py', 'venv/lib64/python3.10/site-packages/_pytest/_argcomplete.py', 'venv/lib64/python3.10/site-packages/dateutil/zoneinfo/rebuild.py', 'venv/lib64/python3.10/site-packages/jose/jwt.py', 'venv/lib64/python3.10/site-packages/httpcore/_backends/trio.py', 'venv/lib64/python3.10/site-packages/rsa/core.py', 'venv/lib64/python3.10/site-packages/mako/template.py', 'venv/lib64/python3.10/site-packages/redis/commands/helpers.py', 'venv/lib64/python3.10/site-packages/rsa/util.py', 'venv/lib64/python3.10/site-packages/mako/cache.py', 'venv/lib64/python3.10/site-packages/gunicorn/workers/base_async.py', 'venv/lib64/python3.10/site-packages/pydantic/_internal/_repr.py', 'venv/lib64/python3.10/site-packages/redis/commands/graph/query_result.py', 'venv/lib64/python3.10/site-packages/gunicorn/http/unreader.py', 'venv/lib64/python3.10/site-packages/gunicorn/http/parser.py', 'venv/lib64/python3.10/site-packages/ecdsa/errors.py', 'venv/lib64/python3.10/site-packages/pydantic/typing.py', 'venv/lib64/python3.10/site-packages/gunicorn/http/errors.py', 'venv/lib64/python3.10/site-packages/asyncpg/pool.py', 'venv/lib64/python3.10/site-packages/redis/commands/graph/__init__.py', 'venv/lib64/python3.10/site-packages/httpcore/_async/__init__.py', 'venv/lib64/python3.10/site-packages/mako/ext/turbogears.py', 'venv/lib64/python3.10/site-packages/ecdsa/test_pyecdsa.py', 'venv/lib64/python3.10/site-packages/pydantic/v1/generics.py', 'venv/lib64/python3.10/site-packages/redis/commands/timeseries/utils.py', 'venv/lib64/python3.10/site-packages/exceptiongroup/_formatting.py', 'venv/lib64/python3.10/site-packages/cffi/cffi_opcode.py', 'venv/lib64/python3.10/site-packages/redis/_parsers/base.py', 'venv/lib64/python3.10/site-packages/mako/pygen.py', 'venv/lib64/python3.10/site-packages/mako/runtime.py', 'venv/lib64/python3.10/site-packages/redis/commands/graph/execution_plan.py', 'venv/lib64/python3.10/site-packages/pytest/__main__.py', 'venv/lib64/python3.10/site-packages/asyncpg/cursor.py', 'venv/lib64/python3.10/site-packages/ecdsa/util.py', 'venv/lib64/python3.10/site-packages/pytest/__init__.py', 'venv/lib64/python3.10/site-packages/asyncpg/connresource.py', 'venv/lib64/python3.10/site-packages/pydantic/_internal/_forward_ref.py', 'venv/lib64/python3.10/site-packages/_pytest/junitxml.py', 'venv/lib64/python3.10/site-packages/mako/util.py', 'venv/lib64/python3.10/site-packages/jose/backends/__init__.py', 'venv/lib64/python3.10/site-packages/_pytest/_io/saferepr.py', 'venv/lib64/python3.10/site-packages/ecdsa/_sha3.py', 'venv/lib64/python3.10/site-packages/redis/commands/timeseries/commands.py', 'venv/lib64/python3.10/site-packages/redis/client.py', 'venv/lib64/python3.10/site-packages/redis/commands/bf/info.py', 'venv/lib64/python3.10/site-packages/_pytest/_py/path.py', 'venv/lib64/python3.10/site-packages/_pytest/stash.py', 'venv/lib64/python3.10/site-packages/pydantic/_internal/_fields.py', 'venv/lib64/python3.10/site-packages/asyncpg/_testbase/__init__.py', 'venv/lib64/python3.10/site-packages/gunicorn/pidfile.py', 'venv/lib64/python3.10/site-packages/gunicorn/systemd.py', 'venv/lib64/python3.10/site-packages/pydantic/deprecated/parse.py', 'venv/lib64/python3.10/site-packages/ecdsa/test_numbertheory.py', 'venv/lib64/python3.10/site-packages/dateutil/tz/_common.py', 'venv/lib64/python3.10/site-packages/asyncpg/cluster.py', 'venv/lib64/python3.10/site-packages/ecdsa/test_sha3.py', 'venv/lib64/python3.10/site-packages/rsa/prime.py', 'venv/lib64/python3.10/site-packages/jose/backends/cryptography_backend.py', 'venv/lib64/python3.10/site-packages/asyncpg/prepared_stmt.py', 'venv/lib64/python3.10/site-packages/_pytest/assertion/rewrite.py', 'venv/lib64/python3.10/site-packages/pydantic/experimental/pipeline.py', 'venv/lib64/python3.10/site-packages/_pytest/scope.py', 'venv/lib64/python3.10/site-packages/pydantic/experimental/__init__.py', 'venv/lib64/python3.10/site-packages/httpcore/_sync/socks_proxy.py', 'venv/lib64/python3.10/site-packages/dateutil/tz/win.py', 'venv/lib64/python3.10/site-packages/gunicorn/http/wsgi.py', 'venv/lib64/python3.10/site-packages/redis/commands/search/commands.py', 'venv/lib64/python3.10/site-packages/_pytest/reports.py', 'venv/lib64/python3.10/site-packages/pydantic/_internal/_dataclasses.py', 'venv/lib64/python3.10/site-packages/redis/credentials.py', 'venv/lib64/python3.10/site-packages/_pytest/setuponly.py', 'venv/lib64/python3.10/site-packages/pydantic/json.py', 'venv/lib64/python3.10/site-packages/cffi/vengine_cpy.py', 'venv/lib64/python3.10/site-packages/_pytest/threadexception.py', 'venv/lib64/python3.10/site-packages/asyncpg/protocol/codecs/__init__.py', 'venv/lib64/python3.10/site-packages/dateutil/utils.py', 'venv/lib64/python3.10/site-packages/_pytest/_py/error.py', 'venv/lib64/python3.10/site-packages/_pytest/mark/__init__.py', 'venv/lib64/python3.10/site-packages/asyncpg/utils.py', 'venv/lib64/python3.10/site-packages/pydantic/v1/annotated_types.py', 'venv/lib64/python3.10/site-packages/httpcore/_utils.py', 'venv/lib64/python3.10/site-packages/_pytest/recwarn.py', 'venv/lib64/python3.10/site-packages/asyncpg/connection.py', 'venv/lib64/python3.10/site-packages/cffi/_imp_emulation.py', 'venv/lib64/python3.10/site-packages/jose/exceptions.py', 'venv/lib64/python3.10/site-packages/_pytest/tmpdir.py', 'venv/lib64/python3.10/site-packages/gunicorn/app/base.py', 'venv/lib64/python3.10/site-packages/_pytest/compat.py', 'venv/lib64/python3.10/site-packages/asyncpg/transaction.py', 'venv/lib64/python3.10/site-packages/redis/asyncio/cluster.py', 'venv/lib64/python3.10/site-packages/dateutil/tz/__init__.py', 'venv/lib64/python3.10/site-packages/cffi/commontypes.py', 'venv/lib64/python3.10/site-packages/redis/sentinel.py', 'venv/lib64/python3.10/site-packages/ecdsa/test_ecdsa.py', 'venv/lib64/python3.10/site-packages/pydantic/__init__.py', 'venv/lib64/python3.10/site-packages/rsa/pkcs1_v2.py', 'venv/lib64/python3.10/site-packages/_pytest/setupplan.py', 'venv/lib64/python3.10/site-packages/email_validator/__init__.py', 'venv/lib64/python3.10/site-packages/pydantic/v1/json.py', 'venv/lib64/python3.10/site-packages/_pytest/helpconfig.py', 'venv/lib64/python3.10/site-packages/ecdsa/numbertheory.py', 'venv/lib64/python3.10/site-packages/pydantic/deprecated/json.py', 'venv/lib64/python3.10/site-packages/mako/testing/exclusions.py', 'venv/lib64/python3.10/site-packages/redis/asyncio/utils.py', 'venv/lib64/python3.10/site-packages/redis/backoff.py', 'venv/lib64/python3.10/site-packages/redis/asyncio/connection.py', 'venv/lib64/python3.10/site-packages/_pytest/debugging.py', 'venv/lib64/python3.10/site-packages/gunicorn/errors.py', 'venv/lib64/python3.10/site-packages/pydantic/v1/_hypothesis_plugin.py', 'venv/lib64/python3.10/site-packages/redis/commands/graph/path.py', 'venv/lib64/python3.10/site-packages/ecdsa/eddsa.py', 'venv/lib64/python3.10/site-packages/pydantic/v1/__init__.py', 'venv/lib64/python3.10/site-packages/asyncpg/exceptions/__init__.py', 'venv/lib64/python3.10/site-packages/pydantic/warnings.py', 'venv/lib64/python3.10/site-packages/_pytest/freeze_support.py', 'venv/lib64/python3.10/site-packages/ecdsa/keys.py', 'venv/lib64/python3.10/site-packages/mako/ext/preprocessors.py', 'venv/lib64/python3.10/site-packages/cryptography/__init__.py', 'venv/lib64/python3.10/site-packages/pydantic/_internal/_model_construction.py', 'venv/lib64/python3.10/site-packages/redis/lock.py', 'venv/lib64/python3.10/site-packages/pydantic/_internal/_std_types_schema.py', 'venv/lib64/python3.10/site-packages/mako/compat.py', 'venv/lib64/python3.10/site-packages/pydantic/_internal/_git.py', 'venv/lib64/python3.10/site-packages/httpcore/_sync/http11.py', 'venv/lib64/python3.10/site-packages/_pytest/unraisableexception.py', 'venv/lib64/python3.10/site-packages/mako/testing/config.py', 'venv/lib64/python3.10/site-packages/httpcore/_models.py', 'venv/lib64/python3.10/site-packages/pydantic/_internal/_import_utils.py', 'venv/lib64/python3.10/site-packages/httpcore/_async/connection.py', 'venv/lib64/python3.10/site-packages/asyncpg/pgproto/__init__.py', 'venv/lib64/python3.10/site-packages/_pytest/config/__init__.py', 'venv/lib64/python3.10/site-packages/gunicorn/workers/geventlet.py', 'venv/lib64/python3.10/site-packages/redis/commands/bf/__init__.py', 'venv/lib64/python3.10/site-packages/pydantic/_internal/_core_metadata.py', 'venv/lib64/python3.10/site-packages/pydantic/_migration.py', 'venv/lib64/python3.10/site-packages/cryptography/fernet.py', 'venv/lib64/python3.10/site-packages/redis/exceptions.py', 'venv/lib64/python3.10/site-packages/ecdsa/test_eddsa.py', 'venv/lib64/python3.10/site-packages/mako/__init__.py', 'venv/lib64/python3.10/site-packages/ecdsa/_compat.py', 'venv/lib64/python3.10/site-packages/_pytest/_io/__init__.py', 'venv/lib64/python3.10/site-packages/httpcore/_trace.py', 'venv/lib64/python3.10/site-packages/dateutil/zoneinfo/__init__.py', 'venv/lib64/python3.10/site-packages/mako/parsetree.py', 'venv/lib64/python3.10/site-packages/_pytest/_version.py', 'venv/lib64/python3.10/site-packages/cffi/error.py', 'venv/lib64/python3.10/site-packages/httpcore/_sync/http2.py', 'venv/lib64/python3.10/site-packages/redis/commands/graph/commands.py', 'venv/lib64/python3.10/site-packages/redis/commands/timeseries/info.py', 'venv/lib64/python3.10/site-packages/redis/_parsers/resp3.py', 'venv/lib64/python3.10/site-packages/pydantic/_internal/_discriminated_union.py', 'venv/lib64/python3.10/site-packages/pydantic/dataclasses.py', 'venv/lib64/python3.10/site-packages/redis/asyncio/client.py', 'venv/lib64/python3.10/site-packages/asyncpg/introspection.py', 'venv/lib64/python3.10/site-packages/pydantic/annotated_handlers.py', 'venv/lib64/python3.10/site-packages/_pytest/unittest.py', 'venv/lib64/python3.10/site-packages/asyncpg/types.py', 'venv/lib64/python3.10/site-packages/_pytest/assertion/__init__.py', 'venv/lib64/python3.10/site-packages/ecdsa/test_ecdh.py', 'venv/lib64/python3.10/site-packages/pydantic/deprecated/config.py', 'venv/lib64/python3.10/site-packages/redis/compat.py', 'venv/lib64/python3.10/site-packages/jose/backends/ecdsa_backend.py', 'venv/lib64/python3.10/site-packages/pydantic/plugin/__init__.py', 'venv/lib64/python3.10/site-packages/_pytest/nodes.py', 'venv/lib64/python3.10/site-packages/_pytest/mark/structures.py', 'venv/lib64/python3.10/site-packages/_pytest/pytester.py', 'venv/lib64/python3.10/site-packages/_pytest/hookspec.py'. Reloading...
Process SpawnProcess-5:
Traceback (most recent call last):
  File "/usr/lib/python3.10/multiprocessing/process.py", line 314, in _bootstrap
    self.run()
  File "/usr/lib/python3.10/multiprocessing/process.py", line 108, in run
    self._target(*self._args, **self._kwargs)
  File "/home/cyberdude/.local/lib/python3.10/site-packages/uvicorn/_subprocess.py", line 76, in subprocess_started
    target(sockets=sockets)
  File "/home/cyberdude/.local/lib/python3.10/site-packages/uvicorn/server.py", line 61, in run
    return asyncio.run(self.serve(sockets=sockets))
  File "/usr/lib/python3.10/asyncio/runners.py", line 44, in run
    return loop.run_until_complete(main)
  File "uvloop/loop.pyx", line 1518, in uvloop.loop.Loop.run_until_complete
  File "/home/cyberdude/.local/lib/python3.10/site-packages/uvicorn/server.py", line 68, in serve
    config.load()
  File "/home/cyberdude/.local/lib/python3.10/site-packages/uvicorn/config.py", line 467, in load
    self.loaded_app = import_from_string(self.app)
  File "/home/cyberdude/.local/lib/python3.10/site-packages/uvicorn/importer.py", line 24, in import_from_string
    raise exc from None
  File "/home/cyberdude/.local/lib/python3.10/site-packages/uvicorn/importer.py", line 21, in import_from_string
    module = importlib.import_module(module_str)
  File "/usr/lib/python3.10/importlib/__init__.py", line 126, in import_module
    return _bootstrap._gcd_import(name[level:], package, level)
  File "<frozen importlib._bootstrap>", line 1050, in _gcd_import
  File "<frozen importlib._bootstrap>", line 1027, in _find_and_load
  File "<frozen importlib._bootstrap>", line 1006, in _find_and_load_unlocked
  File "<frozen importlib._bootstrap>", line 688, in _load_unlocked
  File "<frozen importlib._bootstrap_external>", line 883, in exec_module
  File "<frozen importlib._bootstrap>", line 241, in _call_with_frames_removed
  File "/home/cyberdude/Documents/Projects/CA-final/backend/app/main.py", line 6, in <module>
    from backend.app.core.startup import run_all_startup_checks
ModuleNotFoundError: No module named 'backend'
WARNING:  WatchFiles detected changes in 'venv/lib64/python3.10/site-packages/anyio/streams/file.py', 'venv/lib64/python3.10/site-packages/cryptography/hazmat/backends/__init__.py', 'venv/lib64/python3.10/site-packages/fastapi/routing.py', 'venv/lib64/python3.10/site-packages/botocore/vendored/requests/__init__.py', 'venv/lib64/python3.10/site-packages/cryptography/hazmat/bindings/openssl/binding.py', 'venv/lib64/python3.10/site-packages/botocore/compat.py', 'venv/lib64/python3.10/site-packages/botocore/docs/client.py', 'venv/lib64/python3.10/site-packages/s3transfer/manager.py', 'venv/lib64/python3.10/site-packages/s3transfer/processpool.py', 'venv/lib64/python3.10/site-packages/starlette/middleware/errors.py', 'venv/lib64/python3.10/site-packages/cryptography/x509/verification.py', 'venv/lib64/python3.10/site-packages/boto3/docs/base.py', 'venv/lib64/python3.10/site-packages/anyio/_core/_testing.py', 'venv/lib64/python3.10/site-packages/anyio/abc/_subprocesses.py', 'venv/lib64/python3.10/site-packages/alembic/ddl/mysql.py', 'venv/lib64/python3.10/site-packages/s3transfer/upload.py', 'venv/lib64/python3.10/site-packages/botocore/monitoring.py', 'venv/lib64/python3.10/site-packages/anyio/_core/_tasks.py', 'venv/lib64/python3.10/site-packages/botocore/retries/quota.py', 'venv/lib64/python3.10/site-packages/cryptography/x509/oid.py', 'venv/lib64/python3.10/site-packages/s3transfer/compat.py', 'venv/lib64/python3.10/site-packages/botocore/eventstream.py', 'venv/lib64/python3.10/site-packages/watchfiles/__main__.py', 'venv/lib64/python3.10/site-packages/alembic/operations/ops.py', 'venv/lib64/python3.10/site-packages/alembic/command.py', 'venv/lib64/python3.10/site-packages/starlette/schemas.py', 'venv/lib64/python3.10/site-packages/boto3/exceptions.py', 'venv/lib64/python3.10/site-packages/cryptography/hazmat/primitives/constant_time.py', 'venv/lib64/python3.10/site-packages/watchfiles/__init__.py', 'venv/lib64/python3.10/site-packages/fastapi/params.py', 'venv/lib64/python3.10/site-packages/anyio/lowlevel.py', 'venv/lib64/python3.10/site-packages/alembic/operations/schemaobj.py', 'venv/lib64/python3.10/site-packages/botocore/retries/bucket.py', 'venv/lib64/python3.10/site-packages/pytest_asyncio/__init__.py', 'venv/lib64/python3.10/site-packages/starlette/datastructures.py', 'venv/lib64/python3.10/site-packages/alembic/ddl/sqlite.py', 'venv/lib64/python3.10/site-packages/fastapi/_compat.py', 'venv/lib64/python3.10/site-packages/botocore/docs/bcdoc/style.py', 'venv/lib64/python3.10/site-packages/starlette/background.py', 'venv/lib64/python3.10/site-packages/alembic/testing/warnings.py', 'venv/lib64/python3.10/site-packages/pydantic_settings/main.py', 'venv/lib64/python3.10/site-packages/fastapi/openapi/constants.py', 'venv/lib64/python3.10/site-packages/cryptography/hazmat/primitives/kdf/scrypt.py', 'venv/lib64/python3.10/site-packages/fastapi/security/open_id_connect_url.py', 'venv/lib64/python3.10/site-packages/fastapi/middleware/cors.py', 'venv/lib64/python3.10/site-packages/alembic/script/base.py', 'venv/lib64/python3.10/site-packages/starlette/types.py', 'venv/lib64/python3.10/site-packages/watchfiles/version.py', 'venv/lib64/python3.10/site-packages/botocore/args.py', 'venv/lib64/python3.10/site-packages/anyio/to_interpreter.py', 'venv/lib64/python3.10/site-packages/starlette/staticfiles.py', 'venv/lib64/python3.10/site-packages/alembic/autogenerate/render.py', 'venv/lib64/python3.10/site-packages/alembic/templates/async/env.py', 'venv/lib64/python3.10/site-packages/starlette/middleware/wsgi.py', 'venv/lib64/python3.10/site-packages/boto3/dynamodb/conditions.py', 'venv/lib64/python3.10/site-packages/cryptography/hazmat/primitives/kdf/__init__.py', 'venv/lib64/python3.10/site-packages/alembic/util/langhelpers.py', 'venv/lib64/python3.10/site-packages/alembic/autogenerate/api.py', 'venv/lib64/python3.10/site-packages/httpx/_transports/asgi.py', 'venv/lib64/python3.10/site-packages/cryptography/hazmat/bindings/openssl/__init__.py', 'venv/lib64/python3.10/site-packages/alembic/script/revision.py', 'venv/lib64/python3.10/site-packages/botocore/waiter.py', 'venv/lib64/python3.10/site-packages/boto3/compat.py', 'venv/lib64/python3.10/site-packages/starlette/config.py', 'venv/lib64/python3.10/site-packages/s3transfer/subscribers.py', 'venv/lib64/python3.10/site-packages/boto3/docs/docstring.py', 'venv/lib64/python3.10/site-packages/alembic/autogenerate/compare.py', 'venv/lib64/python3.10/site-packages/starlette/middleware/cors.py', 'venv/lib64/python3.10/site-packages/starlette/middleware/exceptions.py', 'venv/lib64/python3.10/site-packages/cryptography/hazmat/primitives/twofactor/hotp.py', 'venv/lib64/python3.10/site-packages/cryptography/hazmat/primitives/_serialization.py', 'venv/lib64/python3.10/site-packages/fastapi/openapi/docs.py', 'venv/lib64/python3.10/site-packages/cryptography/hazmat/primitives/asymmetric/rsa.py', 'venv/lib64/python3.10/site-packages/cryptography/x509/base.py', 'venv/lib64/python3.10/site-packages/alembic/script/write_hooks.py', 'venv/lib64/python3.10/site-packages/botocore/retries/base.py', 'venv/lib64/python3.10/site-packages/botocore/errorfactory.py', 'venv/lib64/python3.10/site-packages/boto3/dynamodb/types.py', 'venv/lib64/python3.10/site-packages/cryptography/hazmat/primitives/_asymmetric.py', 'venv/lib64/python3.10/site-packages/alembic/testing/suite/_autogen_fixtures.py', 'venv/lib64/python3.10/site-packages/httpx/_decoders.py', 'venv/lib64/python3.10/site-packages/cryptography/hazmat/primitives/padding.py', 'venv/lib64/python3.10/site-packages/alembic/testing/plugin/bootstrap.py', 'venv/lib64/python3.10/site-packages/botocore/retries/standard.py', 'venv/lib64/python3.10/site-packages/alembic/config.py', 'venv/lib64/python3.10/site-packages/starlette/middleware/authentication.py', 'venv/lib64/python3.10/site-packages/alembic/testing/assertions.py', 'venv/lib64/python3.10/site-packages/fastapi/middleware/trustedhost.py', 'venv/lib64/python3.10/site-packages/botocore/docs/service.py', 'venv/lib64/python3.10/site-packages/httpx/_api.py', 'venv/lib64/python3.10/site-packages/fastapi/testclient.py', 'venv/lib64/python3.10/site-packages/fastapi/concurrency.py', 'venv/lib64/python3.10/site-packages/pydantic_settings/version.py', 'venv/lib64/python3.10/site-packages/anyio/streams/text.py', 'venv/lib64/python3.10/site-packages/alembic/testing/env.py', 'venv/lib64/python3.10/site-packages/cryptography/hazmat/primitives/asymmetric/x25519.py', 'venv/lib64/python3.10/site-packages/botocore/docs/shape.py', 'venv/lib64/python3.10/site-packages/starlette/exceptions.py', 'venv/lib64/python3.10/site-packages/cryptography/hazmat/primitives/keywrap.py', 'venv/lib64/python3.10/site-packages/alembic/context.py', 'venv/lib64/python3.10/site-packages/botocore/hooks.py', 'venv/lib64/python3.10/site-packages/starlette/_exception_handler.py', 'venv/lib64/python3.10/site-packages/botocore/docs/paginator.py', 'venv/lib64/python3.10/site-packages/cryptography/hazmat/primitives/asymmetric/ec.py', 'venv/lib64/python3.10/site-packages/cryptography/hazmat/primitives/ciphers/modes.py', 'venv/lib64/python3.10/site-packages/fastapi/cli.py', 'venv/lib64/python3.10/site-packages/httpx/_transports/base.py', 'venv/lib64/python3.10/site-packages/alembic/util/messaging.py', 'venv/lib64/python3.10/site-packages/watchfiles/run.py', 'venv/lib64/python3.10/site-packages/cryptography/hazmat/primitives/ciphers/base.py', 'venv/lib64/python3.10/site-packages/alembic/testing/schemacompare.py', 'venv/lib64/python3.10/site-packages/cryptography/x509/__init__.py', 'venv/lib64/python3.10/site-packages/starlette/endpoints.py', 'venv/lib64/python3.10/site-packages/botocore/docs/example.py', 'venv/lib64/python3.10/site-packages/botocore/httpsession.py', 'venv/lib64/python3.10/site-packages/fastapi/middleware/httpsredirect.py', 'venv/lib64/python3.10/site-packages/cryptography/hazmat/primitives/cmac.py', 'venv/lib64/python3.10/site-packages/botocore/retries/__init__.py', 'venv/lib64/python3.10/site-packages/anyio/streams/memory.py', 'venv/lib64/python3.10/site-packages/anyio/streams/buffered.py', 'venv/lib64/python3.10/site-packages/pytest_asyncio/plugin.py', 'venv/lib64/python3.10/site-packages/alembic/testing/suite/test_autogen_fks.py', 'venv/lib64/python3.10/site-packages/botocore/docs/bcdoc/restdoc.py', 'venv/lib64/python3.10/site-packages/cryptography/hazmat/primitives/serialization/__init__.py', 'venv/lib64/python3.10/site-packages/anyio/from_thread.py', 'venv/lib64/python3.10/site-packages/cryptography/hazmat/primitives/ciphers/aead.py', 'venv/lib64/python3.10/site-packages/starlette/routing.py', 'venv/lib64/python3.10/site-packages/botocore/httpchecksum.py', 'venv/lib64/python3.10/site-packages/httpx/_main.py', 'venv/lib64/python3.10/site-packages/alembic/util/compat.py', 'venv/lib64/python3.10/site-packages/cryptography/hazmat/primitives/ciphers/algorithms.py', 'venv/lib64/python3.10/site-packages/alembic/operations/toimpl.py', 'venv/lib64/python3.10/site-packages/s3transfer/constants.py', 'venv/lib64/python3.10/site-packages/boto3/ec2/createtags.py', 'venv/lib64/python3.10/site-packages/httpx/_compat.py', 'venv/lib64/python3.10/site-packages/boto3/docs/subresource.py', 'venv/lib64/python3.10/site-packages/botocore/stub.py', 'venv/lib64/python3.10/site-packages/cryptography/hazmat/primitives/kdf/kbkdf.py', 'venv/lib64/python3.10/site-packages/alembic/runtime/environment.py', 'venv/lib64/python3.10/site-packages/httpx/_exceptions.py', 'venv/lib64/python3.10/site-packages/anyio/to_process.py', 'venv/lib64/python3.10/site-packages/botocore/docs/params.py', 'venv/lib64/python3.10/site-packages/alembic/testing/requirements.py', 'venv/lib64/python3.10/site-packages/fastapi/security/base.py', 'venv/lib64/python3.10/site-packages/s3transfer/futures.py', 'venv/lib64/python3.10/site-packages/cryptography/hazmat/primitives/__init__.py', 'venv/lib64/python3.10/site-packages/botocore/session.py', 'venv/lib64/python3.10/site-packages/fastapi/dependencies/utils.py', 'venv/lib64/python3.10/site-packages/botocore/retries/throttling.py', 'venv/lib64/python3.10/site-packages/botocore/vendored/six.py', 'venv/lib64/python3.10/site-packages/boto3/docs/utils.py', 'venv/lib64/python3.10/site-packages/cryptography/hazmat/primitives/poly1305.py', 'venv/lib64/python3.10/site-packages/cryptography/hazmat/backends/openssl/aead.py', 'venv/lib64/python3.10/site-packages/cryptography/hazmat/primitives/ciphers/__init__.py', 'venv/lib64/python3.10/site-packages/starlette/_compat.py', 'venv/lib64/python3.10/site-packages/starlette/middleware/gzip.py', 'venv/lib64/python3.10/site-packages/anyio/abc/_resources.py', 'venv/lib64/python3.10/site-packages/botocore/docs/bcdoc/docstringparser.py', 'venv/lib64/python3.10/site-packages/starlette/responses.py', 'venv/lib64/python3.10/site-packages/starlette/websockets.py', 'venv/lib64/python3.10/site-packages/httpx/_client.py', 'venv/lib64/python3.10/site-packages/cryptography/hazmat/primitives/hmac.py', 'venv/lib64/python3.10/site-packages/cryptography/hazmat/bindings/__init__.py', 'venv/lib64/python3.10/site-packages/anyio/abc/_eventloop.py', 'venv/lib64/python3.10/site-packages/fastapi/requests.py', 'venv/lib64/python3.10/site-packages/fastapi/__main__.py', 'venv/lib64/python3.10/site-packages/anyio/_core/_asyncio_selector_thread.py', 'venv/lib64/python3.10/site-packages/botocore/__init__.py', 'venv/lib64/python3.10/site-packages/botocore/docs/waiter.py', 'venv/lib64/python3.10/site-packages/botocore/crt/__init__.py', 'venv/lib64/python3.10/site-packages/fastapi/encoders.py', 'venv/lib64/python3.10/site-packages/fastapi/middleware/wsgi.py', 'venv/lib64/python3.10/site-packages/alembic/__main__.py', 'venv/lib64/python3.10/site-packages/cryptography/hazmat/primitives/asymmetric/padding.py', 'venv/lib64/python3.10/site-packages/boto3/resources/model.py', 'venv/lib64/python3.10/site-packages/alembic/ddl/base.py', 'venv/lib64/python3.10/site-packages/cryptography/hazmat/backends/openssl/decode_asn1.py', 'venv/lib64/python3.10/site-packages/httpx/_transports/mock.py', 'venv/lib64/python3.10/site-packages/cryptography/hazmat/backends/openssl/backend.py', 'venv/lib64/python3.10/site-packages/botocore/translate.py', 'venv/lib64/python3.10/site-packages/alembic/util/sqla_compat.py', 'venv/lib64/python3.10/site-packages/alembic/operations/base.py', 'venv/lib64/python3.10/site-packages/boto3/resources/collection.py', 'venv/lib64/python3.10/site-packages/starlette/status.py', 'venv/lib64/python3.10/site-packages/s3transfer/__init__.py', 'venv/lib64/python3.10/site-packages/fastapi/applications.py', 'venv/lib64/python3.10/site-packages/botocore/vendored/requests/packages/urllib3/exceptions.py', 'venv/lib64/python3.10/site-packages/cryptography/x509/certificate_transparency.py', 'venv/lib64/python3.10/site-packages/cryptography/hazmat/backends/openssl/__init__.py', 'venv/lib64/python3.10/site-packages/botocore/docs/translator.py', 'venv/lib64/python3.10/site-packages/fastapi/openapi/utils.py', 'venv/lib64/python3.10/site-packages/boto3/dynamodb/table.py', 'venv/lib64/python3.10/site-packages/fastapi/security/api_key.py', 'venv/lib64/python3.10/site-packages/botocore/vendored/requests/packages/__init__.py', 'venv/lib64/python3.10/site-packages/botocore/useragent.py', 'venv/lib64/python3.10/site-packages/anyio/abc/_streams.py', 'venv/lib64/python3.10/site-packages/anyio/to_thread.py', 'venv/lib64/python3.10/site-packages/alembic/ddl/_autogen.py', 'venv/lib64/python3.10/site-packages/boto3/resources/base.py', 'venv/lib64/python3.10/site-packages/fastapi/param_functions.py', 'venv/lib64/python3.10/site-packages/boto3/session.py', 'venv/lib64/python3.10/site-packages/alembic/testing/suite/test_autogen_computed.py', 'venv/lib64/python3.10/site-packages/anyio/_core/_signals.py', 'venv/lib64/python3.10/site-packages/httpx/_types.py', 'venv/lib64/python3.10/site-packages/httpx/_urlparse.py', 'venv/lib64/python3.10/site-packages/fastapi/background.py', 'venv/lib64/python3.10/site-packages/anyio/abc/_sockets.py', 'venv/lib64/python3.10/site-packages/starlette/testclient.py', 'venv/lib64/python3.10/site-packages/httpx/_config.py', 'venv/lib64/python3.10/site-packages/anyio/_core/_synchronization.py', 'venv/lib64/python3.10/site-packages/anyio/_core/_tempfile.py', 'venv/lib64/python3.10/site-packages/boto3/docs/client.py', 'venv/lib64/python3.10/site-packages/alembic/testing/util.py', 'venv/lib64/python3.10/site-packages/alembic/op.py', 'venv/lib64/python3.10/site-packages/starlette/middleware/base.py', 'venv/lib64/python3.10/site-packages/cryptography/x509/extensions.py', 'venv/lib64/python3.10/site-packages/boto3/dynamodb/transform.py', 'venv/lib64/python3.10/site-packages/cryptography/hazmat/primitives/twofactor/__init__.py', 'venv/lib64/python3.10/site-packages/botocore/docs/method.py', 'venv/lib64/python3.10/site-packages/fastapi/security/oauth2.py', 'venv/lib64/python3.10/site-packages/cryptography/hazmat/primitives/serialization/base.py', 'venv/lib64/python3.10/site-packages/cryptography/hazmat/primitives/asymmetric/dsa.py', 'venv/lib64/python3.10/site-packages/anyio/functools.py', 'venv/lib64/python3.10/site-packages/boto3/__init__.py', 'venv/lib64/python3.10/site-packages/cryptography/hazmat/primitives/kdf/x963kdf.py', 'venv/lib64/python3.10/site-packages/anyio/abc/_testing.py', 'venv/lib64/python3.10/site-packages/pydantic_settings/__init__.py', 'venv/lib64/python3.10/site-packages/cryptography/hazmat/primitives/hashes.py', 'venv/lib64/python3.10/site-packages/anyio/abc/_tasks.py', 'venv/lib64/python3.10/site-packages/botocore/tokens.py', 'venv/lib64/python3.10/site-packages/anyio/_core/_subprocesses.py', 'venv/lib64/python3.10/site-packages/starlette/convertors.py', 'venv/lib64/python3.10/site-packages/botocore/signers.py', 'venv/lib64/python3.10/site-packages/cryptography/hazmat/primitives/asymmetric/__init__.py', 'venv/lib64/python3.10/site-packages/boto3/s3/transfer.py', 'venv/lib64/python3.10/site-packages/fastapi/logger.py', 'venv/lib64/python3.10/site-packages/cryptography/hazmat/primitives/serialization/ssh.py', 'venv/lib64/python3.10/site-packages/botocore/model.py', 'venv/lib64/python3.10/site-packages/botocore/vendored/requests/exceptions.py', 'venv/lib64/python3.10/site-packages/anyio/streams/stapled.py', 'venv/lib64/python3.10/site-packages/s3transfer/tasks.py', 'venv/lib64/python3.10/site-packages/botocore/history.py', 'venv/lib64/python3.10/site-packages/cryptography/hazmat/primitives/asymmetric/ed25519.py', 'venv/lib64/python3.10/site-packages/boto3/s3/constants.py', 'venv/lib64/python3.10/site-packages/httpx/_content.py', 'venv/lib64/python3.10/site-packages/starlette/authentication.py', 'venv/lib64/python3.10/site-packages/alembic/testing/suite/test_op.py', 'venv/lib64/python3.10/site-packages/alembic/templates/generic/env.py', 'venv/lib64/python3.10/site-packages/botocore/utils.py', 'venv/lib64/python3.10/site-packages/anyio/_core/_contextmanagers.py', 'venv/lib64/python3.10/site-packages/alembic/environment.py', 'venv/lib64/python3.10/site-packages/fastapi/utils.py', 'venv/lib64/python3.10/site-packages/httpx/__init__.py', 'venv/lib64/python3.10/site-packages/anyio/_core/_typedattr.py', 'venv/lib64/python3.10/site-packages/anyio/_core/_exceptions.py', 'venv/lib64/python3.10/site-packages/botocore/serialize.py', 'venv/lib64/python3.10/site-packages/watchfiles/main.py', 'venv/lib64/python3.10/site-packages/anyio/streams/tls.py', 'venv/lib64/python3.10/site-packages/botocore/auth.py', 'venv/lib64/python3.10/site-packages/botocore/crt/auth.py', 'venv/lib64/python3.10/site-packages/fastapi/middleware/gzip.py', 'venv/lib64/python3.10/site-packages/s3transfer/bandwidth.py', 'venv/lib64/python3.10/site-packages/botocore/docs/__init__.py', 'venv/lib64/python3.10/site-packages/cryptography/x509/general_name.py', 'venv/lib64/python3.10/site-packages/s3transfer/utils.py', 'venv/lib64/python3.10/site-packages/alembic/testing/suite/test_autogen_identity.py', 'venv/lib64/python3.10/site-packages/fastapi/security/utils.py', 'venv/lib64/python3.10/site-packages/botocore/docs/docstring.py', 'venv/lib64/python3.10/site-packages/anyio/_core/_fileio.py', 'venv/lib64/python3.10/site-packages/starlette/requests.py', 'venv/lib64/python3.10/site-packages/alembic/ddl/oracle.py', 'venv/lib64/python3.10/site-packages/alembic/runtime/migration.py', 'venv/lib64/python3.10/site-packages/alembic/util/editor.py', 'venv/lib64/python3.10/site-packages/botocore/retries/adaptive.py', 'venv/lib64/python3.10/site-packages/boto3/docs/service.py', 'venv/lib64/python3.10/site-packages/botocore/docs/sharedexample.py', 'venv/lib64/python3.10/site-packages/botocore/discovery.py', 'venv/lib64/python3.10/site-packages/botocore/endpoint.py', 'venv/lib64/python3.10/site-packages/cryptography/hazmat/primitives/kdf/hkdf.py', 'venv/lib64/python3.10/site-packages/fastapi/templating.py', 'venv/lib64/python3.10/site-packages/botocore/retries/special.py', 'venv/lib64/python3.10/site-packages/alembic/testing/suite/test_autogen_diffs.py', 'venv/lib64/python3.10/site-packages/alembic/testing/suite/test_autogen_comments.py', 'venv/lib64/python3.10/site-packages/anyio/_backends/_asyncio.py', 'venv/lib64/python3.10/site-packages/boto3/docs/resource.py', 'venv/lib64/python3.10/site-packages/starlette/middleware/sessions.py', 'venv/lib64/python3.10/site-packages/httpx/_transports/default.py', 'venv/lib64/python3.10/site-packages/fastapi/dependencies/models.py', 'venv/lib64/python3.10/site-packages/cryptography/hazmat/primitives/serialization/pkcs7.py', 'venv/lib64/python3.10/site-packages/fastapi/exception_handlers.py', 'venv/lib64/python3.10/site-packages/starlette/applications.py', 'venv/lib64/python3.10/site-packages/alembic/util/exc.py', 'venv/lib64/python3.10/site-packages/botocore/configloader.py', 'venv/lib64/python3.10/site-packages/botocore/docs/bcdoc/__init__.py', 'venv/lib64/python3.10/site-packages/alembic/operations/batch.py', 'venv/lib64/python3.10/site-packages/alembic/__init__.py', 'venv/lib64/python3.10/site-packages/alembic/util/pyfiles.py', 'venv/lib64/python3.10/site-packages/cryptography/hazmat/primitives/kdf/concatkdf.py', 'venv/lib64/python3.10/site-packages/boto3/utils.py', 'venv/lib64/python3.10/site-packages/httpx/_urls.py', 'venv/lib64/python3.10/site-packages/s3transfer/crt.py', 'venv/lib64/python3.10/site-packages/watchfiles/filters.py', 'venv/lib64/python3.10/site-packages/botocore/parsers.py', 'venv/lib64/python3.10/site-packages/cryptography/hazmat/primitives/asymmetric/dh.py', 'venv/lib64/python3.10/site-packages/s3transfer/delete.py', 'venv/lib64/python3.10/site-packages/pydantic_settings/utils.py', 'venv/lib64/python3.10/site-packages/botocore/client.py', 'venv/lib64/python3.10/site-packages/httpx/_multipart.py', 'venv/lib64/python3.10/site-packages/fastapi/responses.py', 'venv/lib64/python3.10/site-packages/fastapi/websockets.py', 'venv/lib64/python3.10/site-packages/boto3/ec2/deletetags.py', 'venv/lib64/python3.10/site-packages/botocore/regions.py', 'venv/lib64/python3.10/site-packages/cryptography/hazmat/primitives/asymmetric/utils.py', 'venv/lib64/python3.10/site-packages/cryptography/hazmat/primitives/asymmetric/x448.py', 'venv/lib64/python3.10/site-packages/httpx/__version__.py', 'venv/lib64/python3.10/site-packages/cryptography/hazmat/primitives/serialization/pkcs12.py', 'venv/lib64/python3.10/site-packages/botocore/configprovider.py', 'venv/lib64/python3.10/site-packages/s3transfer/copies.py', 'venv/lib64/python3.10/site-packages/alembic/autogenerate/rewriter.py', 'venv/lib64/python3.10/site-packages/boto3/resources/factory.py', 'venv/lib64/python3.10/site-packages/botocore/credentials.py', 'venv/lib64/python3.10/site-packages/fastapi/datastructures.py', 'venv/lib64/python3.10/site-packages/fastapi/openapi/models.py', 'venv/lib64/python3.10/site-packages/fastapi/security/http.py', 'venv/lib64/python3.10/site-packages/s3transfer/download.py', 'venv/lib64/python3.10/site-packages/alembic/ddl/impl.py', 'venv/lib64/python3.10/site-packages/fastapi/types.py', 'venv/lib64/python3.10/site-packages/botocore/vendored/__init__.py', 'venv/lib64/python3.10/site-packages/starlette/concurrency.py', 'venv/lib64/python3.10/site-packages/boto3/resources/response.py', 'venv/lib64/python3.10/site-packages/botocore/awsrequest.py', 'venv/lib64/python3.10/site-packages/fastapi/staticfiles.py', 'venv/lib64/python3.10/site-packages/boto3/crt.py', 'venv/lib64/python3.10/site-packages/boto3/s3/inject.py', 'venv/lib64/python3.10/site-packages/cryptography/x509/ocsp.py', 'venv/lib64/python3.10/site-packages/botocore/compress.py', 'venv/lib64/python3.10/site-packages/cryptography/hazmat/backends/openssl/ciphers.py', 'venv/lib64/python3.10/site-packages/botocore/paginate.py', 'venv/lib64/python3.10/site-packages/httpx/_utils.py', 'venv/lib64/python3.10/site-packages/botocore/endpoint_provider.py', 'venv/lib64/python3.10/site-packages/botocore/config.py', 'venv/lib64/python3.10/site-packages/pytest_asyncio/_version.py', 'venv/lib64/python3.10/site-packages/alembic/templates/multidb/env.py', 'venv/lib64/python3.10/site-packages/cryptography/hazmat/primitives/kdf/pbkdf2.py', 'venv/lib64/python3.10/site-packages/anyio/_backends/_trio.py', 'venv/lib64/python3.10/site-packages/botocore/handlers.py', 'venv/lib64/python3.10/site-packages/boto3/resources/action.py', 'venv/lib64/python3.10/site-packages/boto3/docs/waiter.py', 'venv/lib64/python3.10/site-packages/anyio/_core/_resources.py', 'venv/lib64/python3.10/site-packages/botocore/docs/utils.py', 'venv/lib64/python3.10/site-packages/httpx/_transports/wsgi.py', 'venv/lib64/python3.10/site-packages/httpx/_auth.py', 'venv/lib64/python3.10/site-packages/botocore/vendored/requests/packages/urllib3/__init__.py', 'venv/lib64/python3.10/site-packages/cryptography/hazmat/primitives/asymmetric/ed448.py', 'venv/lib64/python3.10/site-packages/anyio/_core/_eventloop.py', 'venv/lib64/python3.10/site-packages/botocore/validate.py', 'venv/lib64/python3.10/site-packages/starlette/_utils.py', 'venv/lib64/python3.10/site-packages/boto3/docs/attr.py', 'venv/lib64/python3.10/site-packages/alembic/testing/suite/test_environment.py', 'venv/lib64/python3.10/site-packages/cryptography/hazmat/primitives/twofactor/totp.py', 'venv/lib64/python3.10/site-packages/boto3/resources/params.py', 'venv/lib64/python3.10/site-packages/cryptography/hazmat/primitives/_cipheralgorithm.py', 'venv/lib64/python3.10/site-packages/anyio/pytest_plugin.py', 'venv/lib64/python3.10/site-packages/anyio/_core/__init__.py', 'venv/lib64/python3.10/site-packages/starlette/middleware/trustedhost.py', 'venv/lib64/python3.10/site-packages/alembic/ddl/postgresql.py', 'venv/lib64/python3.10/site-packages/watchfiles/cli.py', 'venv/lib64/python3.10/site-packages/alembic/ddl/mssql.py', 'venv/lib64/python3.10/site-packages/starlette/formparsers.py', 'venv/lib64/python3.10/site-packages/botocore/loaders.py', 'venv/lib64/python3.10/site-packages/pydantic_settings/sources.py', 'venv/lib64/python3.10/site-packages/botocore/exceptions.py', 'venv/lib64/python3.10/site-packages/httpx/_models.py', 'venv/lib64/python3.10/site-packages/fastapi/exceptions.py', 'venv/lib64/python3.10/site-packages/botocore/retryhandler.py', 'venv/lib64/python3.10/site-packages/cryptography/x509/name.py', 'venv/lib64/python3.10/site-packages/anyio/_core/_streams.py', 'venv/lib64/python3.10/site-packages/cryptography/hazmat/primitives/asymmetric/types.py', 'venv/lib64/python3.10/site-packages/alembic/migration.py', 'venv/lib64/python3.10/site-packages/starlette/templating.py', 'venv/lib64/python3.10/site-packages/alembic/testing/fixtures.py', 'venv/lib64/python3.10/site-packages/boto3/docs/method.py', 'venv/lib64/python3.10/site-packages/botocore/response.py', 'venv/lib64/python3.10/site-packages/s3transfer/exceptions.py', 'venv/lib64/python3.10/site-packages/anyio/_core/_sockets.py', 'venv/lib64/python3.10/site-packages/httpx/_status_codes.py', 'venv/lib64/python3.10/site-packages/boto3/docs/collection.py', 'venv/lib64/python3.10/site-packages/starlette/middleware/httpsredirect.py'. Reloading...
Process SpawnProcess-6:
Traceback (most recent call last):
  File "/usr/lib/python3.10/multiprocessing/process.py", line 314, in _bootstrap
    self.run()
  File "/usr/lib/python3.10/multiprocessing/process.py", line 108, in run
    self._target(*self._args, **self._kwargs)
  File "/home/cyberdude/.local/lib/python3.10/site-packages/uvicorn/_subprocess.py", line 76, in subprocess_started
    target(sockets=sockets)
  File "/home/cyberdude/.local/lib/python3.10/site-packages/uvicorn/server.py", line 61, in run
    return asyncio.run(self.serve(sockets=sockets))
  File "/usr/lib/python3.10/asyncio/runners.py", line 44, in run
    return loop.run_until_complete(main)
  File "uvloop/loop.pyx", line 1518, in uvloop.loop.Loop.run_until_complete
  File "/home/cyberdude/.local/lib/python3.10/site-packages/uvicorn/server.py", line 68, in serve
    config.load()
  File "/home/cyberdude/.local/lib/python3.10/site-packages/uvicorn/config.py", line 467, in load
    self.loaded_app = import_from_string(self.app)
  File "/home/cyberdude/.local/lib/python3.10/site-packages/uvicorn/importer.py", line 24, in import_from_string
    raise exc from None
  File "/home/cyberdude/.local/lib/python3.10/site-packages/uvicorn/importer.py", line 21, in import_from_string
    module = importlib.import_module(module_str)
  File "/usr/lib/python3.10/importlib/__init__.py", line 126, in import_module
    return _bootstrap._gcd_import(name[level:], package, level)
  File "<frozen importlib._bootstrap>", line 1050, in _gcd_import
  File "<frozen importlib._bootstrap>", line 1027, in _find_and_load
  File "<frozen importlib._bootstrap>", line 1006, in _find_and_load_unlocked
  File "<frozen importlib._bootstrap>", line 688, in _load_unlocked
  File "<frozen importlib._bootstrap_external>", line 883, in exec_module
  File "<frozen importlib._bootstrap>", line 241, in _call_with_frames_removed
  File "/home/cyberdude/Documents/Projects/CA-final/backend/app/main.py", line 6, in <module>
    from backend.app.core.startup import run_all_startup_checks
ModuleNotFoundError: No module named 'backend'
WARNING:  WatchFiles detected changes in 'venv/lib64/python3.10/site-packages/uvicorn/protocols/websockets/wsproto_impl.py', 'venv/lib64/python3.10/site-packages/uvicorn/protocols/utils.py', 'venv/lib64/python3.10/site-packages/~vicorn/lifespan/off.py', 'venv/lib64/python3.10/site-packages/uvicorn/supervisors/statreload.py', 'venv/lib64/python3.10/site-packages/~vicorn/supervisors/__init__.py', 'venv/lib64/python3.10/site-packages/~vicorn/middleware/message_logger.py', 'venv/lib64/python3.10/site-packages/uvicorn/supervisors/watchgodreload.py', 'venv/lib64/python3.10/site-packages/~vicorn/middleware/proxy_headers.py', 'venv/lib64/python3.10/site-packages/~vicorn/main.py', 'venv/lib64/python3.10/site-packages/~vicorn/server.py', 'venv/lib64/python3.10/site-packages/~vicorn/supervisors/multiprocess.py', 'venv/lib64/python3.10/site-packages/~vicorn/protocols/http/auto.py', 'venv/lib64/python3.10/site-packages/uvicorn/supervisors/watchfilesreload.py', 'venv/lib64/python3.10/site-packages/uvicorn/supervisors/__init__.py', 'venv/lib64/python3.10/site-packages/~vicorn/protocols/__init__.py', 'venv/lib64/python3.10/site-packages/~vicorn/__main__.py', 'venv/lib64/python3.10/site-packages/~vicorn/middleware/wsgi.py', 'venv/lib64/python3.10/site-packages/~vicorn/lifespan/on.py', 'venv/lib64/python3.10/site-packages/~vicorn/loops/asyncio.py', 'venv/lib64/python3.10/site-packages/uvicorn/protocols/http/auto.py', 'venv/lib64/python3.10/site-packages/uvicorn/supervisors/multiprocess.py', 'venv/lib64/python3.10/site-packages/~vicorn/supervisors/watchfilesreload.py', 'venv/lib64/python3.10/site-packages/~vicorn/protocols/websockets/websockets_impl.py', 'venv/lib64/python3.10/site-packages/~vicorn/supervisors/basereload.py', 'venv/lib64/python3.10/site-packages/~vicorn/__init__.py', 'venv/lib64/python3.10/site-packages/~vicorn/protocols/http/__init__.py', 'venv/lib64/python3.10/site-packages/~vicorn/protocols/websockets/auto.py', 'venv/lib64/python3.10/site-packages/uvicorn/supervisors/basereload.py', 'venv/lib64/python3.10/site-packages/~vicorn/logging.py', 'venv/lib64/python3.10/site-packages/uvicorn/middleware/proxy_headers.py', 'venv/lib64/python3.10/site-packages/~vicorn/middleware/asgi2.py', 'venv/lib64/python3.10/site-packages/~vicorn/protocols/http/httptools_impl.py', 'venv/lib64/python3.10/site-packages/~vicorn/loops/auto.py', 'venv/lib64/python3.10/site-packages/~vicorn/protocols/websockets/__init__.py', 'venv/lib64/python3.10/site-packages/~vicorn/protocols/websockets/wsproto_impl.py', 'venv/lib64/python3.10/site-packages/uvicorn/middleware/wsgi.py', 'venv/lib64/python3.10/site-packages/~vicorn/config.py', 'venv/lib64/python3.10/site-packages/uvicorn/protocols/websockets/auto.py', 'venv/lib64/python3.10/site-packages/~vicorn/loops/uvloop.py', 'venv/lib64/python3.10/site-packages/~vicorn/protocols/http/h11_impl.py', 'venv/lib64/python3.10/site-packages/~vicorn/loops/__init__.py', 'venv/lib64/python3.10/site-packages/~vicorn/_subprocess.py', 'venv/lib64/python3.10/site-packages/~vicorn/protocols/utils.py', 'venv/lib64/python3.10/site-packages/~vicorn/supervisors/statreload.py', 'venv/lib64/python3.10/site-packages/~vicorn/middleware/__init__.py', 'venv/lib64/python3.10/site-packages/~vicorn/supervisors/watchgodreload.py', 'venv/lib64/python3.10/site-packages/~vicorn/protocols/http/flow_control.py', 'venv/lib64/python3.10/site-packages/~vicorn/_types.py', 'venv/lib64/python3.10/site-packages/uvicorn/protocols/http/h11_impl.py', 'venv/lib64/python3.10/site-packages/uvicorn/protocols/websockets/websockets_impl.py', 'venv/lib64/python3.10/site-packages/uvicorn/protocols/http/httptools_impl.py', 'venv/lib64/python3.10/site-packages/~vicorn/importer.py', 'venv/lib64/python3.10/site-packages/~vicorn/lifespan/__init__.py', 'venv/lib64/python3.10/site-packages/uvicorn/protocols/http/flow_control.py', 'venv/lib64/python3.10/site-packages/~vicorn/workers.py'. Reloading...
Process SpawnProcess-7:
Traceback (most recent call last):
  File "/usr/lib/python3.10/multiprocessing/process.py", line 314, in _bootstrap
    self.run()
  File "/usr/lib/python3.10/multiprocessing/process.py", line 108, in run
    self._target(*self._args, **self._kwargs)
  File "/home/cyberdude/.local/lib/python3.10/site-packages/uvicorn/_subprocess.py", line 76, in subprocess_started
    target(sockets=sockets)
  File "/home/cyberdude/.local/lib/python3.10/site-packages/uvicorn/server.py", line 61, in run
    return asyncio.run(self.serve(sockets=sockets))
  File "/usr/lib/python3.10/asyncio/runners.py", line 44, in run
    return loop.run_until_complete(main)
  File "uvloop/loop.pyx", line 1518, in uvloop.loop.Loop.run_until_complete
  File "/home/cyberdude/.local/lib/python3.10/site-packages/uvicorn/server.py", line 68, in serve
    config.load()
  File "/home/cyberdude/.local/lib/python3.10/site-packages/uvicorn/config.py", line 467, in load
    self.loaded_app = import_from_string(self.app)
  File "/home/cyberdude/.local/lib/python3.10/site-packages/uvicorn/importer.py", line 24, in import_from_string
    raise exc from None
  File "/home/cyberdude/.local/lib/python3.10/site-packages/uvicorn/importer.py", line 21, in import_from_string
    module = importlib.import_module(module_str)
  File "/usr/lib/python3.10/importlib/__init__.py", line 126, in import_module
    return _bootstrap._gcd_import(name[level:], package, level)
  File "<frozen importlib._bootstrap>", line 1050, in _gcd_import
  File "<frozen importlib._bootstrap>", line 1027, in _find_and_load
  File "<frozen importlib._bootstrap>", line 1006, in _find_and_load_unlocked
  File "<frozen importlib._bootstrap>", line 688, in _load_unlocked
  File "<frozen importlib._bootstrap_external>", line 883, in exec_module
  File "<frozen importlib._bootstrap>", line 241, in _call_with_frames_removed
  File "/home/cyberdude/Documents/Projects/CA-final/backend/app/main.py", line 6, in <module>
    from backend.app.core.startup import run_all_startup_checks
ModuleNotFoundError: No module named 'backend'
WARNING:  WatchFiles detected changes in 'venv/lib64/python3.10/site-packages/~qlalchemy/dialects/mysql/mariadbconnector.py', 'venv/lib64/python3.10/site-packages/~qlalchemy/orm/decl_base.py', 'venv/lib64/python3.10/site-packages/sqlalchemy/dialects/mssql/__init__.py', 'venv/lib64/python3.10/site-packages/pydantic/v1/dataclasses.py', 'venv/lib64/python3.10/site-packages/~qlalchemy/testing/fixtures/__init__.py', 'venv/lib64/python3.10/site-packages/sqlalchemy/engine/strategies.py', 'venv/lib64/python3.10/site-packages/sqlalchemy/dialects/postgresql/psycopg2.py', 'venv/lib64/python3.10/site-packages/~qlalchemy/util/topological.py', 'venv/lib64/python3.10/site-packages/pydantic/schema.py', 'venv/lib64/python3.10/site-packages/~qlalchemy/ext/mutable.py', 'venv/lib64/python3.10/site-packages/sqlalchemy/dialects/postgresql/operators.py', 'venv/lib64/python3.10/site-packages/sqlalchemy/orm/descriptor_props.py', 'venv/lib64/python3.10/site-packages/pydantic/parse.py', 'venv/lib64/python3.10/site-packages/~qlalchemy/schema.py', 'venv/lib64/python3.10/site-packages/~qlalchemy/util/__init__.py', 'venv/lib64/python3.10/site-packages/sqlalchemy/dialects/oracle/cx_oracle.py', 'venv/lib64/python3.10/site-packages/pydantic/utils.py', 'venv/lib64/python3.10/site-packages/pydantic_core/core_schema.py', 'venv/lib64/python3.10/site-packages/~sycopg2/extras.py', 'venv/lib64/python3.10/site-packages/~qlalchemy/engine/util.py', 'venv/lib64/python3.10/site-packages/~qlalchemy/ext/asyncio/engine.py', 'venv/lib64/python3.10/site-packages/~qlalchemy/orm/persistence.py', 'venv/lib64/python3.10/site-packages/pydantic/main.py', 'venv/lib64/python3.10/site-packages/sqlalchemy/sql/naming.py', 'venv/lib64/python3.10/site-packages/~qlalchemy/pool/events.py', 'venv/lib64/python3.10/site-packages/~ateutil/tz/tz.py', 'venv/lib64/python3.10/site-packages/~qlalchemy/testing/suite/__init__.py', 'venv/lib64/python3.10/site-packages/sqlalchemy/sql/visitors.py', 'venv/lib64/python3.10/site-packages/sqlalchemy/testing/suite/test_sequence.py', 'venv/lib64/python3.10/site-packages/sqlalchemy/testing/plugin/bootstrap.py', 'venv/lib64/python3.10/site-packages/~qlalchemy/sql/sqltypes.py', 'venv/lib64/python3.10/site-packages/~qlalchemy/dialects/sqlite/dml.py', 'venv/lib64/python3.10/site-packages/pydantic/_internal/_utils.py', 'venv/lib64/python3.10/site-packages/sqlalchemy/ext/__init__.py', 'venv/lib64/python3.10/site-packages/sqlalchemy/orm/collections.py', 'venv/lib64/python3.10/site-packages/pydantic/v1/schema.py', 'venv/lib64/python3.10/site-packages/~sycopg2/extensions.py', 'venv/lib64/python3.10/site-packages/pydantic/deprecated/class_validators.py', 'venv/lib64/python3.10/site-packages/sqlalchemy/orm/bulk_persistence.py', 'venv/lib64/python3.10/site-packages/pydantic/deprecated/tools.py', 'venv/lib64/python3.10/site-packages/pydantic/v1/parse.py', 'venv/lib64/python3.10/site-packages/pydantic/v1/utils.py', 'venv/lib64/python3.10/site-packages/sqlalchemy/pool/base.py', 'venv/lib64/python3.10/site-packages/~qlalchemy/dialects/mssql/__init__.py', 'venv/lib64/python3.10/site-packages/~qlalchemy/sql/annotation.py', 'venv/lib64/python3.10/site-packages/pydantic/v1/main.py', 'venv/lib64/python3.10/site-packages/~qlalchemy/util/tool_support.py', 'venv/lib64/python3.10/site-packages/~qlalchemy/testing/suite/test_update_delete.py', 'venv/lib64/python3.10/site-packages/~qlalchemy/sql/default_comparator.py', 'venv/lib64/python3.10/site-packages/sqlalchemy/dialects/postgresql/dml.py', 'venv/lib64/python3.10/site-packages/dateutil/tz/tz.py', 'venv/lib64/python3.10/site-packages/pydantic/_internal/_validate_call.py', 'venv/lib64/python3.10/site-packages/~qlalchemy/orm/properties.py', 'venv/lib64/python3.10/site-packages/~qlalchemy/sql/coercions.py', 'venv/lib64/python3.10/site-packages/~qlalchemy/dialects/oracle/cx_oracle.py', 'venv/lib64/python3.10/site-packages/~qlalchemy/pool/__init__.py', 'venv/lib64/python3.10/site-packages/~qlalchemy/orm/relationships.py', 'venv/lib64/python3.10/site-packages/~qlalchemy/sql/cache_key.py', 'venv/lib64/python3.10/site-packages/~ydantic_core/core_schema.py', 'venv/lib64/python3.10/site-packages/sqlalchemy/engine/util.py', 'venv/lib64/python3.10/site-packages/pydantic/_internal/_core_utils.py', 'venv/lib64/python3.10/site-packages/~qlalchemy/dialects/postgresql/named_types.py', 'venv/lib64/python3.10/site-packages/sqlalchemy/orm/persistence.py', 'venv/lib64/python3.10/site-packages/sqlalchemy/pool/events.py', 'venv/lib64/python3.10/site-packages/sqlalchemy/testing/suite/test_update_delete.py', 'venv/lib64/python3.10/site-packages/sqlalchemy/events.py', 'venv/lib64/python3.10/site-packages/~qlalchemy/testing/plugin/bootstrap.py', 'venv/lib64/python3.10/site-packages/sqlalchemy/ext/associationproxy.py', 'venv/lib64/python3.10/site-packages/sqlalchemy/util/queue.py', 'venv/lib64/python3.10/site-packages/psycopg2/_ipaddress.py', 'venv/lib64/python3.10/site-packages/sqlalchemy/util/typing.py', 'venv/lib64/python3.10/site-packages/~qlalchemy/testing/suite/test_deprecations.py', 'venv/lib64/python3.10/site-packages/~qlalchemy/dialects/postgresql/provision.py', 'venv/lib64/python3.10/site-packages/~qlalchemy/ext/compiler.py', 'venv/lib64/python3.10/site-packages/~qlalchemy/dialects/postgresql/base.py', 'venv/lib64/python3.10/site-packages/sqlalchemy/dialects/oracle/types.py', 'venv/lib64/python3.10/site-packages/dateutil/tz/_factories.py', 'venv/lib64/python3.10/site-packages/sqlalchemy/dialects/mysql/provision.py', 'venv/lib64/python3.10/site-packages/~qlalchemy/orm/_typing.py', 'venv/lib64/python3.10/site-packages/~qlalchemy/orm/evaluator.py', 'venv/lib64/python3.10/site-packages/~qlalchemy/sql/dml.py', 'venv/lib64/python3.10/site-packages/~qlalchemy/sql/traversals.py', 'venv/lib64/python3.10/site-packages/sqlalchemy/dialects/mysql/base.py', 'venv/lib64/python3.10/site-packages/~qlalchemy/util/langhelpers.py', 'venv/lib64/python3.10/site-packages/pydantic/networks.py', 'venv/lib64/python3.10/site-packages/~qlalchemy/dialects/postgresql/hstore.py', 'venv/lib64/python3.10/site-packages/sqlalchemy/ext/asyncio/session.py', 'venv/lib64/python3.10/site-packages/sqlalchemy/ext/orderinglist.py', 'venv/lib64/python3.10/site-packages/~qlalchemy/orm/base.py', 'venv/lib64/python3.10/site-packages/~ateutil/parser/isoparser.py', 'venv/lib64/python3.10/site-packages/sqlalchemy/sql/annotation.py', 'venv/lib64/python3.10/site-packages/sqlalchemy/dialects/postgresql/provision.py', 'venv/lib64/python3.10/site-packages/~qlalchemy/orm/mapper.py', 'venv/lib64/python3.10/site-packages/sqlalchemy/testing/schema.py', 'venv/lib64/python3.10/site-packages/~qlalchemy/testing/pickleable.py', 'venv/lib64/python3.10/site-packages/~qlalchemy/ext/mypy/util.py', 'venv/lib64/python3.10/site-packages/sqlalchemy/orm/properties.py', 'venv/lib64/python3.10/site-packages/sqlalchemy/ext/hybrid.py', 'venv/lib64/python3.10/site-packages/sqlalchemy/sql/coercions.py', 'venv/lib64/python3.10/site-packages/sqlalchemy/dialects/mssql/pymssql.py', 'venv/lib64/python3.10/site-packages/pydantic/_internal/_typing_extra.py', 'venv/lib64/python3.10/site-packages/~ateutil/utils.py', 'venv/lib64/python3.10/site-packages/sqlalchemy/engine/interfaces.py', 'venv/lib64/python3.10/site-packages/pydantic/_internal/_decorators_v1.py', 'venv/lib64/python3.10/site-packages/sqlalchemy/pool/__init__.py', 'venv/lib64/python3.10/site-packages/sqlalchemy/__init__.py', 'venv/lib64/python3.10/site-packages/sqlalchemy/dialects/postgresql/hstore.py', 'venv/lib64/python3.10/site-packages/psycopg2/sql.py', 'venv/lib64/python3.10/site-packages/sqlalchemy/sql/cache_key.py', 'venv/lib64/python3.10/site-packages/~qlalchemy/exc.py', 'venv/lib64/python3.10/site-packages/~ultipart/__init__.py', 'venv/lib64/python3.10/site-packages/sqlalchemy/testing/fixtures/base.py', 'venv/lib64/python3.10/site-packages/sqlalchemy/ext/mypy/apply.py', 'venv/lib64/python3.10/site-packages/pydantic/v1/networks.py', 'venv/lib64/python3.10/site-packages/pydantic/json_schema.py', 'venv/lib64/python3.10/site-packages/~qlalchemy/testing/suite/test_select.py', 'venv/lib64/python3.10/site-packages/~qlalchemy/orm/events.py', 'venv/lib64/python3.10/site-packages/~qlalchemy/dialects/postgresql/ext.py', 'venv/lib64/python3.10/site-packages/sqlalchemy/testing/plugin/__init__.py', 'venv/lib64/python3.10/site-packages/sqlalchemy/testing/assertsql.py', 'venv/lib64/python3.10/site-packages/~ateutil/parser/_parser.py', 'venv/lib64/python3.10/site-packages/~sycopg2/errorcodes.py', 'venv/lib64/python3.10/site-packages/sqlalchemy/ext/mypy/util.py', 'venv/lib64/python3.10/site-packages/pydantic_core/__init__.py', 'venv/lib64/python3.10/site-packages/~otenv/cli.py', 'venv/lib64/python3.10/site-packages/~qlalchemy/testing/suite/test_insert.py', 'venv/lib64/python3.10/site-packages/sqlalchemy/dialects/postgresql/_psycopg_common.py', 'venv/lib64/python3.10/site-packages/dateutil/parser/isoparser.py', 'venv/lib64/python3.10/site-packages/~qlalchemy/sql/ddl.py', 'venv/lib64/python3.10/site-packages/~qlalchemy/sql/type_api.py', 'venv/lib64/python3.10/site-packages/~qlalchemy/dialects/oracle/types.py', 'venv/lib64/python3.10/site-packages/pydantic/functional_validators.py', 'venv/lib64/python3.10/site-packages/~qlalchemy/orm/path_registry.py', 'venv/lib64/python3.10/site-packages/~qlalchemy/dialects/postgresql/json.py', 'venv/lib64/python3.10/site-packages/~qlalchemy/dialects/mysql/provision.py', 'venv/lib64/python3.10/site-packages/~qlalchemy/orm/dependency.py', 'venv/lib64/python3.10/site-packages/~qlalchemy/dialects/mysql/base.py', 'venv/lib64/python3.10/site-packages/sqlalchemy/dialects/mysql/pymysql.py', 'venv/lib64/python3.10/site-packages/sqlalchemy/util/compat.py', 'venv/lib64/python3.10/site-packages/sqlalchemy/orm/_typing.py', 'venv/lib64/python3.10/site-packages/~qlalchemy/ext/asyncio/session.py', 'venv/lib64/python3.10/site-packages/sqlalchemy/sql/dml.py', 'venv/lib64/python3.10/site-packages/sqlalchemy/dialects/mysql/json.py', 'venv/lib64/python3.10/site-packages/pydantic/root_model.py', 'venv/lib64/python3.10/site-packages/~qlalchemy/dialects/postgresql/ranges.py', 'venv/lib64/python3.10/site-packages/~qlalchemy/testing/assertions.py', 'venv/lib64/python3.10/site-packages/psycopg2/extras.py', 'venv/lib64/python3.10/site-packages/pydantic/error_wrappers.py', 'venv/lib64/python3.10/site-packages/sqlalchemy/orm/base.py', 'venv/lib64/python3.10/site-packages/pydantic/types.py', 'venv/lib64/python3.10/site-packages/~qlalchemy/dialects/postgresql/__init__.py', 'venv/lib64/python3.10/site-packages/pydantic/errors.py', 'venv/lib64/python3.10/site-packages/~qlalchemy/types.py', 'venv/lib64/python3.10/site-packages/sqlalchemy/dialects/postgresql/json.py', 'venv/lib64/python3.10/site-packages/pydantic/validate_call_decorator.py', 'venv/lib64/python3.10/site-packages/~qlalchemy/dialects/mssql/pymssql.py', 'venv/lib64/python3.10/site-packages/sqlalchemy/dialects/mssql/provision.py', 'venv/lib64/python3.10/site-packages/sqlalchemy/dialects/mssql/base.py', 'venv/lib64/python3.10/site-packages/sqlalchemy/sql/expression.py', 'venv/lib64/python3.10/site-packages/sqlalchemy/dialects/mysql/__init__.py', 'venv/lib64/python3.10/site-packages/sqlalchemy/testing/requirements.py', 'venv/lib64/python3.10/site-packages/dateutil/parser/_parser.py', 'venv/lib64/python3.10/site-packages/sqlalchemy/testing/suite/test_unicode_ddl.py', 'venv/lib64/python3.10/site-packages/sqlalchemy/orm/instrumentation.py', 'venv/lib64/python3.10/site-packages/~qlalchemy/testing/fixtures/base.py', 'venv/lib64/python3.10/site-packages/pydantic/mypy.py', 'venv/lib64/python3.10/site-packages/dateutil/parser/__init__.py', 'venv/lib64/python3.10/site-packages/~qlalchemy/orm/__init__.py', 'venv/lib64/python3.10/site-packages/~qlalchemy/engine/create.py', 'venv/lib64/python3.10/site-packages/sqlalchemy/util/deprecations.py', 'venv/lib64/python3.10/site-packages/pydantic/_internal/_schema_generation_shared.py', 'venv/lib64/python3.10/site-packages/~qlalchemy/testing/plugin/__init__.py', 'venv/lib64/python3.10/site-packages/~ateutil/zoneinfo/rebuild.py', 'venv/lib64/python3.10/site-packages/~sycopg2/errors.py', 'venv/lib64/python3.10/site-packages/sqlalchemy/engine/events.py', 'venv/lib64/python3.10/site-packages/multipart/exceptions.py', 'venv/lib64/python3.10/site-packages/pydantic/v1/error_wrappers.py', 'venv/lib64/python3.10/site-packages/pydantic/v1/types.py', 'venv/lib64/python3.10/site-packages/~ultipart/multipart.py', 'venv/lib64/python3.10/site-packages/sqlalchemy/ext/automap.py', 'venv/lib64/python3.10/site-packages/sqlalchemy/sql/ddl.py', 'venv/lib64/python3.10/site-packages/pydantic/v1/errors.py', 'venv/lib64/python3.10/site-packages/pydantic/plugin/_loader.py', 'venv/lib64/python3.10/site-packages/~qlalchemy/dialects/mysql/pymysql.py', 'venv/lib64/python3.10/site-packages/sqlalchemy/ext/declarative/__init__.py', 'venv/lib64/python3.10/site-packages/~qlalchemy/orm/descriptor_props.py', 'venv/lib64/python3.10/site-packages/sqlalchemy/orm/dependency.py', 'venv/lib64/python3.10/site-packages/~qlalchemy/dialects/mysql/json.py', 'venv/lib64/python3.10/site-packages/~qlalchemy/testing/provision.py', 'venv/lib64/python3.10/site-packages/~qlalchemy/sql/compiler.py', 'venv/lib64/python3.10/site-packages/pydantic/_internal/_validators.py', 'venv/lib64/python3.10/site-packages/~qlalchemy/orm/exc.py', 'venv/lib64/python3.10/site-packages/pydantic/v1/mypy.py', 'venv/lib64/python3.10/site-packages/sqlalchemy/dialects/__init__.py', 'venv/lib64/python3.10/site-packages/~qlalchemy/connectors/asyncio.py', 'venv/lib64/python3.10/site-packages/sqlalchemy/dialects/mysql/enumerated.py', 'venv/lib64/python3.10/site-packages/~qlalchemy/connectors/aioodbc.py', 'venv/lib64/python3.10/site-packages/~qlalchemy/dialects/mssql/provision.py', 'venv/lib64/python3.10/site-packages/~qlalchemy/connectors/pyodbc.py', 'venv/lib64/python3.10/site-packages/sqlalchemy/sql/functions.py', 'venv/lib64/python3.10/site-packages/~qlalchemy/dialects/mssql/base.py', 'venv/lib64/python3.10/site-packages/sqlalchemy/dialects/oracle/oracledb.py', 'venv/lib64/python3.10/site-packages/pydantic/_internal/_generate_schema.py', 'venv/lib64/python3.10/site-packages/sqlalchemy/dialects/postgresql/psycopg2cffi.py', 'venv/lib64/python3.10/site-packages/~qlalchemy/dialects/mysql/__init__.py', 'venv/lib64/python3.10/site-packages/~qlalchemy/engine/characteristics.py', 'venv/lib64/python3.10/site-packages/sqlalchemy/ext/instrumentation.py', 'venv/lib64/python3.10/site-packages/sqlalchemy/ext/horizontal_shard.py', 'venv/lib64/python3.10/site-packages/~qlalchemy/orm/sync.py', 'venv/lib64/python3.10/site-packages/pydantic/v1/config.py', 'venv/lib64/python3.10/site-packages/sqlalchemy/dialects/oracle/dictionary.py', 'venv/lib64/python3.10/site-packages/~qlalchemy/testing/suite/test_reflection.py', 'venv/lib64/python3.10/site-packages/~sycopg2/sql.py', 'venv/lib64/python3.10/site-packages/~qlalchemy/dialects/postgresql/psycopg2.py', 'venv/lib64/python3.10/site-packages/psycopg2/_range.py', 'venv/lib64/python3.10/site-packages/sqlalchemy/engine/__init__.py', 'venv/lib64/python3.10/site-packages/~otenv/__main__.py', 'venv/lib64/python3.10/site-packages/sqlalchemy/dialects/postgresql/psycopg.py', 'venv/lib64/python3.10/site-packages/~otenv/__init__.py', 'venv/lib64/python3.10/site-packages/sqlalchemy/testing/suite/test_reflection.py', 'venv/lib64/python3.10/site-packages/~qlalchemy/ext/declarative/__init__.py', 'venv/lib64/python3.10/site-packages/pydantic/tools.py', 'venv/lib64/python3.10/site-packages/~qlalchemy/testing/suite/test_sequence.py', 'venv/lib64/python3.10/site-packages/sqlalchemy/testing/asyncio.py', 'venv/lib64/python3.10/site-packages/sqlalchemy/testing/exclusions.py', 'venv/lib64/python3.10/site-packages/sqlalchemy/dialects/postgresql/types.py', 'venv/lib64/python3.10/site-packages/~otenv/variables.py', 'venv/lib64/python3.10/site-packages/sqlalchemy/sql/compiler.py', 'venv/lib64/python3.10/site-packages/~qlalchemy/ext/serializer.py', 'venv/lib64/python3.10/site-packages/pydantic/functional_serializers.py', 'venv/lib64/python3.10/site-packages/~qlalchemy/dialects/mysql/enumerated.py', 'venv/lib64/python3.10/site-packages/sqlalchemy/ext/indexable.py', 'venv/lib64/python3.10/site-packages/~qlalchemy/testing/suite/test_results.py', 'venv/lib64/python3.10/site-packages/sqlalchemy/orm/exc.py', 'venv/lib64/python3.10/site-packages/~qlalchemy/testing/profiling.py', 'venv/lib64/python3.10/site-packages/~otenv/version.py', 'venv/lib64/python3.10/site-packages/~qlalchemy/util/_collections.py', 'venv/lib64/python3.10/site-packages/pydantic/v1/color.py', 'venv/lib64/python3.10/site-packages/~qlalchemy/dialects/oracle/oracledb.py', 'venv/lib64/python3.10/site-packages/pydantic/_internal/_config.py', 'venv/lib64/python3.10/site-packages/sqlalchemy/util/_concurrency_py3k.py', 'venv/lib64/python3.10/site-packages/pydantic/_internal/_decorators.py', 'venv/lib64/python3.10/site-packages/~qlalchemy/dialects/mssql/json.py', 'venv/lib64/python3.10/site-packages/~qlalchemy/dialects/oracle/dictionary.py', 'venv/lib64/python3.10/site-packages/sqlalchemy/engine/characteristics.py', 'venv/lib64/python3.10/site-packages/~qlalchemy/sql/_elements_constructors.py', 'venv/lib64/python3.10/site-packages/sqlalchemy/orm/sync.py', 'venv/lib64/python3.10/site-packages/pydantic/v1/typing.py', 'venv/lib64/python3.10/site-packages/~qlalchemy/testing/__init__.py', 'venv/lib64/python3.10/site-packages/psycopg2/errorcodes.py', 'venv/lib64/python3.10/site-packages/~qlalchemy/dialects/postgresql/dml.py', 'venv/lib64/python3.10/site-packages/sqlalchemy/dialects/mysql/reflection.py', 'venv/lib64/python3.10/site-packages/~qlalchemy/cyextension/__init__.py', 'venv/lib64/python3.10/site-packages/pydantic/v1/class_validators.py', 'venv/lib64/python3.10/site-packages/pydantic/v1/tools.py', 'venv/lib64/python3.10/site-packages/sqlalchemy/engine/mock.py', 'venv/lib64/python3.10/site-packages/sqlalchemy/schema.py', 'venv/lib64/python3.10/site-packages/sqlalchemy/event/attr.py', 'venv/lib64/python3.10/site-packages/sqlalchemy/testing/fixtures/mypy.py', 'venv/lib64/python3.10/site-packages/sqlalchemy/testing/suite/test_results.py', 'venv/lib64/python3.10/site-packages/~qlalchemy/engine/processors.py', 'venv/lib64/python3.10/site-packages/sqlalchemy/dialects/mysql/dml.py', 'venv/lib64/python3.10/site-packages/~qlalchemy/orm/_orm_constructors.py', 'venv/lib64/python3.10/site-packages/~qlalchemy/pool/impl.py', 'venv/lib64/python3.10/site-packages/sqlalchemy/testing/util.py', 'venv/lib64/python3.10/site-packages/~qlalchemy/testing/entities.py', 'venv/lib64/python3.10/site-packages/sqlalchemy/testing/config.py', 'venv/lib64/python3.10/site-packages/sqlalchemy/ext/mypy/__init__.py', 'venv/lib64/python3.10/site-packages/~qlalchemy/ext/baked.py', 'venv/lib64/python3.10/site-packages/sqlalchemy/util/concurrency.py', 'venv/lib64/python3.10/site-packages/sqlalchemy/ext/mypy/decl_class.py', 'venv/lib64/python3.10/site-packages/sqlalchemy/ext/asyncio/base.py', 'venv/lib64/python3.10/site-packages/~qlalchemy/engine/interfaces.py', 'venv/lib64/python3.10/site-packages/sqlalchemy/engine/_py_util.py', 'venv/lib64/python3.10/site-packages/sqlalchemy/testing/fixtures/sql.py', 'venv/lib64/python3.10/site-packages/~qlalchemy/engine/_py_row.py', 'venv/lib64/python3.10/site-packages/~qlalchemy/testing/warnings.py', 'venv/lib64/python3.10/site-packages/pydantic/deprecated/copy_internals.py', 'venv/lib64/python3.10/site-packages/~qlalchemy/util/preloaded.py', 'venv/lib64/python3.10/site-packages/~qlalchemy/sql/util.py', 'venv/lib64/python3.10/site-packages/~qlalchemy/sql/crud.py', 'venv/lib64/python3.10/site-packages/multipart/decoders.py', 'venv/lib64/python3.10/site-packages/sqlalchemy/dialects/mysql/asyncmy.py', 'venv/lib64/python3.10/site-packages/~qlalchemy/orm/writeonly.py', 'venv/lib64/python3.10/site-packages/sqlalchemy/connectors/__init__.py', 'venv/lib64/python3.10/site-packages/~qlalchemy/event/registry.py', 'venv/lib64/python3.10/site-packages/sqlalchemy/dialects/postgresql/asyncpg.py', 'venv/lib64/python3.10/site-packages/~qlalchemy/orm/state_changes.py', 'venv/lib64/python3.10/site-packages/psycopg2/errors.py', 'venv/lib64/python3.10/site-packages/sqlalchemy/testing/engines.py', 'venv/lib64/python3.10/site-packages/~qlalchemy/engine/url.py', 'venv/lib64/python3.10/site-packages/~qlalchemy/dialects/mysql/reflection.py', 'venv/lib64/python3.10/site-packages/sqlalchemy/sql/_elements_constructors.py', 'venv/lib64/python3.10/site-packages/pydantic/_internal/_mock_val_ser.py', 'venv/lib64/python3.10/site-packages/~qlalchemy/testing/fixtures/mypy.py', 'venv/lib64/python3.10/site-packages/~qlalchemy/orm/decl_api.py', 'venv/lib64/python3.10/site-packages/sqlalchemy/cyextension/__init__.py', 'venv/lib64/python3.10/site-packages/~sycopg2/_range.py', 'venv/lib64/python3.10/site-packages/~qlalchemy/dialects/mysql/dml.py', 'venv/lib64/python3.10/site-packages/pydantic/_internal/_internal_dataclass.py', 'venv/lib64/python3.10/site-packages/pydantic/_internal/_known_annotated_metadata.py', 'venv/lib64/python3.10/site-packages/~qlalchemy/future/__init__.py', 'venv/lib64/python3.10/site-packages/sqlalchemy/engine/processors.py', 'venv/lib64/python3.10/site-packages/sqlalchemy/orm/_orm_constructors.py', 'venv/lib64/python3.10/site-packages/sqlalchemy/pool/impl.py', 'venv/lib64/python3.10/site-packages/~ateutil/tzwin.py', 'venv/lib64/python3.10/site-packages/~qlalchemy/sql/_orm_types.py', 'venv/lib64/python3.10/site-packages/~qlalchemy/engine/base.py', 'venv/lib64/python3.10/site-packages/pydantic/validators.py', 'venv/lib64/python3.10/site-packages/~qlalchemy/ext/mypy/apply.py', 'venv/lib64/python3.10/site-packages/sqlalchemy/util/_py_collections.py', 'venv/lib64/python3.10/site-packages/~qlalchemy/ext/asyncio/base.py', 'venv/lib64/python3.10/site-packages/pydantic/v1/datetime_parse.py', 'venv/lib64/python3.10/site-packages/~qlalchemy/orm/mapped_collection.py', 'venv/lib64/python3.10/site-packages/~qlalchemy/sql/expression.py', 'venv/lib64/python3.10/site-packages/~qlalchemy/orm/scoping.py', 'venv/lib64/python3.10/site-packages/~otenv/ipython.py', 'venv/lib64/python3.10/site-packages/~qlalchemy/testing/fixtures/sql.py', 'venv/lib64/python3.10/site-packages/~qlalchemy/dialects/postgresql/_psycopg_common.py', 'venv/lib64/python3.10/site-packages/~qlalchemy/ext/__init__.py', 'venv/lib64/python3.10/site-packages/~qlalchemy/orm/instrumentation.py', 'venv/lib64/python3.10/site-packages/pydantic/version.py', 'venv/lib64/python3.10/site-packages/sqlalchemy/dialects/sqlite/__init__.py', 'venv/lib64/python3.10/site-packages/sqlalchemy/sql/selectable.py', 'venv/lib64/python3.10/site-packages/sqlalchemy/dialects/_typing.py', 'venv/lib64/python3.10/site-packages/~sycopg2/__init__.py', 'venv/lib64/python3.10/site-packages/sqlalchemy/ext/declarative/extensions.py', 'venv/lib64/python3.10/site-packages/sqlalchemy/engine/_py_row.py', 'venv/lib64/python3.10/site-packages/pydantic/v1/decorator.py', 'venv/lib64/python3.10/site-packages/~qlalchemy/dialects/mysql/asyncmy.py', 'venv/lib64/python3.10/site-packages/sqlalchemy/sql/util.py', 'venv/lib64/python3.10/site-packages/pydantic/deprecated/decorator.py', 'venv/lib64/python3.10/site-packages/sqlalchemy/sql/crud.py', 'venv/lib64/python3.10/site-packages/~qlalchemy/testing/suite/test_cte.py', 'venv/lib64/python3.10/site-packages/~qlalchemy/engine/events.py', 'venv/lib64/python3.10/site-packages/sqlalchemy/dialects/postgresql/pg_catalog.py', 'venv/lib64/python3.10/site-packages/sqlalchemy/orm/writeonly.py', 'venv/lib64/python3.10/site-packages/sqlalchemy/ext/asyncio/__init__.py', 'venv/lib64/python3.10/site-packages/sqlalchemy/event/registry.py', 'venv/lib64/python3.10/site-packages/sqlalchemy/orm/state_changes.py', 'venv/lib64/python3.10/site-packages/pydantic/fields.py', 'venv/lib64/python3.10/site-packages/pydantic/v1/validators.py', 'venv/lib64/python3.10/site-packages/sqlalchemy/engine/url.py', 'venv/lib64/python3.10/site-packages/~qlalchemy/inspection.py', 'venv/lib64/python3.10/site-packages/sqlalchemy/orm/decl_api.py', 'venv/lib64/python3.10/site-packages/multipart/tests/compat.py', 'venv/lib64/python3.10/site-packages/sqlalchemy/future/__init__.py', 'venv/lib64/python3.10/site-packages/sqlalchemy/exc.py', 'venv/lib64/python3.10/site-packages/~qlalchemy/event/__init__.py', 'venv/lib64/python3.10/site-packages/~qlalchemy/testing/suite/test_unicode_ddl.py', 'venv/lib64/python3.10/site-packages/pydantic/v1/version.py', 'venv/lib64/python3.10/site-packages/sqlalchemy/util/_has_cy.py', 'venv/lib64/python3.10/site-packages/sqlalchemy/testing/suite/test_cte.py', 'venv/lib64/python3.10/site-packages/sqlalchemy/sql/_orm_types.py', 'venv/lib64/python3.10/site-packages/sqlalchemy/dialects/mysql/mariadb.py', 'venv/lib64/python3.10/site-packages/sqlalchemy/engine/base.py', 'venv/lib64/python3.10/site-packages/~qlalchemy/sql/functions.py', 'venv/lib64/python3.10/site-packages/~qlalchemy/orm/unitofwork.py', 'venv/lib64/python3.10/site-packages/~qlalchemy/ext/associationproxy.py', 'venv/lib64/python3.10/site-packages/sqlalchemy/ext/asyncio/exc.py', 'venv/lib64/python3.10/site-packages/~qlalchemy/util/queue.py', 'venv/lib64/python3.10/site-packages/~qlalchemy/util/typing.py', 'venv/lib64/python3.10/site-packages/~qlalchemy/engine/_py_processors.py', 'venv/lib64/python3.10/site-packages/sqlalchemy/sql/elements.py', 'venv/lib64/python3.10/site-packages/~ateutil/_common.py', 'venv/lib64/python3.10/site-packages/sqlalchemy/orm/mapped_collection.py', 'venv/lib64/python3.10/site-packages/~qlalchemy/dialects/sqlite/__init__.py', 'venv/lib64/python3.10/site-packages/sqlalchemy/dialects/postgresql/array.py', 'venv/lib64/python3.10/site-packages/pydantic/v1/fields.py', 'venv/lib64/python3.10/site-packages/sqlalchemy/orm/scoping.py', 'venv/lib64/python3.10/site-packages/~qlalchemy/ext/declarative/extensions.py', 'venv/lib64/python3.10/site-packages/~qlalchemy/engine/__init__.py', 'venv/lib64/python3.10/site-packages/pydantic/_internal/_generics.py', 'venv/lib64/python3.10/site-packages/sqlalchemy/util/topological.py', 'venv/lib64/python3.10/site-packages/sqlalchemy/dialects/sqlite/pysqlite.py', 'venv/lib64/python3.10/site-packages/sqlalchemy/testing/plugin/pytestplugin.py', 'venv/lib64/python3.10/site-packages/sqlalchemy/testing/suite/test_ddl.py', 'venv/lib64/python3.10/site-packages/sqlalchemy/ext/mutable.py', 'venv/lib64/python3.10/site-packages/sqlalchemy/dialects/mysql/mysqlconnector.py', 'venv/lib64/python3.10/site-packages/~qlalchemy/ext/orderinglist.py', 'venv/lib64/python3.10/site-packages/sqlalchemy/util/__init__.py', 'venv/lib64/python3.10/site-packages/~qlalchemy/ext/asyncio/__init__.py', 'venv/lib64/python3.10/site-packages/pydantic/plugin/_schema_validator.py', 'venv/lib64/python3.10/site-packages/pydantic/env_settings.py', 'venv/lib64/python3.10/site-packages/pydantic/type_adapter.py', 'venv/lib64/python3.10/site-packages/~qlalchemy/ext/mypy/names.py', 'venv/lib64/python3.10/site-packages/sqlalchemy/types.py', 'venv/lib64/python3.10/site-packages/~qlalchemy/testing/schema.py', 'venv/lib64/python3.10/site-packages/~qlalchemy/engine/default.py', 'venv/lib64/python3.10/site-packages/~qlalchemy/dialects/postgresql/psycopg2cffi.py', 'venv/lib64/python3.10/site-packages/sqlalchemy/ext/mypy/plugin.py', 'venv/lib64/python3.10/site-packages/sqlalchemy/orm/clsregistry.py', 'venv/lib64/python3.10/site-packages/~qlalchemy/ext/hybrid.py', 'venv/lib64/python3.10/site-packages/sqlalchemy/dialects/oracle/provision.py', 'venv/lib64/python3.10/site-packages/~qlalchemy/orm/state.py', 'venv/lib64/python3.10/site-packages/sqlalchemy/dialects/oracle/base.py', 'venv/lib64/python3.10/site-packages/~qlalchemy/orm/strategy_options.py', 'venv/lib64/python3.10/site-packages/~qlalchemy/orm/strategies.py', 'venv/lib64/python3.10/site-packages/sqlalchemy/event/__init__.py', 'venv/lib64/python3.10/site-packages/~qlalchemy/dialects/mysql/mariadb.py', 'venv/lib64/python3.10/site-packages/sqlalchemy/ext/asyncio/result.py', 'venv/lib64/python3.10/site-packages/sqlalchemy/testing/suite/test_dialect.py', 'venv/lib64/python3.10/site-packages/sqlalchemy/ext/mypy/names.py', 'venv/lib64/python3.10/site-packages/~qlalchemy/ext/asyncio/exc.py', 'venv/lib64/python3.10/site-packages/~qlalchemy/log.py', 'venv/lib64/python3.10/site-packages/~qlalchemy/testing/assertsql.py', 'venv/lib64/python3.10/site-packages/sqlalchemy/orm/unitofwork.py', 'venv/lib64/python3.10/site-packages/~qlalchemy/dialects/postgresql/psycopg.py', 'venv/lib64/python3.10/site-packages/pydantic/v1/env_settings.py', 'venv/lib64/python3.10/site-packages/pydantic/generics.py', 'venv/lib64/python3.10/site-packages/dateutil/zoneinfo/rebuild.py', 'venv/lib64/python3.10/site-packages/sqlalchemy/engine/_py_processors.py', 'venv/lib64/python3.10/site-packages/sqlalchemy/dialects/mysql/aiomysql.py', 'venv/lib64/python3.10/site-packages/sqlalchemy/util/tool_support.py', 'venv/lib64/python3.10/site-packages/~qlalchemy/engine/mock.py', 'venv/lib64/python3.10/site-packages/~qlalchemy/dialects/sqlite/pysqlcipher.py', 'venv/lib64/python3.10/site-packages/~qlalchemy/event/attr.py', 'venv/lib64/python3.10/site-packages/sqlalchemy/testing/plugin/plugin_base.py', 'venv/lib64/python3.10/site-packages/~qlalchemy/sql/lambdas.py', 'venv/lib64/python3.10/site-packages/~qlalchemy/dialects/sqlite/pysqlite.py', 'venv/lib64/python3.10/site-packages/~qlalchemy/testing/plugin/pytestplugin.py', 'venv/lib64/python3.10/site-packages/~qlalchemy/util/compat.py', 'venv/lib64/python3.10/site-packages/~qlalchemy/dialects/mysql/mysqlconnector.py', 'venv/lib64/python3.10/site-packages/~qlalchemy/event/api.py', 'venv/lib64/python3.10/site-packages/~qlalchemy/dialects/postgresql/types.py', 'venv/lib64/python3.10/site-packages/sqlalchemy/orm/identity.py', 'venv/lib64/python3.10/site-packages/~qlalchemy/sql/__init__.py', 'venv/lib64/python3.10/site-packages/sqlalchemy/dialects/postgresql/pg8000.py', 'venv/lib64/python3.10/site-packages/sqlalchemy/dialects/mysql/pyodbc.py', 'venv/lib64/python3.10/site-packages/~qlalchemy/sql/_selectable_constructors.py', 'venv/lib64/python3.10/site-packages/pydantic/_internal/_repr.py', 'venv/lib64/python3.10/site-packages/sqlalchemy/sql/_dml_constructors.py', 'venv/lib64/python3.10/site-packages/~ateutil/rrule.py', 'venv/lib64/python3.10/site-packages/sqlalchemy/dialects/mysql/types.py', 'venv/lib64/python3.10/site-packages/sqlalchemy/sql/events.py', 'venv/lib64/python3.10/site-packages/pydantic/typing.py', 'venv/lib64/python3.10/site-packages/~qlalchemy/dialects/oracle/provision.py', 'venv/lib64/python3.10/site-packages/~qlalchemy/engine/result.py', 'venv/lib64/python3.10/site-packages/sqlalchemy/engine/default.py', 'venv/lib64/python3.10/site-packages/~ateutil/relativedelta.py', 'venv/lib64/python3.10/site-packages/~qlalchemy/dialects/oracle/base.py', 'venv/lib64/python3.10/site-packages/pydantic/v1/generics.py', 'venv/lib64/python3.10/site-packages/sqlalchemy/sql/roles.py', 'venv/lib64/python3.10/site-packages/~qlalchemy/testing/requirements.py', 'venv/lib64/python3.10/site-packages/sqlalchemy/orm/state.py', 'venv/lib64/python3.10/site-packages/~qlalchemy/engine/_py_util.py', 'venv/lib64/python3.10/site-packages/sqlalchemy/orm/strategy_options.py', 'venv/lib64/python3.10/site-packages/sqlalchemy/ext/compiler.py', 'venv/lib64/python3.10/site-packages/~qlalchemy/ext/asyncio/result.py', 'venv/lib64/python3.10/site-packages/sqlalchemy/orm/strategies.py', 'venv/lib64/python3.10/site-packages/~qlalchemy/util/deprecations.py', 'venv/lib64/python3.10/site-packages/psycopg2/__init__.py', 'venv/lib64/python3.10/site-packages/pydantic/_internal/_forward_ref.py', 'venv/lib64/python3.10/site-packages/sqlalchemy/util/langhelpers.py', 'venv/lib64/python3.10/site-packages/~ateutil/tz/_common.py', 'venv/lib64/python3.10/site-packages/~qlalchemy/orm/util.py', 'venv/lib64/python3.10/site-packages/~qlalchemy/ext/mypy/__init__.py', 'venv/lib64/python3.10/site-packages/~qlalchemy/dialects/mysql/aiomysql.py', 'venv/lib64/python3.10/site-packages/multipart/__init__.py', 'venv/lib64/python3.10/site-packages/sqlalchemy/dialects/oracle/__init__.py', 'venv/lib64/python3.10/site-packages/~qlalchemy/testing/plugin/plugin_base.py', 'venv/lib64/python3.10/site-packages/~qlalchemy/ext/automap.py', 'venv/lib64/python3.10/site-packages/~qlalchemy/engine/cursor.py', 'venv/lib64/python3.10/site-packages/~ateutil/_version.py', 'venv/lib64/python3.10/site-packages/~ateutil/tz/win.py', 'venv/lib64/python3.10/site-packages/sqlalchemy/sql/lambdas.py', 'venv/lib64/python3.10/site-packages/~qlalchemy/ext/mypy/decl_class.py', 'venv/lib64/python3.10/site-packages/~qlalchemy/dialects/mysql/pyodbc.py', 'venv/lib64/python3.10/site-packages/sqlalchemy/testing/pickleable.py', 'venv/lib64/python3.10/site-packages/sqlalchemy/dialects/mysql/mysqldb.py', 'venv/lib64/python3.10/site-packages/sqlalchemy/event/api.py', 'venv/lib64/python3.10/site-packages/~qlalchemy/engine/reflection.py', 'venv/lib64/python3.10/site-packages/sqlalchemy/sql/__init__.py', 'venv/lib64/python3.10/site-packages/~qlalchemy/orm/loading.py', 'venv/lib64/python3.10/site-packages/sqlalchemy/dialects/sqlite/provision.py', 'venv/lib64/python3.10/site-packages/~qlalchemy/dialects/mysql/types.py', 'venv/lib64/python3.10/site-packages/~qlalchemy/dialects/__init__.py', 'venv/lib64/python3.10/site-packages/sqlalchemy/dialects/sqlite/base.py', 'venv/lib64/python3.10/site-packages/sqlalchemy/sql/_selectable_constructors.py', 'venv/lib64/python3.10/site-packages/~ultipart/exceptions.py', 'venv/lib64/python3.10/site-packages/pydantic/_internal/_fields.py', 'venv/lib64/python3.10/site-packages/sqlalchemy/testing/suite/__init__.py', 'venv/lib64/python3.10/site-packages/sqlalchemy/dialects/mssql/aioodbc.py', 'venv/lib64/python3.10/site-packages/pydantic/deprecated/parse.py', 'venv/lib64/python3.10/site-packages/~qlalchemy/testing/suite/test_rowcount.py', 'venv/lib64/python3.10/site-packages/~qlalchemy/sql/operators.py', 'venv/lib64/python3.10/site-packages/~qlalchemy/ext/instrumentation.py', 'venv/lib64/python3.10/site-packages/~qlalchemy/ext/horizontal_shard.py', 'venv/lib64/python3.10/site-packages/~qlalchemy/dialects/postgresql/asyncpg.py', 'venv/lib64/python3.10/site-packages/~qlalchemy/orm/context.py', 'venv/lib64/python3.10/site-packages/dateutil/tz/_common.py', 'venv/lib64/python3.10/site-packages/~qlalchemy/events.py', 'venv/lib64/python3.10/site-packages/~ateutil/tz/__init__.py', 'venv/lib64/python3.10/site-packages/sqlalchemy/engine/result.py', 'venv/lib64/python3.10/site-packages/sqlalchemy/orm/decl_base.py', 'venv/lib64/python3.10/site-packages/sqlalchemy/dialects/mssql/pyodbc.py', 'venv/lib64/python3.10/site-packages/sqlalchemy/dialects/mysql/expression.py', 'venv/lib64/python3.10/site-packages/~sycopg2/_json.py', 'venv/lib64/python3.10/site-packages/~ateutil/tz/_factories.py', 'venv/lib64/python3.10/site-packages/~qlalchemy/sql/selectable.py', 'venv/lib64/python3.10/site-packages/~qlalchemy/sql/_py_util.py', 'venv/lib64/python3.10/site-packages/~otenv/parser.py', 'venv/lib64/python3.10/site-packages/~qlalchemy/event/legacy.py', 'venv/lib64/python3.10/site-packages/dateutil/tz/win.py', 'venv/lib64/python3.10/site-packages/sqlalchemy/ext/asyncio/scoping.py', 'venv/lib64/python3.10/site-packages/~qlalchemy/orm/interfaces.py', 'venv/lib64/python3.10/site-packages/~qlalchemy/event/base.py', 'venv/lib64/python3.10/site-packages/pydantic/_internal/_dataclasses.py', 'venv/lib64/python3.10/site-packages/sqlalchemy/testing/suite/test_rowcount.py', 'venv/lib64/python3.10/site-packages/~qlalchemy/orm/dynamic.py', 'venv/lib64/python3.10/site-packages/~qlalchemy/dialects/oracle/__init__.py', 'venv/lib64/python3.10/site-packages/pydantic/json.py', 'venv/lib64/python3.10/site-packages/sqlalchemy/testing/assertions.py', 'venv/lib64/python3.10/site-packages/sqlalchemy/orm/util.py', 'venv/lib64/python3.10/site-packages/pydantic/v1/annotated_types.py', 'venv/lib64/python3.10/site-packages/~qlalchemy/testing/asyncio.py', 'venv/lib64/python3.10/site-packages/~qlalchemy/engine/row.py', 'venv/lib64/python3.10/site-packages/sqlalchemy/engine/cursor.py', 'venv/lib64/python3.10/site-packages/~qlalchemy/testing/exclusions.py', 'venv/lib64/python3.10/site-packages/~qlalchemy/dialects/mysql/mysqldb.py', 'venv/lib64/python3.10/site-packages/sqlalchemy/dialects/mysql/cymysql.py', 'venv/lib64/python3.10/site-packages/~qlalchemy/dialects/sqlite/provision.py', 'venv/lib64/python3.10/site-packages/~sycopg2/tz.py', 'venv/lib64/python3.10/site-packages/sqlalchemy/sql/sqltypes.py', 'venv/lib64/python3.10/site-packages/sqlalchemy/dialects/mysql/reserved_words.py', 'venv/lib64/python3.10/site-packages/~qlalchemy/dialects/sqlite/base.py', 'venv/lib64/python3.10/site-packages/~qlalchemy/ext/indexable.py', 'venv/lib64/python3.10/site-packages/sqlalchemy/engine/reflection.py', 'venv/lib64/python3.10/site-packages/dateutil/tz/__init__.py', 'venv/lib64/python3.10/site-packages/sqlalchemy/orm/loading.py', 'venv/lib64/python3.10/site-packages/multipart/multipart.py', 'venv/lib64/python3.10/site-packages/sqlalchemy/dialects/sqlite/json.py', 'venv/lib64/python3.10/site-packages/psycopg2/pool.py', 'venv/lib64/python3.10/site-packages/~qlalchemy/__init__.py', 'venv/lib64/python3.10/site-packages/~qlalchemy/dialects/mssql/aioodbc.py', 'venv/lib64/python3.10/site-packages/sqlalchemy/dialects/postgresql/named_types.py', 'venv/lib64/python3.10/site-packages/~qlalchemy/util/_concurrency_py3k.py', 'venv/lib64/python3.10/site-packages/~qlalchemy/dialects/postgresql/pg_catalog.py', 'venv/lib64/python3.10/site-packages/~qlalchemy/dialects/mssql/pyodbc.py', 'venv/lib64/python3.10/site-packages/~qlalchemy/sql/elements.py', 'venv/lib64/python3.10/site-packages/~qlalchemy/dialects/mysql/expression.py', 'venv/lib64/python3.10/site-packages/sqlalchemy/sql/operators.py', 'venv/lib64/python3.10/site-packages/pydantic/v1/json.py', 'venv/lib64/python3.10/site-packages/sqlalchemy/orm/context.py', 'venv/lib64/python3.10/site-packages/sqlalchemy/testing/suite/test_deprecations.py', 'venv/lib64/python3.10/site-packages/pydantic/deprecated/json.py', 'venv/lib64/python3.10/site-packages/sqlalchemy/sql/default_comparator.py', 'venv/lib64/python3.10/site-packages/sqlalchemy/dialects/postgresql/base.py', 'venv/lib64/python3.10/site-packages/~qlalchemy/orm/attributes.py', 'venv/lib64/python3.10/site-packages/sqlalchemy/sql/_py_util.py', 'venv/lib64/python3.10/site-packages/~qlalchemy/ext/asyncio/scoping.py', 'venv/lib64/python3.10/site-packages/dotenv/variables.py', 'venv/lib64/python3.10/site-packages/sqlalchemy/event/legacy.py', 'venv/lib64/python3.10/site-packages/pydantic/v1/_hypothesis_plugin.py', 'venv/lib64/python3.10/site-packages/~qlalchemy/testing/util.py', 'venv/lib64/python3.10/site-packages/sqlalchemy/testing/provision.py', 'venv/lib64/python3.10/site-packages/sqlalchemy/orm/interfaces.py', 'venv/lib64/python3.10/site-packages/sqlalchemy/event/base.py', 'venv/lib64/python3.10/site-packages/~qlalchemy/testing/config.py', 'venv/lib64/python3.10/site-packages/pydantic/v1/__init__.py', 'venv/lib64/python3.10/site-packages/sqlalchemy/orm/relationships.py', 'venv/lib64/python3.10/site-packages/dotenv/version.py', 'venv/lib64/python3.10/site-packages/~qlalchemy/util/concurrency.py', 'venv/lib64/python3.10/site-packages/sqlalchemy/connectors/asyncio.py', 'venv/lib64/python3.10/site-packages/sqlalchemy/orm/dynamic.py', 'venv/lib64/python3.10/site-packages/~qlalchemy/orm/query.py', 'venv/lib64/python3.10/site-packages/sqlalchemy/connectors/aioodbc.py', 'venv/lib64/python3.10/site-packages/pydantic/warnings.py', 'venv/lib64/python3.10/site-packages/~qlalchemy/dialects/mysql/cymysql.py', 'venv/lib64/python3.10/site-packages/~qlalchemy/orm/clsregistry.py', 'venv/lib64/python3.10/site-packages/sqlalchemy/engine/row.py', 'venv/lib64/python3.10/site-packages/sqlalchemy/connectors/pyodbc.py', 'venv/lib64/python3.10/site-packages/~qlalchemy/dialects/mysql/reserved_words.py', 'venv/lib64/python3.10/site-packages/~qlalchemy/sql/schema.py', 'venv/lib64/python3.10/site-packages/~qlalchemy/dialects/postgresql/array.py', 'venv/lib64/python3.10/site-packages/~qlalchemy/sql/_typing.py', 'venv/lib64/python3.10/site-packages/pydantic/_internal/_model_construction.py', 'venv/lib64/python3.10/site-packages/~qlalchemy/dialects/sqlite/json.py', 'venv/lib64/python3.10/site-packages/~ateutil/parser/__init__.py', 'venv/lib64/python3.10/site-packages/~qlalchemy/orm/session.py', 'venv/lib64/python3.10/site-packages/pydantic/_internal/_std_types_schema.py', 'venv/lib64/python3.10/site-packages/~qlalchemy/testing/suite/test_ddl.py', 'venv/lib64/python3.10/site-packages/~qlalchemy/sql/base.py', 'venv/lib64/python3.10/site-packages/sqlalchemy/orm/evaluator.py', 'venv/lib64/python3.10/site-packages/sqlalchemy/sql/traversals.py', 'venv/lib64/python3.10/site-packages/~qlalchemy/connectors/__init__.py', 'venv/lib64/python3.10/site-packages/~qlalchemy/testing/engines.py', 'venv/lib64/python3.10/site-packages/sqlalchemy/testing/suite/test_select.py', 'venv/lib64/python3.10/site-packages/sqlalchemy/inspection.py', 'venv/lib64/python3.10/site-packages/~ateutil/zoneinfo/__init__.py', 'venv/lib64/python3.10/site-packages/sqlalchemy/dialects/postgresql/ext.py', 'venv/lib64/python3.10/site-packages/sqlalchemy/testing/suite/test_insert.py', 'venv/lib64/python3.10/site-packages/~otenv/main.py', 'venv/lib64/python3.10/site-packages/sqlalchemy/orm/mapper.py', 'venv/lib64/python3.10/site-packages/~qlalchemy/ext/mypy/plugin.py', 'venv/lib64/python3.10/site-packages/sqlalchemy/orm/attributes.py', 'venv/lib64/python3.10/site-packages/sqlalchemy/dialects/sqlite/pysqlcipher.py', 'venv/lib64/python3.10/site-packages/sqlalchemy/testing/fixtures/orm.py', 'venv/lib64/python3.10/site-packages/~qlalchemy/orm/identity.py', 'venv/lib64/python3.10/site-packages/~ultipart/decoders.py', 'venv/lib64/python3.10/site-packages/pydantic/_internal/_core_metadata.py', 'venv/lib64/python3.10/site-packages/~qlalchemy/future/engine.py', 'venv/lib64/python3.10/site-packages/multipart/tests/__init__.py', 'venv/lib64/python3.10/site-packages/~qlalchemy/sql/_dml_constructors.py', 'venv/lib64/python3.10/site-packages/sqlalchemy/dialects/mssql/information_schema.py', 'venv/lib64/python3.10/site-packages/sqlalchemy/ext/serializer.py', 'venv/lib64/python3.10/site-packages/sqlalchemy/dialects/postgresql/ranges.py', 'venv/lib64/python3.10/site-packages/multipart/tests/test_multipart.py', 'venv/lib64/python3.10/site-packages/~qlalchemy/testing/suite/test_types.py', 'venv/lib64/python3.10/site-packages/~qlalchemy/sql/events.py', 'venv/lib64/python3.10/site-packages/sqlalchemy/dialects/sqlite/aiosqlite.py', 'venv/lib64/python3.10/site-packages/sqlalchemy/testing/profiling.py', 'venv/lib64/python3.10/site-packages/psycopg2/extensions.py', 'venv/lib64/python3.10/site-packages/~qlalchemy/testing/suite/test_dialect.py', 'venv/lib64/python3.10/site-packages/~qlalchemy/util/_py_collections.py', 'venv/lib64/python3.10/site-packages/~ateutil/easter.py', 'venv/lib64/python3.10/site-packages/sqlalchemy/orm/query.py', 'venv/lib64/python3.10/site-packages/sqlalchemy/util/_collections.py', 'venv/lib64/python3.10/site-packages/sqlalchemy/dialects/postgresql/__init__.py', 'venv/lib64/python3.10/site-packages/~sycopg2/_ipaddress.py', 'venv/lib64/python3.10/site-packages/~qlalchemy/sql/roles.py', 'venv/lib64/python3.10/site-packages/sqlalchemy/orm/events.py', 'venv/lib64/python3.10/site-packages/~qlalchemy/ext/mypy/infer.py', 'venv/lib64/python3.10/site-packages/sqlalchemy/dialects/mysql/mariadbconnector.py', 'venv/lib64/python3.10/site-packages/dateutil/zoneinfo/__init__.py', 'venv/lib64/python3.10/site-packages/~ydantic_core/__init__.py', 'venv/lib64/python3.10/site-packages/sqlalchemy/sql/schema.py', 'venv/lib64/python3.10/site-packages/sqlalchemy/sql/_typing.py', 'venv/lib64/python3.10/site-packages/~qlalchemy/engine/strategies.py', 'venv/lib64/python3.10/site-packages/~qlalchemy/dialects/_typing.py', 'venv/lib64/python3.10/site-packages/sqlalchemy/testing/__init__.py', 'venv/lib64/python3.10/site-packages/~ateutil/__init__.py', 'venv/lib64/python3.10/site-packages/sqlalchemy/sql/type_api.py', 'venv/lib64/python3.10/site-packages/psycopg2/_json.py', 'venv/lib64/python3.10/site-packages/sqlalchemy/orm/session.py', 'venv/lib64/python3.10/site-packages/sqlalchemy/orm/path_registry.py', 'venv/lib64/python3.10/site-packages/~sycopg2/pool.py', 'venv/lib64/python3.10/site-packages/sqlalchemy/testing/fixtures/__init__.py', 'venv/lib64/python3.10/site-packages/sqlalchemy/testing/suite/test_types.py', 'venv/lib64/python3.10/site-packages/~qlalchemy/dialects/postgresql/pg8000.py', 'venv/lib64/python3.10/site-packages/sqlalchemy/sql/base.py', 'venv/lib64/python3.10/site-packages/pydantic/_internal/_discriminated_union.py', 'venv/lib64/python3.10/site-packages/~qlalchemy/sql/naming.py', 'venv/lib64/python3.10/site-packages/sqlalchemy/ext/mypy/infer.py', 'venv/lib64/python3.10/site-packages/sqlalchemy/testing/entities.py', 'venv/lib64/python3.10/site-packages/sqlalchemy/ext/asyncio/engine.py', 'venv/lib64/python3.10/site-packages/sqlalchemy/ext/baked.py', 'venv/lib64/python3.10/site-packages/~qlalchemy/sql/visitors.py', 'venv/lib64/python3.10/site-packages/~qlalchemy/testing/fixtures/orm.py', 'venv/lib64/python3.10/site-packages/psycopg2/tz.py', 'venv/lib64/python3.10/site-packages/~qlalchemy/util/_has_cy.py', 'venv/lib64/python3.10/site-packages/~qlalchemy/dialects/mssql/information_schema.py', 'venv/lib64/python3.10/site-packages/sqlalchemy/future/engine.py', 'venv/lib64/python3.10/site-packages/~qlalchemy/orm/collections.py', 'venv/lib64/python3.10/site-packages/sqlalchemy/dialects/sqlite/dml.py', 'venv/lib64/python3.10/site-packages/pydantic/deprecated/config.py', 'venv/lib64/python3.10/site-packages/~qlalchemy/dialects/sqlite/aiosqlite.py', 'venv/lib64/python3.10/site-packages/~qlalchemy/orm/bulk_persistence.py', 'venv/lib64/python3.10/site-packages/~qlalchemy/dialects/postgresql/operators.py', 'venv/lib64/python3.10/site-packages/sqlalchemy/log.py', 'venv/lib64/python3.10/site-packages/pydantic/plugin/__init__.py', 'venv/lib64/python3.10/site-packages/sqlalchemy/testing/warnings.py', 'venv/lib64/python3.10/site-packages/sqlalchemy/orm/__init__.py', 'venv/lib64/python3.10/site-packages/sqlalchemy/engine/create.py', 'venv/lib64/python3.10/site-packages/sqlalchemy/util/preloaded.py', 'venv/lib64/python3.10/site-packages/~qlalchemy/pool/base.py'. Reloading...
Process SpawnProcess-8:
Traceback (most recent call last):
  File "/usr/lib/python3.10/multiprocessing/process.py", line 314, in _bootstrap
    self.run()
  File "/usr/lib/python3.10/multiprocessing/process.py", line 108, in run
    self._target(*self._args, **self._kwargs)
  File "/home/cyberdude/.local/lib/python3.10/site-packages/uvicorn/_subprocess.py", line 76, in subprocess_started
    target(sockets=sockets)
  File "/home/cyberdude/.local/lib/python3.10/site-packages/uvicorn/server.py", line 61, in run
    return asyncio.run(self.serve(sockets=sockets))
  File "/usr/lib/python3.10/asyncio/runners.py", line 44, in run
    return loop.run_until_complete(main)
  File "uvloop/loop.pyx", line 1518, in uvloop.loop.Loop.run_until_complete
  File "/home/cyberdude/.local/lib/python3.10/site-packages/uvicorn/server.py", line 68, in serve
    config.load()
  File "/home/cyberdude/.local/lib/python3.10/site-packages/uvicorn/config.py", line 467, in load
    self.loaded_app = import_from_string(self.app)
  File "/home/cyberdude/.local/lib/python3.10/site-packages/uvicorn/importer.py", line 24, in import_from_string
    raise exc from None
  File "/home/cyberdude/.local/lib/python3.10/site-packages/uvicorn/importer.py", line 21, in import_from_string
    module = importlib.import_module(module_str)
  File "/usr/lib/python3.10/importlib/__init__.py", line 126, in import_module
    return _bootstrap._gcd_import(name[level:], package, level)
  File "<frozen importlib._bootstrap>", line 1050, in _gcd_import
  File "<frozen importlib._bootstrap>", line 1027, in _find_and_load
  File "<frozen importlib._bootstrap>", line 1006, in _find_and_load_unlocked
  File "<frozen importlib._bootstrap>", line 688, in _load_unlocked
  File "<frozen importlib._bootstrap_external>", line 883, in exec_module
  File "<frozen importlib._bootstrap>", line 241, in _call_with_frames_removed
  File "/home/cyberdude/Documents/Projects/CA-final/backend/app/main.py", line 6, in <module>
    from backend.app.core.startup import run_all_startup_checks
ModuleNotFoundError: No module named 'backend'
WARNING:  WatchFiles detected changes in 'venv/lib64/python3.10/site-packages/~tarlette/schemas.py', 'venv/lib64/python3.10/site-packages/starlette/middleware/base.py', 'venv/lib64/python3.10/site-packages/~astapi/exception_handlers.py', 'venv/lib64/python3.10/site-packages/~tarlette/middleware/httpsredirect.py', 'venv/lib64/python3.10/site-packages/~ydantic/_internal/_signature.py', 'venv/lib64/python3.10/site-packages/~ydantic/v1/env_settings.py', 'venv/lib64/python3.10/site-packages/~ydantic/v1/class_validators.py', 'venv/lib64/python3.10/site-packages/~tarlette/middleware/base.py', 'venv/lib64/python3.10/site-packages/~ydantic/v1/tools.py', 'venv/lib64/python3.10/site-packages/~ydantic/_internal/_import_utils.py', 'venv/lib64/python3.10/site-packages/~tarlette/concurrency.py', 'venv/lib64/python3.10/site-packages/~ydantic/_internal/_generics.py', 'venv/lib64/python3.10/site-packages/~astapi/__init__.py', 'venv/lib64/python3.10/site-packages/~ydantic/deprecated/class_validators.py', 'venv/lib64/python3.10/site-packages/~astapi/encoders.py', 'venv/lib64/python3.10/site-packages/~ydantic/_internal/_repr.py', 'venv/lib64/python3.10/site-packages/fastapi/routing.py', 'venv/lib64/python3.10/site-packages/~ydantic/_internal/_core_metadata.py', 'venv/lib64/python3.10/site-packages/fastapi/security/oauth2.py', 'venv/lib64/python3.10/site-packages/~tarlette/datastructures.py', 'venv/lib64/python3.10/site-packages/~ydantic/_internal/_serializers.py', 'venv/lib64/python3.10/site-packages/~ydantic/v1/json.py', 'venv/lib64/python3.10/site-packages/~tarlette/background.py', 'venv/lib64/python3.10/site-packages/~astapi/middleware/wsgi.py', 'venv/lib64/python3.10/site-packages/~ydantic/color.py', 'venv/lib64/python3.10/site-packages/fastapi/responses.py', 'venv/lib64/python3.10/site-packages/fastapi/websockets.py', 'venv/lib64/python3.10/site-packages/fastapi/middleware/httpsredirect.py', 'venv/lib64/python3.10/site-packages/~tarlette/middleware/__init__.py', 'venv/lib64/python3.10/site-packages/~astapi/security/base.py', 'venv/lib64/python3.10/site-packages/starlette/middleware/errors.py', 'venv/lib64/python3.10/site-packages/~astapi/openapi/constants.py', 'venv/lib64/python3.10/site-packages/~astapi/dependencies/utils.py', 'venv/lib64/python3.10/site-packages/~tarlette/middleware/errors.py', 'venv/lib64/python3.10/site-packages/~astapi/security/open_id_connect_url.py', 'venv/lib64/python3.10/site-packages/~ydantic/typing.py', 'venv/lib64/python3.10/site-packages/~ydantic/v1/_hypothesis_plugin.py', 'venv/lib64/python3.10/site-packages/~ydantic/env_settings.py', 'venv/lib64/python3.10/site-packages/~ydantic/class_validators.py', 'venv/lib64/python3.10/site-packages/~ydantic/type_adapter.py', 'venv/lib64/python3.10/site-packages/~ydantic/tools.py', 'venv/lib64/python3.10/site-packages/starlette/routing.py', 'venv/lib64/python3.10/site-packages/~tarlette/staticfiles.py', 'venv/lib64/python3.10/site-packages/~astapi/routing.py', 'venv/lib64/python3.10/site-packages/~tarlette/authentication.py', 'venv/lib64/python3.10/site-packages/~ydantic/v1/generics.py', 'venv/lib64/python3.10/site-packages/~tarlette/_compat.py', 'venv/lib64/python3.10/site-packages/~tarlette/convertors.py', 'venv/lib64/python3.10/site-packages/~tarlette/middleware/wsgi.py', 'venv/lib64/python3.10/site-packages/~astapi/middleware/cors.py', 'venv/lib64/python3.10/site-packages/~ydantic/warnings.py', 'venv/lib64/python3.10/site-packages/~ydantic/functional_serializers.py', 'venv/lib64/python3.10/site-packages/~ydantic/deprecated/copy_internals.py', 'venv/lib64/python3.10/site-packages/~ydantic/v1/networks.py', 'venv/lib64/python3.10/site-packages/fastapi/logger.py', 'venv/lib64/python3.10/site-packages/~astapi/dependencies/__init__.py', 'venv/lib64/python3.10/site-packages/fastapi/datastructures.py', 'venv/lib64/python3.10/site-packages/~ydantic/_internal/_config.py', 'venv/lib64/python3.10/site-packages/~ydantic/_internal/_std_types_schema.py', 'venv/lib64/python3.10/site-packages/~tarlette/responses.py', 'venv/lib64/python3.10/site-packages/~tarlette/websockets.py', 'venv/lib64/python3.10/site-packages/~ydantic/_internal/_mock_val_ser.py', 'venv/lib64/python3.10/site-packages/~astapi/templating.py', 'venv/lib64/python3.10/site-packages/~ydantic/_internal/_git.py', 'venv/lib64/python3.10/site-packages/fastapi/openapi/models.py', 'venv/lib64/python3.10/site-packages/fastapi/security/http.py', 'venv/lib64/python3.10/site-packages/~ydantic/_internal/_known_annotated_metadata.py', 'venv/lib64/python3.10/site-packages/~tarlette/config.py', 'venv/lib64/python3.10/site-packages/fastapi/types.py', 'venv/lib64/python3.10/site-packages/starlette/schemas.py', 'venv/lib64/python3.10/site-packages/~tarlette/middleware/cors.py', 'venv/lib64/python3.10/site-packages/fastapi/params.py', 'venv/lib64/python3.10/site-packages/~ydantic/v1/typing.py', 'venv/lib64/python3.10/site-packages/~tarlette/_utils.py', 'venv/lib64/python3.10/site-packages/~tarlette/middleware/exceptions.py', 'venv/lib64/python3.10/site-packages/~ydantic/generics.py', 'venv/lib64/python3.10/site-packages/~astapi/param_functions.py', 'venv/lib64/python3.10/site-packages/~astapi/concurrency.py', 'venv/lib64/python3.10/site-packages/fastapi/staticfiles.py', 'venv/lib64/python3.10/site-packages/~astapi/logger.py', 'venv/lib64/python3.10/site-packages/~astapi/datastructures.py', 'venv/lib64/python3.10/site-packages/fastapi/_compat.py', 'venv/lib64/python3.10/site-packages/~ydantic/networks.py', 'venv/lib64/python3.10/site-packages/fastapi/security/base.py', 'venv/lib64/python3.10/site-packages/~astapi/background.py', 'venv/lib64/python3.10/site-packages/fastapi/openapi/constants.py', 'venv/lib64/python3.10/site-packages/fastapi/dependencies/utils.py', 'venv/lib64/python3.10/site-packages/~astapi/middleware/gzip.py', 'venv/lib64/python3.10/site-packages/fastapi/security/open_id_connect_url.py', 'venv/lib64/python3.10/site-packages/~ydantic/experimental/pipeline.py', 'venv/lib64/python3.10/site-packages/fastapi/middleware/cors.py', 'venv/lib64/python3.10/site-packages/~ydantic/validate_call_decorator.py', 'venv/lib64/python3.10/site-packages/~tarlette/requests.py', 'venv/lib64/python3.10/site-packages/~ydantic/experimental/__init__.py', 'venv/lib64/python3.10/site-packages/~astapi/security/utils.py', 'venv/lib64/python3.10/site-packages/starlette/types.py', 'venv/lib64/python3.10/site-packages/~ydantic/_internal/_typing_extra.py', 'venv/lib64/python3.10/site-packages/~ydantic/deprecated/config.py', 'venv/lib64/python3.10/site-packages/~ydantic/_internal/_decorators_v1.py', 'venv/lib64/python3.10/site-packages/~astapi/openapi/docs.py', 'venv/lib64/python3.10/site-packages/~tarlette/types.py', 'venv/lib64/python3.10/site-packages/~ydantic/v1/datetime_parse.py', 'venv/lib64/python3.10/site-packages/~ydantic/_migration.py', 'venv/lib64/python3.10/site-packages/~astapi/params.py', 'venv/lib64/python3.10/site-packages/~ydantic/plugin/__init__.py', 'venv/lib64/python3.10/site-packages/~ydantic/deprecated/parse.py', 'venv/lib64/python3.10/site-packages/~tarlette/status.py', 'venv/lib64/python3.10/site-packages/starlette/staticfiles.py', 'venv/lib64/python3.10/site-packages/~astapi/cli.py', 'venv/lib64/python3.10/site-packages/~astapi/staticfiles.py', 'venv/lib64/python3.10/site-packages/fastapi/dependencies/__init__.py', 'venv/lib64/python3.10/site-packages/starlette/middleware/gzip.py', 'venv/lib64/python3.10/site-packages/~astapi/_compat.py', 'venv/lib64/python3.10/site-packages/starlette/middleware/wsgi.py', 'venv/lib64/python3.10/site-packages/~tarlette/formparsers.py', 'venv/lib64/python3.10/site-packages/~ydantic/v1/decorator.py', 'venv/lib64/python3.10/site-packages/~tarlette/middleware/gzip.py', 'venv/lib64/python3.10/site-packages/fastapi/utils.py', 'venv/lib64/python3.10/site-packages/~astapi/security/__init__.py', 'venv/lib64/python3.10/site-packages/fastapi/middleware/__init__.py', 'venv/lib64/python3.10/site-packages/~ydantic/v1/dataclasses.py', 'venv/lib64/python3.10/site-packages/~astapi/openapi/utils.py', 'venv/lib64/python3.10/site-packages/~ydantic/deprecated/decorator.py', 'venv/lib64/python3.10/site-packages/starlette/responses.py', 'venv/lib64/python3.10/site-packages/~tarlette/middleware/authentication.py', 'venv/lib64/python3.10/site-packages/~astapi/responses.py', 'venv/lib64/python3.10/site-packages/~ydantic/v1/error_wrappers.py', 'venv/lib64/python3.10/site-packages/~ydantic/_internal/_forward_ref.py', 'venv/lib64/python3.10/site-packages/starlette/websockets.py', 'venv/lib64/python3.10/site-packages/~ydantic/_internal/_validators.py', 'venv/lib64/python3.10/site-packages/~astapi/websockets.py', 'venv/lib64/python3.10/site-packages/~ydantic/json_schema.py', 'venv/lib64/python3.10/site-packages/~ydantic/v1/types.py', 'venv/lib64/python3.10/site-packages/~tarlette/middleware/sessions.py', 'venv/lib64/python3.10/site-packages/~ydantic/aliases.py', 'venv/lib64/python3.10/site-packages/~ydantic/_internal/_discriminated_union.py', 'venv/lib64/python3.10/site-packages/~ydantic/v1/errors.py', 'venv/lib64/python3.10/site-packages/~ydantic/deprecated/__init__.py', 'venv/lib64/python3.10/site-packages/fastapi/requests.py', 'venv/lib64/python3.10/site-packages/~ydantic/v1/validators.py', 'venv/lib64/python3.10/site-packages/~astapi/security/api_key.py', 'venv/lib64/python3.10/site-packages/~ydantic/_internal/_docs_extraction.py', 'venv/lib64/python3.10/site-packages/~ydantic/datetime_parse.py', 'venv/lib64/python3.10/site-packages/~ydantic/_internal/_internal_dataclass.py', 'venv/lib64/python3.10/site-packages/~ydantic/functional_validators.py', 'venv/lib64/python3.10/site-packages/~tarlette/applications.py', 'venv/lib64/python3.10/site-packages/fastapi/middleware/gzip.py', 'venv/lib64/python3.10/site-packages/fastapi/__init__.py', 'venv/lib64/python3.10/site-packages/fastapi/encoders.py', 'venv/lib64/python3.10/site-packages/~astapi/dependencies/models.py', 'venv/lib64/python3.10/site-packages/fastapi/middleware/wsgi.py', 'venv/lib64/python3.10/site-packages/starlette/middleware/cors.py', 'venv/lib64/python3.10/site-packages/~ydantic/v1/annotated_types.py', 'venv/lib64/python3.10/site-packages/~astapi/openapi/__init__.py', 'venv/lib64/python3.10/site-packages/~ydantic/alias_generators.py', 'venv/lib64/python3.10/site-packages/~ydantic/v1/mypy.py', 'venv/lib64/python3.10/site-packages/starlette/middleware/exceptions.py', 'venv/lib64/python3.10/site-packages/~astapi/middleware/trustedhost.py', 'venv/lib64/python3.10/site-packages/~ydantic/root_model.py', 'venv/lib64/python3.10/site-packages/~ydantic/decorator.py', 'venv/lib64/python3.10/site-packages/~ydantic/v1/version.py', 'venv/lib64/python3.10/site-packages/~ydantic/_internal/_utils.py', 'venv/lib64/python3.10/site-packages/~tarlette/exceptions.py', 'venv/lib64/python3.10/site-packages/~ydantic/dataclasses.py', 'venv/lib64/python3.10/site-packages/fastapi/security/utils.py', 'venv/lib64/python3.10/site-packages/~ydantic/error_wrappers.py', 'venv/lib64/python3.10/site-packages/fastapi/openapi/docs.py', 'venv/lib64/python3.10/site-packages/~ydantic/_internal/_fields.py', 'venv/lib64/python3.10/site-packages/~tarlette/testclient.py', 'venv/lib64/python3.10/site-packages/~ydantic/annotated_handlers.py', 'venv/lib64/python3.10/site-packages/~ydantic/types.py', 'venv/lib64/python3.10/site-packages/starlette/requests.py', 'venv/lib64/python3.10/site-packages/~astapi/requests.py', 'venv/lib64/python3.10/site-packages/~astapi/__main__.py', 'venv/lib64/python3.10/site-packages/~ydantic/v1/config.py', 'venv/lib64/python3.10/site-packages/~ydantic/errors.py', 'venv/lib64/python3.10/site-packages/~ydantic/v1/schema.py', 'venv/lib64/python3.10/site-packages/~ydantic/validators.py', 'venv/lib64/python3.10/site-packages/starlette/middleware/trustedhost.py', 'venv/lib64/python3.10/site-packages/~ydantic/deprecated/tools.py', 'venv/lib64/python3.10/site-packages/~astapi/types.py', 'venv/lib64/python3.10/site-packages/~ydantic/v1/parse.py', 'venv/lib64/python3.10/site-packages/starlette/status.py', 'venv/lib64/python3.10/site-packages/~tarlette/middleware/trustedhost.py', 'venv/lib64/python3.10/site-packages/~ydantic/v1/fields.py', 'venv/lib64/python3.10/site-packages/~tarlette/__init__.py', 'venv/lib64/python3.10/site-packages/~ydantic/_internal/_schema_generation_shared.py', 'venv/lib64/python3.10/site-packages/fastapi/applications.py', 'venv/lib64/python3.10/site-packages/~ydantic/_internal/__init__.py', 'venv/lib64/python3.10/site-packages/~ydantic/v1/utils.py', 'venv/lib64/python3.10/site-packages/fastapi/security/__init__.py', 'venv/lib64/python3.10/site-packages/~ydantic/mypy.py', 'venv/lib64/python3.10/site-packages/~ydantic/deprecated/json.py', 'venv/lib64/python3.10/site-packages/fastapi/openapi/utils.py', 'venv/lib64/python3.10/site-packages/~ydantic/_internal/_validate_call.py', 'venv/lib64/python3.10/site-packages/starlette/formparsers.py', 'venv/lib64/python3.10/site-packages/~ydantic/version.py', 'venv/lib64/python3.10/site-packages/~ydantic/v1/main.py', 'venv/lib64/python3.10/site-packages/~astapi/security/oauth2.py', 'venv/lib64/python3.10/site-packages/fastapi/templating.py', 'venv/lib64/python3.10/site-packages/~tarlette/endpoints.py', 'venv/lib64/python3.10/site-packages/fastapi/exceptions.py', 'venv/lib64/python3.10/site-packages/~ydantic/_internal/_dataclasses.py', 'venv/lib64/python3.10/site-packages/starlette/middleware/authentication.py', 'venv/lib64/python3.10/site-packages/fastapi/security/api_key.py', 'venv/lib64/python3.10/site-packages/fastapi/middleware/trustedhost.py', 'venv/lib64/python3.10/site-packages/~ydantic/plugin/_schema_validator.py', 'venv/lib64/python3.10/site-packages/starlette/middleware/sessions.py', 'venv/lib64/python3.10/site-packages/~ydantic/_internal/_core_utils.py', 'venv/lib64/python3.10/site-packages/~ydantic/config.py', 'venv/lib64/python3.10/site-packages/fastapi/dependencies/models.py', 'venv/lib64/python3.10/site-packages/fastapi/testclient.py', 'venv/lib64/python3.10/site-packages/~ydantic/v1/__init__.py', 'venv/lib64/python3.10/site-packages/~ydantic/schema.py', 'venv/lib64/python3.10/site-packages/fastapi/openapi/__init__.py', 'venv/lib64/python3.10/site-packages/fastapi/exception_handlers.py', 'venv/lib64/python3.10/site-packages/~tarlette/routing.py', 'venv/lib64/python3.10/site-packages/~ydantic/plugin/_loader.py', 'venv/lib64/python3.10/site-packages/~ydantic/parse.py', 'venv/lib64/python3.10/site-packages/fastapi/param_functions.py', 'venv/lib64/python3.10/site-packages/fastapi/concurrency.py', 'venv/lib64/python3.10/site-packages/~astapi/applications.py', 'venv/lib64/python3.10/site-packages/~ydantic/fields.py', 'venv/lib64/python3.10/site-packages/~ydantic/_internal/_model_construction.py', 'venv/lib64/python3.10/site-packages/~astapi/middleware/httpsredirect.py', 'venv/lib64/python3.10/site-packages/~ydantic/json.py', 'venv/lib64/python3.10/site-packages/~ydantic/utils.py', 'venv/lib64/python3.10/site-packages/starlette/templating.py', 'venv/lib64/python3.10/site-packages/~ydantic/_internal/_decorators.py', 'venv/lib64/python3.10/site-packages/fastapi/background.py', 'venv/lib64/python3.10/site-packages/~ydantic/main.py', 'venv/lib64/python3.10/site-packages/~ydantic/v1/color.py', 'venv/lib64/python3.10/site-packages/~tarlette/templating.py', 'venv/lib64/python3.10/site-packages/~astapi/utils.py', 'venv/lib64/python3.10/site-packages/~astapi/exceptions.py', 'venv/lib64/python3.10/site-packages/~ydantic/_internal/_generate_schema.py', 'venv/lib64/python3.10/site-packages/starlette/testclient.py', 'venv/lib64/python3.10/site-packages/~astapi/testclient.py', 'venv/lib64/python3.10/site-packages/starlette/middleware/httpsredirect.py', 'venv/lib64/python3.10/site-packages/~astapi/middleware/__init__.py', 'venv/lib64/python3.10/site-packages/~astapi/openapi/models.py', 'venv/lib64/python3.10/site-packages/~astapi/security/http.py', 'venv/lib64/python3.10/site-packages/~tarlette/_exception_handler.py', 'venv/lib64/python3.10/site-packages/~ydantic/__init__.py'. Reloading...
Process SpawnProcess-9:
Traceback (most recent call last):
  File "/usr/lib/python3.10/multiprocessing/process.py", line 314, in _bootstrap
    self.run()
  File "/usr/lib/python3.10/multiprocessing/process.py", line 108, in run
    self._target(*self._args, **self._kwargs)
  File "/home/cyberdude/.local/lib/python3.10/site-packages/uvicorn/_subprocess.py", line 76, in subprocess_started
    target(sockets=sockets)
  File "/home/cyberdude/.local/lib/python3.10/site-packages/uvicorn/server.py", line 61, in run
    return asyncio.run(self.serve(sockets=sockets))
  File "/usr/lib/python3.10/asyncio/runners.py", line 44, in run
    return loop.run_until_complete(main)
  File "uvloop/loop.pyx", line 1518, in uvloop.loop.Loop.run_until_complete
  File "/home/cyberdude/.local/lib/python3.10/site-packages/uvicorn/server.py", line 68, in serve
    config.load()
  File "/home/cyberdude/.local/lib/python3.10/site-packages/uvicorn/config.py", line 467, in load
    self.loaded_app = import_from_string(self.app)
  File "/home/cyberdude/.local/lib/python3.10/site-packages/uvicorn/importer.py", line 24, in import_from_string
    raise exc from None
  File "/home/cyberdude/.local/lib/python3.10/site-packages/uvicorn/importer.py", line 21, in import_from_string
    module = importlib.import_module(module_str)
  File "/usr/lib/python3.10/importlib/__init__.py", line 126, in import_module
    return _bootstrap._gcd_import(name[level:], package, level)
  File "<frozen importlib._bootstrap>", line 1050, in _gcd_import
  File "<frozen importlib._bootstrap>", line 1027, in _find_and_load
  File "<frozen importlib._bootstrap>", line 1006, in _find_and_load_unlocked
  File "<frozen importlib._bootstrap>", line 688, in _load_unlocked
  File "<frozen importlib._bootstrap_external>", line 883, in exec_module
  File "<frozen importlib._bootstrap>", line 241, in _call_with_frames_removed
  File "/home/cyberdude/Documents/Projects/CA-final/backend/app/main.py", line 6, in <module>
    from backend.app.core.startup import run_all_startup_checks
ModuleNotFoundError: No module named 'backend'

======================================================================
ðŸ”’ TAX-EASE API V2 - STARTUP VALIDATION
======================================================================

Running startup checks...
----------------------------------------------------------------------
âœ… Required environment variables validated
âœ… JWT_SECRET validated (length: 58 chars)
âœ… Encryption key validated (length: 61 bytes)
âœ… Redis connection validated (localhost:6379)
âŒ FATAL: Database connection failed: (psycopg2.OperationalError) connection to server at "16.52.182.106", port 5432 failed: No route to host
	Is the server running on that host and accepting TCP/IP connections?

(Background on this error at: https://sqlalche.me/e/20/e3q8)
   Check DATABASE_URL or DB_* environment variables
----------------------------------------------------------------------

âŒ Startup validation FAILED
ðŸ›‘ Application will NOT start

Fix the errors above and try again.

======================================================================


======================================================================
ðŸ”’ TAX-EASE API V2 - STARTUP VALIDATION
======================================================================

Running startup checks...
----------------------------------------------------------------------
âœ… Required environment variables validated
âœ… JWT_SECRET validated (length: 58 chars)
âœ… Encryption key validated (length: 61 bytes)
âœ… Redis connection validated (localhost:6379)
âŒ FATAL: Database connection failed: (psycopg2.OperationalError) connection to server at "16.52.182.106", port 5432 failed: No route to host
	Is the server running on that host and accepting TCP/IP connections?

(Background on this error at: https://sqlalche.me/e/20/e3q8)
   Check DATABASE_URL or DB_* environment variables
----------------------------------------------------------------------

âŒ Startup validation FAILED
ðŸ›‘ Application will NOT start

Fix the errors above and try again.

======================================================================

